# JRE version: OpenJDK Runtime Environment Temurin-21.0.12.1+1 (21.0.12.1+1) (build 21.0.12.1+1-LTS)
# Java VM: OpenJDK 64-Bit Server VM Temurin-21.0.12.1+1 (21.0.12.1+1-LTS, mixed mode, sharing, tiered, compressed oops, compressed class ptrs, g1 gc, windows-amd64)
GC Precious Log:
 CardTable entry size: 512
 Card Set container configuration: InlinePtr #cards 5 size 8 Array Of Cards #cards 12 size 40 Howl #buckets 4 coarsen threshold 1843 Howl Bitmap #cards 512 size 80 coarsen threshold 460 Card regions per heap region 1 cards per card region 2048
 CPUs: 8 total, 8 available
 Memory: 7502M
 Large Page Support: Disabled
 NUMA Support: Disabled
 Compressed Oops: Enabled (32-bit)
 Heap Region Size: 1M
 Heap Min Capacity: 256M
 Heap Initial Capacity: 256M
 Heap Max Capacity: 512M
 Pre-touch: Disabled
 Parallel Workers: 8
 Concurrent Workers: 2
 Concurrent Refinement Workers: 8
 Periodic GC: Disabled
Heap:
 garbage-first heap   total 262144K, used 90589K [0x00000000e0000000, 0x0000000100000000)
  region size 1024K, 56 young (57344K), 1 survivors (1024K)
 Metaspace       used 39633K, committed 40896K, reserved 393216K
  class space    used 5753K, committed 6400K, reserved 327680K
GC Heap History (12 events):
Event: 12.408 GC heap before
{Heap before GC invocations=0 (full 0):
 garbage-first heap   total 262144K, used 26624K [0x00000000e0000000, 0x0000000100000000)
  region size 1024K, 23 young (23552K), 0 survivors (0K)
 Metaspace       used 1126K, committed 1216K, reserved 393216K
  class space    used 82K, committed 128K, reserved 327680K
}
Event: 12.457 GC heap after
{Heap after GC invocations=1 (full 0):
 garbage-first heap   total 262144K, used 10410K [0x00000000e0000000, 0x0000000100000000)
  region size 1024K, 3 young (3072K), 3 survivors (3072K)
 Metaspace       used 1126K, committed 1216K, reserved 393216K
  class space    used 82K, committed 128K, reserved 327680K
}
Event: 26.797 GC heap before
{Heap before GC invocations=1 (full 0):
 garbage-first heap   total 262144K, used 40106K [0x00000000e0000000, 0x0000000100000000)
  region size 1024K, 32 young (32768K), 3 survivors (3072K)
 Metaspace       used 4319K, committed 4480K, reserved 393216K
  class space    used 545K, committed 640K, reserved 327680K
}
Event: 26.803 GC heap after
{Heap after GC invocations=2 (full 0):
 garbage-first heap   total 262144K, used 11978K [0x00000000e0000000, 0x0000000100000000)
  region size 1024K, 2 young (2048K), 2 survivors (2048K)
 Metaspace       used 4319K, committed 4480K, reserved 393216K
  class space    used 545K, committed 640K, reserved 327680K
}
Event: 54.244 GC heap before
{Heap before GC invocations=2 (full 0):
 garbage-first heap   total 262144K, used 145098K [0x00000000e0000000, 0x0000000100000000)
  region size 1024K, 131 young (134144K), 2 survivors (2048K)
 Metaspace       used 20841K, committed 21504K, reserved 393216K
  class space    used 3067K, committed 3392K, reserved 327680K
}
Event: 54.294 GC heap after
{Heap after GC invocations=3 (full 0):
 garbage-first heap   total 262144K, used 24803K [0x00000000e0000000, 0x0000000100000000)
  region size 1024K, 14 young (14336K), 14 survivors (14336K)
 Metaspace       used 20841K, committed 21504K, reserved 393216K
  class space    used 3067K, committed 3392K, reserved 327680K
}
Event: 152.375 GC heap before
{Heap before GC invocations=4 (full 0):
 garbage-first heap   total 262144K, used 120035K [0x00000000e0000000, 0x0000000100000000)
  region size 1024K, 108 young (110592K), 14 survivors (14336K)
 Metaspace       used 34767K, committed 35968K, reserved 393216K
  class space    used 5169K, committed 5760K, reserved 327680K
}
Event: 152.664 GC heap after
{Heap after GC invocations=5 (full 0):
 garbage-first heap   total 262144K, used 31408K [0x00000000e0000000, 0x0000000100000000)
  region size 1024K, 7 young (7168K), 7 survivors (7168K)
 Metaspace       used 34767K, committed 35968K, reserved 393216K
  class space    used 5169K, committed 5760K, reserved 327680K
}
Event: 153.726 GC heap before
{Heap before GC invocations=5 (full 0):
 garbage-first heap   total 262144K, used 32432K [0x00000000e0000000, 0x0000000100000000)
  region size 1024K, 10 young (10240K), 7 survivors (7168K)
 Metaspace       used 35054K, committed 36288K, reserved 393216K
  class space    used 5181K, committed 5760K, reserved 327680K
}
Event: 153.773 GC heap after
{Heap after GC invocations=6 (full 0):
 garbage-first heap   total 262144K, used 32419K [0x00000000e0000000, 0x0000000100000000)
  region size 1024K, 2 young (2048K), 2 survivors (2048K)
 Metaspace       used 35054K, committed 36288K, reserved 393216K
  class space    used 5181K, committed 5760K, reserved 327680K
}
Event: 155.700 GC heap before
{Heap before GC invocations=6 (full 0):
 garbage-first heap   total 262144K, used 32419K [0x00000000e0000000, 0x0000000100000000)
  region size 1024K, 3 young (3072K), 2 survivors (2048K)
 Metaspace       used 35397K, committed 36608K, reserved 393216K
  class space    used 5214K, committed 5824K, reserved 327680K
}
Event: 155.706 GC heap after
{Heap after GC invocations=7 (full 0):
 garbage-first heap   total 262144K, used 31197K [0x00000000e0000000, 0x0000000100000000)
  region size 1024K, 1 young (1024K), 1 survivors (1024K)
 Metaspace       used 35397K, committed 36608K, reserved 393216K
  class space    used 5214K, committed 5824K, reserved 327680K
}

