# JRE version: OpenJDK Runtime Environment Temurin-21.0.12.1+1 (21.0.12.1+1) (build 21.0.12.1+1-LTS)
# Java VM: OpenJDK 64-Bit Server VM Temurin-21.0.12.1+1 (21.0.12.1+1-LTS, mixed mode, sharing, tiered, compressed oops, compressed class ptrs, g1 gc, windows-amd64)
GC Precious Log:
 CardTable entry size: 512
 Card Set container configuration: InlinePtr #cards 4 size 8 Array Of Cards #cards 16 size 48 Howl #buckets 8 coarsen threshold 3686 Howl Bitmap #cards 512 size 80 coarsen threshold 460 Card regions per heap region 1 cards per card region 4096
 CPUs: 8 total, 8 available
 Memory: 7502M
 Large Page Support: Disabled
 NUMA Support: Disabled
 Compressed Oops: Enabled (Zero based)
 Heap Region Size: 2M
 Heap Min Capacity: 8M
 Heap Initial Capacity: 118M
 Heap Max Capacity: 4G
 Pre-touch: Disabled
 Parallel Workers: 8
 Concurrent Workers: 2
 Concurrent Refinement Workers: 8
 Periodic GC: Disabled
Heap:
 garbage-first heap   total 325632K, used 77532K [0x0000000700000000, 0x0000000800000000)
  region size 2048K, 9 young (18432K), 1 survivors (2048K)
 Metaspace       used 66733K, committed 68800K, reserved 1114112K
  class space    used 9603K, committed 10624K, reserved 1048576K
GC Heap History (20 events):
Event: 1216.318 GC heap before
{Heap before GC invocations=43 (full 0):
 garbage-first heap   total 325632K, used 65810K [0x0000000700000000, 0x0000000800000000)
  region size 2048K, 7 young (14336K), 1 survivors (2048K)
 Metaspace       used 58475K, committed 60352K, reserved 1114112K
  class space    used 8430K, committed 9344K, reserved 1048576K
}
Event: 1216.397 GC heap after
{Heap after GC invocations=44 (full 0):
 garbage-first heap   total 325632K, used 54173K [0x0000000700000000, 0x0000000800000000)
  region size 2048K, 1 young (2048K), 1 survivors (2048K)
 Metaspace       used 58475K, committed 60352K, reserved 1114112K
  class space    used 8430K, committed 9344K, reserved 1048576K
}
Event: 1231.044 GC heap before
{Heap before GC invocations=44 (full 0):
 garbage-first heap   total 325632K, used 66461K [0x0000000700000000, 0x0000000800000000)
  region size 2048K, 7 young (14336K), 1 survivors (2048K)
 Metaspace       used 58674K, committed 60608K, reserved 1114112K
  class space    used 8461K, committed 9408K, reserved 1048576K
}
Event: 1231.060 GC heap after
{Heap after GC invocations=45 (full 0):
 garbage-first heap   total 325632K, used 55590K [0x0000000700000000, 0x0000000800000000)
  region size 2048K, 1 young (2048K), 1 survivors (2048K)
 Metaspace       used 58674K, committed 60608K, reserved 1114112K
  class space    used 8461K, committed 9408K, reserved 1048576K
}
Event: 1306.132 GC heap before
{Heap before GC invocations=45 (full 0):
 garbage-first heap   total 325632K, used 71974K [0x0000000700000000, 0x0000000800000000)
  region size 2048K, 7 young (14336K), 1 survivors (2048K)
 Metaspace       used 58897K, committed 60736K, reserved 1114112K
  class space    used 8488K, committed 9408K, reserved 1048576K
}
Event: 1306.210 GC heap after
{Heap after GC invocations=46 (full 0):
 garbage-first heap   total 325632K, used 60295K [0x0000000700000000, 0x0000000800000000)
  region size 2048K, 1 young (2048K), 1 survivors (2048K)
 Metaspace       used 58897K, committed 60736K, reserved 1114112K
  class space    used 8488K, committed 9408K, reserved 1048576K
}
Event: 1365.391 GC heap before
{Heap before GC invocations=46 (full 0):
 garbage-first heap   total 325632K, used 72583K [0x0000000700000000, 0x0000000800000000)
  region size 2048K, 7 young (14336K), 1 survivors (2048K)
 Metaspace       used 59458K, committed 61312K, reserved 1114112K
  class space    used 8557K, committed 9472K, reserved 1048576K
}
Event: 1365.500 GC heap after
{Heap after GC invocations=47 (full 0):
 garbage-first heap   total 325632K, used 60413K [0x0000000700000000, 0x0000000800000000)
  region size 2048K, 1 young (2048K), 1 survivors (2048K)
 Metaspace       used 59458K, committed 61312K, reserved 1114112K
  class space    used 8557K, committed 9472K, reserved 1048576K
}
Event: 1388.585 GC heap before
{Heap before GC invocations=47 (full 0):
 garbage-first heap   total 325632K, used 72701K [0x0000000700000000, 0x0000000800000000)
  region size 2048K, 7 young (14336K), 1 survivors (2048K)
 Metaspace       used 61215K, committed 63168K, reserved 1114112K
  class space    used 8763K, committed 9728K, reserved 1048576K
}
Event: 1388.636 GC heap after
{Heap after GC invocations=48 (full 0):
 garbage-first heap   total 325632K, used 61123K [0x0000000700000000, 0x0000000800000000)
  region size 2048K, 1 young (2048K), 1 survivors (2048K)
 Metaspace       used 61215K, committed 63168K, reserved 1114112K
  class space    used 8763K, committed 9728K, reserved 1048576K
}
Event: 1403.928 GC heap before
{Heap before GC invocations=48 (full 0):
 garbage-first heap   total 325632K, used 73411K [0x0000000700000000, 0x0000000800000000)
  region size 2048K, 7 young (14336K), 1 survivors (2048K)
 Metaspace       used 62075K, committed 63936K, reserved 1114112K
  class space    used 8887K, committed 9792K, reserved 1048576K
}
Event: 1404.951 GC heap after
{Heap after GC invocations=49 (full 0):
 garbage-first heap   total 325632K, used 61529K [0x0000000700000000, 0x0000000800000000)
  region size 2048K, 1 young (2048K), 1 survivors (2048K)
 Metaspace       used 62075K, committed 63936K, reserved 1114112K
  class space    used 8887K, committed 9792K, reserved 1048576K
}
Event: 1417.934 GC heap before
{Heap before GC invocations=49 (full 0):
 garbage-first heap   total 325632K, used 73817K [0x0000000700000000, 0x0000000800000000)
  region size 2048K, 7 young (14336K), 1 survivors (2048K)
 Metaspace       used 62787K, committed 64640K, reserved 1114112K
  class space    used 9011K, committed 9920K, reserved 1048576K
}
Event: 1417.946 GC heap after
{Heap after GC invocations=50 (full 0):
 garbage-first heap   total 325632K, used 61939K [0x0000000700000000, 0x0000000800000000)
  region size 2048K, 1 young (2048K), 1 survivors (2048K)
 Metaspace       used 62787K, committed 64640K, reserved 1114112K
  class space    used 9011K, committed 9920K, reserved 1048576K
}
Event: 1430.724 GC heap before
{Heap before GC invocations=50 (full 0):
 garbage-first heap   total 325632K, used 74227K [0x0000000700000000, 0x0000000800000000)
  region size 2048K, 7 young (14336K), 1 survivors (2048K)
 Metaspace       used 63739K, committed 65664K, reserved 1114112K
  class space    used 9128K, committed 10048K, reserved 1048576K
}
Event: 1430.730 GC heap after
{Heap after GC invocations=51 (full 0):
 garbage-first heap   total 325632K, used 62588K [0x0000000700000000, 0x0000000800000000)
  region size 2048K, 1 young (2048K), 1 survivors (2048K)
 Metaspace       used 63739K, committed 65664K, reserved 1114112K
  class space    used 9128K, committed 10048K, reserved 1048576K
}
Event: 1436.947 GC heap before
{Heap before GC invocations=51 (full 0):
 garbage-first heap   total 325632K, used 74876K [0x0000000700000000, 0x0000000800000000)
  region size 2048K, 7 young (14336K), 1 survivors (2048K)
 Metaspace       used 64446K, committed 66304K, reserved 1114112K
  class space    used 9221K, committed 10112K, reserved 1048576K
}
Event: 1436.953 GC heap after
{Heap after GC invocations=52 (full 0):
 garbage-first heap   total 325632K, used 62794K [0x0000000700000000, 0x0000000800000000)
  region size 2048K, 1 young (2048K), 1 survivors (2048K)
 Metaspace       used 64446K, committed 66304K, reserved 1114112K
  class space    used 9221K, committed 10112K, reserved 1048576K
}
Event: 1439.066 GC heap before
{Heap before GC invocations=52 (full 0):
 garbage-first heap   total 325632K, used 75082K [0x0000000700000000, 0x0000000800000000)
  region size 2048K, 7 young (14336K), 1 survivors (2048K)
 Metaspace       used 65407K, committed 67328K, reserved 1114112K
  class space    used 9370K, committed 10304K, reserved 1048576K
}
Event: 1439.071 GC heap after
{Heap after GC invocations=53 (full 0):
 garbage-first heap   total 325632K, used 63196K [0x0000000700000000, 0x0000000800000000)
  region size 2048K, 1 young (2048K), 1 survivors (2048K)
 Metaspace       used 65407K, committed 67328K, reserved 1114112K
  class space    used 9370K, committed 10304K, reserved 1048576K
}

