# JRE version: OpenJDK Runtime Environment Temurin-21.0.12.1+1 (21.0.12.1+1) (build 21.0.12.1+1-LTS)
# Java VM: OpenJDK 64-Bit Server VM Temurin-21.0.12.1+1 (21.0.12.1+1-LTS, mixed mode, sharing, tiered, compressed oops, compressed class ptrs, g1 gc, windows-amd64)
GC Precious Log:
 CardTable entry size: 512
 Card Set container configuration: InlinePtr #cards 4 size 8 Array Of Cards #cards 16 size 48 Howl #buckets 8 coarsen threshold 3686 Howl Bitmap #cards 512 size 80 coarsen threshold 460 Card regions per heap region 1 cards per card region 4096
 CPUs: 8 total, 8 available
 Memory: 7502M
 Large Page Support: Disabled
 NUMA Support: Disabled
 Compressed Oops: Enabled (Zero based)
 Heap Region Size: 2M
 Heap Min Capacity: 8M
 Heap Initial Capacity: 118M
 Heap Max Capacity: 4G
 Pre-touch: Disabled
 Parallel Workers: 8
 Concurrent Workers: 2
 Concurrent Refinement Workers: 8
 Periodic GC: Disabled
Heap:
 garbage-first heap   total 90112K, used 40026K [0x0000000700000000, 0x0000000800000000)
  region size 2048K, 5 young (10240K), 3 survivors (6144K)
 Metaspace       used 45032K, committed 46720K, reserved 1114112K
  class space    used 6433K, committed 7296K, reserved 1048576K
GC Heap History (20 events):
Event: 104.260 GC heap before
{Heap before GC invocations=3 (full 0):
 garbage-first heap   total 120832K, used 83369K [0x0000000700000000, 0x0000000800000000)
  region size 2048K, 35 young (71680K), 4 survivors (8192K)
 Metaspace       used 17847K, committed 18304K, reserved 1114112K
  class space    used 2529K, committed 2752K, reserved 1048576K
}
Event: 104.338 GC heap after
{Heap after GC invocations=4 (full 0):
 garbage-first heap   total 120832K, used 23254K [0x0000000700000000, 0x0000000800000000)
  region size 2048K, 2 young (4096K), 2 survivors (4096K)
 Metaspace       used 17847K, committed 18304K, reserved 1114112K
  class space    used 2529K, committed 2752K, reserved 1048576K
}
Event: 110.311 GC heap before
{Heap before GC invocations=4 (full 0):
 garbage-first heap   total 120832K, used 47830K [0x0000000700000000, 0x0000000800000000)
  region size 2048K, 15 young (30720K), 2 survivors (4096K)
 Metaspace       used 20860K, committed 21504K, reserved 1114112K
  class space    used 3058K, committed 3392K, reserved 1048576K
}
Event: 110.334 GC heap after
{Heap after GC invocations=5 (full 0):
 garbage-first heap   total 120832K, used 24755K [0x0000000700000000, 0x0000000800000000)
  region size 2048K, 3 young (6144K), 3 survivors (6144K)
 Metaspace       used 20860K, committed 21504K, reserved 1114112K
  class space    used 3058K, committed 3392K, reserved 1048576K
}
Event: 156.559 GC heap before
{Heap before GC invocations=6 (full 0):
 garbage-first heap   total 90112K, used 71859K [0x0000000700000000, 0x0000000800000000)
  region size 2048K, 26 young (53248K), 3 survivors (6144K)
 Metaspace       used 26158K, committed 27072K, reserved 1114112K
  class space    used 3925K, committed 4416K, reserved 1048576K
}
Event: 156.739 GC heap after
{Heap after GC invocations=7 (full 0):
 garbage-first heap   total 90112K, used 27075K [0x0000000700000000, 0x0000000800000000)
  region size 2048K, 3 young (6144K), 3 survivors (6144K)
 Metaspace       used 26158K, committed 27072K, reserved 1114112K
  class space    used 3925K, committed 4416K, reserved 1048576K
}
Event: 292.168 GC heap before
{Heap before GC invocations=7 (full 0):
 garbage-first heap   total 90112K, used 70083K [0x0000000700000000, 0x0000000800000000)
  region size 2048K, 25 young (51200K), 3 survivors (6144K)
 Metaspace       used 31882K, committed 32832K, reserved 1114112K
  class space    used 4623K, committed 5056K, reserved 1048576K
}
Event: 292.289 GC heap after
{Heap after GC invocations=8 (full 0):
 garbage-first heap   total 90112K, used 29639K [0x0000000700000000, 0x0000000800000000)
  region size 2048K, 4 young (8192K), 4 survivors (8192K)
 Metaspace       used 31882K, committed 32832K, reserved 1114112K
  class space    used 4623K, committed 5056K, reserved 1048576K
}
Event: 297.944 GC heap before
{Heap before GC invocations=8 (full 0):
 garbage-first heap   total 90112K, used 74695K [0x0000000700000000, 0x0000000800000000)
  region size 2048K, 25 young (51200K), 4 survivors (8192K)
 Metaspace       used 35230K, committed 36288K, reserved 1114112K
  class space    used 4975K, committed 5504K, reserved 1048576K
}
Event: 297.958 GC heap after
{Heap after GC invocations=9 (full 0):
 garbage-first heap   total 90112K, used 33522K [0x0000000700000000, 0x0000000800000000)
  region size 2048K, 4 young (8192K), 4 survivors (8192K)
 Metaspace       used 35230K, committed 36288K, reserved 1114112K
  class space    used 4975K, committed 5504K, reserved 1048576K
}
Event: 298.287 GC heap before
{Heap before GC invocations=9 (full 0):
 garbage-first heap   total 90112K, used 35570K [0x0000000700000000, 0x0000000800000000)
  region size 2048K, 6 young (12288K), 4 survivors (8192K)
 Metaspace       used 35492K, committed 36480K, reserved 1114112K
  class space    used 5011K, committed 5504K, reserved 1048576K
}
Event: 298.295 GC heap after
{Heap after GC invocations=10 (full 0):
 garbage-first heap   total 90112K, used 33275K [0x0000000700000000, 0x0000000800000000)
  region size 2048K, 2 young (4096K), 2 survivors (4096K)
 Metaspace       used 35492K, committed 36480K, reserved 1114112K
  class space    used 5011K, committed 5504K, reserved 1048576K
}
Event: 525.310 GC heap before
{Heap before GC invocations=11 (full 0):
 garbage-first heap   total 90112K, used 76283K [0x0000000700000000, 0x0000000800000000)
  region size 2048K, 23 young (47104K), 2 survivors (4096K)
 Metaspace       used 36050K, committed 37120K, reserved 1114112K
  class space    used 5101K, committed 5632K, reserved 1048576K
}
Event: 525.493 GC heap after
{Heap after GC invocations=12 (full 0):
 garbage-first heap   total 90112K, used 34035K [0x0000000700000000, 0x0000000800000000)
  region size 2048K, 3 young (6144K), 3 survivors (6144K)
 Metaspace       used 36050K, committed 37120K, reserved 1114112K
  class space    used 5101K, committed 5632K, reserved 1048576K
}
Event: 548.008 GC heap before
{Heap before GC invocations=12 (full 0):
 garbage-first heap   total 90112K, used 74995K [0x0000000700000000, 0x0000000800000000)
  region size 2048K, 24 young (49152K), 3 survivors (6144K)
 Metaspace       used 40757K, committed 42304K, reserved 1114112K
  class space    used 5871K, committed 6656K, reserved 1048576K
}
Event: 548.247 GC heap after
{Heap after GC invocations=13 (full 0):
 garbage-first heap   total 90112K, used 36487K [0x0000000700000000, 0x0000000800000000)
  region size 2048K, 2 young (4096K), 2 survivors (4096K)
 Metaspace       used 40757K, committed 42304K, reserved 1114112K
  class space    used 5871K, committed 6656K, reserved 1048576K
}
Event: 596.433 GC heap before
{Heap before GC invocations=13 (full 0):
 garbage-first heap   total 90112K, used 77447K [0x0000000700000000, 0x0000000800000000)
  region size 2048K, 23 young (47104K), 2 survivors (4096K)
 Metaspace       used 42180K, committed 43648K, reserved 1114112K
  class space    used 5959K, committed 6720K, reserved 1048576K
}
Event: 596.509 GC heap after
{Heap after GC invocations=14 (full 0):
 garbage-first heap   total 90112K, used 36935K [0x0000000700000000, 0x0000000800000000)
  region size 2048K, 2 young (4096K), 2 survivors (4096K)
 Metaspace       used 42180K, committed 43648K, reserved 1114112K
  class space    used 5959K, committed 6720K, reserved 1048576K
}
Event: 782.148 GC heap before
{Heap before GC invocations=14 (full 0):
 garbage-first heap   total 90112K, used 79943K [0x0000000700000000, 0x0000000800000000)
  region size 2048K, 23 young (47104K), 2 survivors (4096K)
 Metaspace       used 44805K, committed 46464K, reserved 1114112K
  class space    used 6394K, committed 7232K, reserved 1048576K
}
Event: 782.228 GC heap after
{Heap after GC invocations=15 (full 0):
 garbage-first heap   total 90112K, used 37978K [0x0000000700000000, 0x0000000800000000)
  region size 2048K, 3 young (6144K), 3 survivors (6144K)
 Metaspace       used 44805K, committed 46464K, reserved 1114112K
  class space    used 6394K, committed 7232K, reserved 1048576K
}

