# JRE version: OpenJDK Runtime Environment Temurin-21.0.12.1+1 (21.0.12.1+1) (build 21.0.12.1+1-LTS)
# Java VM: OpenJDK 64-Bit Server VM Temurin-21.0.12.1+1 (21.0.12.1+1-LTS, mixed mode, sharing, tiered, compressed oops, compressed class ptrs, g1 gc, windows-amd64)
GC Precious Log:
 CardTable entry size: 512
 Card Set container configuration: InlinePtr #cards 4 size 8 Array Of Cards #cards 16 size 48 Howl #buckets 8 coarsen threshold 3686 Howl Bitmap #cards 512 size 80 coarsen threshold 460 Card regions per heap region 1 cards per card region 4096
 CPUs: 8 total, 8 available
 Memory: 7502M
 Large Page Support: Disabled
 NUMA Support: Disabled
 Compressed Oops: Enabled (Zero based)
 Heap Region Size: 2M
 Heap Min Capacity: 8M
 Heap Initial Capacity: 118M
 Heap Max Capacity: 4G
 Pre-touch: Disabled
 Parallel Workers: 8
 Concurrent Workers: 2
 Concurrent Refinement Workers: 8
 Periodic GC: Disabled
Heap:
 garbage-first heap   total 120832K, used 36989K [0x0000000700000000, 0x0000000800000000)
  region size 2048K, 10 young (20480K), 1 survivors (2048K)
 Metaspace       used 15811K, committed 16256K, reserved 1114112K
  class space    used 2159K, committed 2368K, reserved 1048576K
GC Heap History (12 events):
Event: 2.390 GC heap before
{Heap before GC invocations=0 (full 0):
 garbage-first heap   total 120832K, used 22528K [0x0000000700000000, 0x0000000800000000)
  region size 2048K, 11 young (22528K), 0 survivors (0K)
 Metaspace       used 889K, committed 1024K, reserved 1114112K
  class space    used 71K, committed 128K, reserved 1048576K
}
Event: 2.577 GC heap after
{Heap after GC invocations=1 (full 0):
 garbage-first heap   total 120832K, used 1536K [0x0000000700000000, 0x0000000800000000)
  region size 2048K, 1 young (2048K), 1 survivors (2048K)
 Metaspace       used 889K, committed 1024K, reserved 1114112K
  class space    used 71K, committed 128K, reserved 1048576K
}
Event: 7.545 GC heap before
{Heap before GC invocations=1 (full 0):
 garbage-first heap   total 120832K, used 42496K [0x0000000700000000, 0x0000000800000000)
  region size 2048K, 20 young (40960K), 1 survivors (2048K)
 Metaspace       used 4408K, committed 4608K, reserved 1114112K
  class space    used 556K, committed 640K, reserved 1048576K
}
Event: 7.555 GC heap after
{Heap after GC invocations=2 (full 0):
 garbage-first heap   total 120832K, used 11748K [0x0000000700000000, 0x0000000800000000)
  region size 2048K, 3 young (6144K), 3 survivors (6144K)
 Metaspace       used 4408K, committed 4608K, reserved 1114112K
  class space    used 556K, committed 640K, reserved 1048576K
}
Event: 14.791 GC heap before
{Heap before GC invocations=2 (full 0):
 garbage-first heap   total 120832K, used 73188K [0x0000000700000000, 0x0000000800000000)
  region size 2048K, 34 young (69632K), 3 survivors (6144K)
 Metaspace       used 8556K, committed 8896K, reserved 1114112K
  class space    used 1176K, committed 1344K, reserved 1048576K
}
Event: 14.803 GC heap after
{Heap after GC invocations=3 (full 0):
 garbage-first heap   total 120832K, used 19596K [0x0000000700000000, 0x0000000800000000)
  region size 2048K, 4 young (8192K), 4 survivors (8192K)
 Metaspace       used 8556K, committed 8896K, reserved 1114112K
  class space    used 1176K, committed 1344K, reserved 1048576K
}
Event: 171.917 GC heap before
{Heap before GC invocations=3 (full 0):
 garbage-first heap   total 120832K, used 83084K [0x0000000700000000, 0x0000000800000000)
  region size 2048K, 35 young (71680K), 4 survivors (8192K)
 Metaspace       used 15456K, committed 15872K, reserved 1114112K
  class space    used 2120K, committed 2304K, reserved 1048576K
}
Event: 172.269 GC heap after
{Heap after GC invocations=4 (full 0):
 garbage-first heap   total 120832K, used 22328K [0x0000000700000000, 0x0000000800000000)
  region size 2048K, 2 young (4096K), 2 survivors (4096K)
 Metaspace       used 15456K, committed 15872K, reserved 1114112K
  class space    used 2120K, committed 2304K, reserved 1048576K
}
Event: 395.171 GC heap before
{Heap before GC invocations=4 (full 0):
 garbage-first heap   total 120832K, used 57144K [0x0000000700000000, 0x0000000800000000)
  region size 2048K, 19 young (38912K), 2 survivors (4096K)
 Metaspace       used 15553K, committed 15936K, reserved 1114112K
  class space    used 2121K, committed 2304K, reserved 1048576K
}
Event: 395.989 GC heap after
{Heap after GC invocations=5 (full 0):
 garbage-first heap   total 120832K, used 22297K [0x0000000700000000, 0x0000000800000000)
  region size 2048K, 2 young (4096K), 2 survivors (4096K)
 Metaspace       used 15553K, committed 15936K, reserved 1114112K
  class space    used 2121K, committed 2304K, reserved 1048576K
}
Event: 404.711 GC heap before
{Heap before GC invocations=5 (full 0):
 garbage-first heap   total 120832K, used 24345K [0x0000000700000000, 0x0000000800000000)
  region size 2048K, 3 young (6144K), 2 survivors (4096K)
 Metaspace       used 15554K, committed 15936K, reserved 1114112K
  class space    used 2121K, committed 2304K, reserved 1048576K
}
Event: 404.717 GC heap after
{Heap after GC invocations=6 (full 0):
 garbage-first heap   total 120832K, used 22653K [0x0000000700000000, 0x0000000800000000)
  region size 2048K, 1 young (2048K), 1 survivors (2048K)
 Metaspace       used 15554K, committed 15936K, reserved 1114112K
  class space    used 2121K, committed 2304K, reserved 1048576K
}

