# JRE version: OpenJDK Runtime Environment Temurin-21.0.12.1+1 (21.0.12.1+1) (build 21.0.12.1+1-LTS)
# Java VM: OpenJDK 64-Bit Server VM Temurin-21.0.12.1+1 (21.0.12.1+1-LTS, mixed mode, sharing, tiered, compressed oops, compressed class ptrs, g1 gc, windows-amd64)
GC Precious Log:
 CardTable entry size: 512
 Card Set container configuration: InlinePtr #cards 4 size 8 Array Of Cards #cards 16 size 48 Howl #buckets 8 coarsen threshold 3686 Howl Bitmap #cards 512 size 80 coarsen threshold 460 Card regions per heap region 1 cards per card region 4096
 CPUs: 8 total, 8 available
 Memory: 7502M
 Large Page Support: Disabled
 NUMA Support: Disabled
 Compressed Oops: Enabled (Zero based)
 Heap Region Size: 2M
 Heap Min Capacity: 8M
 Heap Initial Capacity: 118M
 Heap Max Capacity: 4G
 Pre-touch: Disabled
 Parallel Workers: 8
 Concurrent Workers: 2
 Concurrent Refinement Workers: 8
 Periodic GC: Disabled
Heap:
 garbage-first heap   total 110592K, used 38865K [0x00000004d5400000, 0x00000005d5400000)
  region size 2048K, 1 young (2048K), 1 survivors (2048K)
 Metaspace       used 48062K, committed 49728K, reserved 1114112K
  class space    used 6925K, committed 7744K, reserved 1048576K
GC Heap History (20 events):
Event: 651.373 GC heap after
{Heap after GC invocations=14 (full 0):
 garbage-first heap   total 90112K, used 36440K [0x00000004d5400000, 0x00000005d5400000)
  region size 2048K, 2 young (4096K), 2 survivors (4096K)
 Metaspace       used 40872K, committed 42304K, reserved 1114112K
  class space    used 5891K, committed 6592K, reserved 1048576K
}
Event: 651.766 GC heap before
{Heap before GC invocations=14 (full 0):
 garbage-first heap   total 90112K, used 36440K [0x00000004d5400000, 0x00000005d5400000)
  region size 2048K, 3 young (6144K), 2 survivors (4096K)
 Metaspace       used 41048K, committed 42496K, reserved 1114112K
  class space    used 5900K, committed 6592K, reserved 1048576K
}
Event: 651.804 GC heap after
{Heap after GC invocations=15 (full 0):
 garbage-first heap   total 110592K, used 36878K [0x00000004d5400000, 0x00000005d5400000)
  region size 2048K, 1 young (2048K), 1 survivors (2048K)
 Metaspace       used 41048K, committed 42496K, reserved 1114112K
  class space    used 5900K, committed 6592K, reserved 1048576K
}
Event: 652.818 GC heap before
{Heap before GC invocations=15 (full 0):
 garbage-first heap   total 110592K, used 49166K [0x00000004d5400000, 0x00000005d5400000)
  region size 2048K, 8 young (16384K), 1 survivors (2048K)
 Metaspace       used 42068K, committed 43520K, reserved 1114112K
  class space    used 5949K, committed 6656K, reserved 1048576K
}
Event: 652.820 GC heap after
{Heap after GC invocations=16 (full 0):
 garbage-first heap   total 110592K, used 36497K [0x00000004d5400000, 0x00000005d5400000)
  region size 2048K, 1 young (2048K), 1 survivors (2048K)
 Metaspace       used 42068K, committed 43520K, reserved 1114112K
  class space    used 5949K, committed 6656K, reserved 1048576K
}
Event: 665.376 GC heap before
{Heap before GC invocations=16 (full 0):
 garbage-first heap   total 110592K, used 67217K [0x00000004d5400000, 0x00000005d5400000)
  region size 2048K, 16 young (32768K), 1 survivors (2048K)
 Metaspace       used 43352K, committed 44928K, reserved 1114112K
  class space    used 6163K, committed 6912K, reserved 1048576K
}
Event: 665.379 GC heap after
{Heap after GC invocations=17 (full 0):
 garbage-first heap   total 110592K, used 37209K [0x00000004d5400000, 0x00000005d5400000)
  region size 2048K, 1 young (2048K), 1 survivors (2048K)
 Metaspace       used 43352K, committed 44928K, reserved 1114112K
  class space    used 6163K, committed 6912K, reserved 1048576K
}
Event: 696.625 GC heap before
{Heap before GC invocations=17 (full 0):
 garbage-first heap   total 110592K, used 82265K [0x00000004d5400000, 0x00000005d5400000)
  region size 2048K, 23 young (47104K), 1 survivors (2048K)
 Metaspace       used 47897K, committed 49600K, reserved 1114112K
  class space    used 6899K, committed 7744K, reserved 1048576K
}
Event: 698.698 GC heap after
{Heap after GC invocations=18 (full 0):
 garbage-first heap   total 110592K, used 38743K [0x00000004d5400000, 0x00000005d5400000)
  region size 2048K, 2 young (4096K), 2 survivors (4096K)
 Metaspace       used 47897K, committed 49600K, reserved 1114112K
  class space    used 6899K, committed 7744K, reserved 1048576K
}
Event: 704.673 GC heap before
{Heap before GC invocations=18 (full 0):
 garbage-first heap   total 110592K, used 40791K [0x00000004d5400000, 0x00000005d5400000)
  region size 2048K, 3 young (6144K), 2 survivors (4096K)
 Metaspace       used 47897K, committed 49600K, reserved 1114112K
  class space    used 6899K, committed 7744K, reserved 1048576K
}
Event: 705.139 GC heap after
{Heap after GC invocations=19 (full 0):
 garbage-first heap   total 110592K, used 39251K [0x00000004d5400000, 0x00000005d5400000)
  region size 2048K, 1 young (2048K), 1 survivors (2048K)
 Metaspace       used 47897K, committed 49600K, reserved 1114112K
  class space    used 6899K, committed 7744K, reserved 1048576K
}
Event: 721.670 GC heap before
{Heap before GC invocations=19 (full 0):
 garbage-first heap   total 110592K, used 41299K [0x00000004d5400000, 0x00000005d5400000)
  region size 2048K, 2 young (4096K), 1 survivors (2048K)
 Metaspace       used 47897K, committed 49600K, reserved 1114112K
  class space    used 6899K, committed 7744K, reserved 1048576K
}
Event: 721.674 GC heap after
{Heap after GC invocations=20 (full 0):
 garbage-first heap   total 110592K, used 38858K [0x00000004d5400000, 0x00000005d5400000)
  region size 2048K, 1 young (2048K), 1 survivors (2048K)
 Metaspace       used 47897K, committed 49600K, reserved 1114112K
  class space    used 6899K, committed 7744K, reserved 1048576K
}
Event: 774.419 GC heap before
{Heap before GC invocations=20 (full 0):
 garbage-first heap   total 110592K, used 47050K [0x00000004d5400000, 0x00000005d5400000)
  region size 2048K, 5 young (10240K), 1 survivors (2048K)
 Metaspace       used 47900K, committed 49600K, reserved 1114112K
  class space    used 6899K, committed 7744K, reserved 1048576K
}
Event: 774.507 GC heap after
{Heap after GC invocations=21 (full 0):
 garbage-first heap   total 110592K, used 38948K [0x00000004d5400000, 0x00000005d5400000)
  region size 2048K, 1 young (2048K), 1 survivors (2048K)
 Metaspace       used 47900K, committed 49600K, reserved 1114112K
  class space    used 6899K, committed 7744K, reserved 1048576K
}
Event: 884.500 GC heap before
{Heap before GC invocations=21 (full 0):
 garbage-first heap   total 110592K, used 53284K [0x00000004d5400000, 0x00000005d5400000)
  region size 2048K, 9 young (18432K), 1 survivors (2048K)
 Metaspace       used 47951K, committed 49600K, reserved 1114112K
  class space    used 6907K, committed 7744K, reserved 1048576K
}
Event: 884.574 GC heap after
{Heap after GC invocations=22 (full 0):
 garbage-first heap   total 110592K, used 39075K [0x00000004d5400000, 0x00000005d5400000)
  region size 2048K, 1 young (2048K), 1 survivors (2048K)
 Metaspace       used 47951K, committed 49600K, reserved 1114112K
  class space    used 6907K, committed 7744K, reserved 1048576K
}
Event: 1075.049 GC heap before
{Heap before GC invocations=22 (full 0):
 garbage-first heap   total 110592K, used 63651K [0x00000004d5400000, 0x00000005d5400000)
  region size 2048K, 14 young (28672K), 1 survivors (2048K)
 Metaspace       used 48058K, committed 49728K, reserved 1114112K
  class space    used 6925K, committed 7744K, reserved 1048576K
}
Event: 1080.834 GC heap after
{Heap after GC invocations=23 (full 0):
 garbage-first heap   total 110592K, used 38977K [0x00000004d5400000, 0x00000005d5400000)
  region size 2048K, 1 young (2048K), 1 survivors (2048K)
 Metaspace       used 48058K, committed 49728K, reserved 1114112K
  class space    used 6925K, committed 7744K, reserved 1048576K
}
Event: 1087.503 GC heap before
{Heap before GC invocations=23 (full 0):
 garbage-first heap   total 110592K, used 41025K [0x00000004d5400000, 0x00000005d5400000)
  region size 2048K, 2 young (4096K), 1 survivors (2048K)
 Metaspace       used 48062K, committed 49728K, reserved 1114112K
  class space    used 6925K, committed 7744K, reserved 1048576K
}

