# JRE version: OpenJDK Runtime Environment Temurin-21.0.12.1+1 (21.0.12.1+1) (build 21.0.12.1+1-LTS)
# Java VM: OpenJDK 64-Bit Server VM Temurin-21.0.12.1+1 (21.0.12.1+1-LTS, mixed mode, sharing, tiered, compressed oops, compressed class ptrs, g1 gc, windows-amd64)
GC Precious Log:
 CardTable entry size: 512
 Card Set container configuration: InlinePtr #cards 4 size 8 Array Of Cards #cards 16 size 48 Howl #buckets 8 coarsen threshold 3686 Howl Bitmap #cards 512 size 80 coarsen threshold 460 Card regions per heap region 1 cards per card region 4096
 CPUs: 8 total, 8 available
 Memory: 7502M
 Large Page Support: Disabled
 NUMA Support: Disabled
 Compressed Oops: Enabled (Zero based)
 Heap Region Size: 2M
 Heap Min Capacity: 8M
 Heap Initial Capacity: 118M
 Heap Max Capacity: 4G
 Pre-touch: Disabled
 Parallel Workers: 8
 Concurrent Workers: 2
 Concurrent Refinement Workers: 8
 Periodic GC: Disabled
Heap:
 garbage-first heap   total 116736K, used 48614K [0x0000000700000000, 0x0000000800000000)
  region size 2048K, 9 young (18432K), 1 survivors (2048K)
 Metaspace       used 38209K, committed 39424K, reserved 1114112K
  class space    used 5439K, committed 6016K, reserved 1048576K
GC Heap History (20 events):
Event: 582.423 GC heap before
{Heap before GC invocations=19 (full 0):
 garbage-first heap   total 174080K, used 36245K [0x0000000700000000, 0x0000000800000000)
  region size 2048K, 4 young (8192K), 1 survivors (2048K)
 Metaspace       used 32923K, committed 33856K, reserved 1114112K
  class space    used 4712K, committed 5120K, reserved 1048576K
}
Event: 582.427 GC heap after
{Heap after GC invocations=20 (full 0):
 garbage-first heap   total 174080K, used 30527K [0x0000000700000000, 0x0000000800000000)
  region size 2048K, 1 young (2048K), 1 survivors (2048K)
 Metaspace       used 32923K, committed 33856K, reserved 1114112K
  class space    used 4712K, committed 5120K, reserved 1048576K
}
Event: 582.527 GC heap before
{Heap before GC invocations=20 (full 0):
 garbage-first heap   total 174080K, used 36671K [0x0000000700000000, 0x0000000800000000)
  region size 2048K, 4 young (8192K), 1 survivors (2048K)
 Metaspace       used 32963K, committed 33856K, reserved 1114112K
  class space    used 4712K, committed 5120K, reserved 1048576K
}
Event: 582.533 GC heap after
{Heap after GC invocations=21 (full 0):
 garbage-first heap   total 174080K, used 30675K [0x0000000700000000, 0x0000000800000000)
  region size 2048K, 1 young (2048K), 1 survivors (2048K)
 Metaspace       used 32963K, committed 33856K, reserved 1114112K
  class space    used 4712K, committed 5120K, reserved 1048576K
}
Event: 582.677 GC heap before
{Heap before GC invocations=21 (full 0):
 garbage-first heap   total 174080K, used 36819K [0x0000000700000000, 0x0000000800000000)
  region size 2048K, 4 young (8192K), 1 survivors (2048K)
 Metaspace       used 32963K, committed 33856K, reserved 1114112K
  class space    used 4712K, committed 5120K, reserved 1048576K
}
Event: 582.684 GC heap after
{Heap after GC invocations=22 (full 0):
 garbage-first heap   total 221184K, used 31397K [0x0000000700000000, 0x0000000800000000)
  region size 2048K, 1 young (2048K), 1 survivors (2048K)
 Metaspace       used 32963K, committed 33856K, reserved 1114112K
  class space    used 4712K, committed 5120K, reserved 1048576K
}
Event: 583.236 GC heap before
{Heap before GC invocations=22 (full 0):
 garbage-first heap   total 221184K, used 39589K [0x0000000700000000, 0x0000000800000000)
  region size 2048K, 5 young (10240K), 1 survivors (2048K)
 Metaspace       used 33119K, committed 34048K, reserved 1114112K
  class space    used 4726K, committed 5184K, reserved 1048576K
}
Event: 583.241 GC heap after
{Heap after GC invocations=23 (full 0):
 garbage-first heap   total 221184K, used 31674K [0x0000000700000000, 0x0000000800000000)
  region size 2048K, 1 young (2048K), 1 survivors (2048K)
 Metaspace       used 33119K, committed 34048K, reserved 1114112K
  class space    used 4726K, committed 5184K, reserved 1048576K
}
Event: 585.321 GC heap before
{Heap before GC invocations=23 (full 0):
 garbage-first heap   total 221184K, used 41914K [0x0000000700000000, 0x0000000800000000)
  region size 2048K, 5 young (10240K), 1 survivors (2048K)
 Metaspace       used 34470K, committed 35520K, reserved 1114112K
  class space    used 4851K, committed 5376K, reserved 1048576K
}
Event: 585.325 GC heap after
{Heap after GC invocations=24 (full 0):
 garbage-first heap   total 221184K, used 32306K [0x0000000700000000, 0x0000000800000000)
  region size 2048K, 1 young (2048K), 1 survivors (2048K)
 Metaspace       used 34470K, committed 35520K, reserved 1114112K
  class space    used 4851K, committed 5376K, reserved 1048576K
}
Event: 585.884 GC heap before
{Heap before GC invocations=24 (full 0):
 garbage-first heap   total 221184K, used 40498K [0x0000000700000000, 0x0000000800000000)
  region size 2048K, 5 young (10240K), 1 survivors (2048K)
 Metaspace       used 35476K, committed 36480K, reserved 1114112K
  class space    used 5001K, committed 5504K, reserved 1048576K
}
Event: 585.891 GC heap after
{Heap after GC invocations=25 (full 0):
 garbage-first heap   total 221184K, used 33159K [0x0000000700000000, 0x0000000800000000)
  region size 2048K, 1 young (2048K), 1 survivors (2048K)
 Metaspace       used 35476K, committed 36480K, reserved 1114112K
  class space    used 5001K, committed 5504K, reserved 1048576K
}
Event: 622.222 GC heap before
{Heap before GC invocations=25 (full 0):
 garbage-first heap   total 221184K, used 41351K [0x0000000700000000, 0x0000000800000000)
  region size 2048K, 5 young (10240K), 1 survivors (2048K)
 Metaspace       used 35761K, committed 36864K, reserved 1114112K
  class space    used 5053K, committed 5568K, reserved 1048576K
}
Event: 622.262 GC heap after
{Heap after GC invocations=26 (full 0):
 garbage-first heap   total 221184K, used 33376K [0x0000000700000000, 0x0000000800000000)
  region size 2048K, 1 young (2048K), 1 survivors (2048K)
 Metaspace       used 35761K, committed 36864K, reserved 1114112K
  class space    used 5053K, committed 5568K, reserved 1048576K
}
Event: 762.223 GC heap before
{Heap before GC invocations=26 (full 0):
 garbage-first heap   total 221184K, used 53856K [0x0000000700000000, 0x0000000800000000)
  region size 2048K, 12 young (24576K), 1 survivors (2048K)
 Metaspace       used 35772K, committed 36864K, reserved 1114112K
  class space    used 5054K, committed 5568K, reserved 1048576K
}
Event: 762.281 GC heap after
{Heap after GC invocations=27 (full 0):
 garbage-first heap   total 221184K, used 33328K [0x0000000700000000, 0x0000000800000000)
  region size 2048K, 1 young (2048K), 1 survivors (2048K)
 Metaspace       used 35772K, committed 36864K, reserved 1114112K
  class space    used 5054K, committed 5568K, reserved 1048576K
}
Event: 773.558 GC heap before
{Heap before GC invocations=27 (full 0):
 garbage-first heap   total 221184K, used 37424K [0x0000000700000000, 0x0000000800000000)
  region size 2048K, 4 young (8192K), 1 survivors (2048K)
 Metaspace       used 35848K, committed 36928K, reserved 1114112K
  class space    used 5063K, committed 5632K, reserved 1048576K
}
Event: 773.597 GC heap after
{Heap after GC invocations=28 (full 0):
 garbage-first heap   total 221184K, used 33922K [0x0000000700000000, 0x0000000800000000)
  region size 2048K, 1 young (2048K), 1 survivors (2048K)
 Metaspace       used 35848K, committed 36928K, reserved 1114112K
  class space    used 5063K, committed 5632K, reserved 1048576K
}
Event: 775.389 GC heap before
{Heap before GC invocations=29 (full 0):
 garbage-first heap   total 116736K, used 40066K [0x0000000700000000, 0x0000000800000000)
  region size 2048K, 4 young (8192K), 1 survivors (2048K)
 Metaspace       used 36646K, committed 37696K, reserved 1114112K
  class space    used 5170K, committed 5696K, reserved 1048576K
}
Event: 775.396 GC heap after
{Heap after GC invocations=30 (full 0):
 garbage-first heap   total 116736K, used 34278K [0x0000000700000000, 0x0000000800000000)
  region size 2048K, 1 young (2048K), 1 survivors (2048K)
 Metaspace       used 36646K, committed 37696K, reserved 1114112K
  class space    used 5170K, committed 5696K, reserved 1048576K
}

