# JRE version: OpenJDK Runtime Environment Temurin-21.0.12.1+1 (21.0.12.1+1) (build 21.0.12.1+1-LTS)
# Java VM: OpenJDK 64-Bit Server VM Temurin-21.0.12.1+1 (21.0.12.1+1-LTS, mixed mode, sharing, tiered, compressed oops, compressed class ptrs, g1 gc, windows-amd64)
GC Precious Log:
 CardTable entry size: 512
 Card Set container configuration: InlinePtr #cards 4 size 8 Array Of Cards #cards 16 size 48 Howl #buckets 8 coarsen threshold 3686 Howl Bitmap #cards 512 size 80 coarsen threshold 460 Card regions per heap region 1 cards per card region 4096
 CPUs: 8 total, 8 available
 Memory: 7502M
 Large Page Support: Disabled
 NUMA Support: Disabled
 Compressed Oops: Enabled (Zero based)
 Heap Region Size: 2M
 Heap Min Capacity: 8M
 Heap Initial Capacity: 118M
 Heap Max Capacity: 4G
 Pre-touch: Disabled
 Parallel Workers: 8
 Concurrent Workers: 2
 Concurrent Refinement Workers: 8
 Periodic GC: Disabled
Heap:
 garbage-first heap   total 90112K, used 55944K [0x0000000700000000, 0x0000000800000000)
  region size 2048K, 18 young (36864K), 3 survivors (6144K)
 Metaspace       used 26621K, committed 27520K, reserved 1114112K
  class space    used 3979K, committed 4416K, reserved 1048576K
GC Heap History (12 events):
Event: 10.551 GC heap before
{Heap before GC invocations=0 (full 0):
 garbage-first heap   total 120832K, used 22528K [0x0000000700000000, 0x0000000800000000)
  region size 2048K, 11 young (22528K), 0 survivors (0K)
 Metaspace       used 890K, committed 1024K, reserved 1114112K
  class space    used 71K, committed 128K, reserved 1048576K
}
Event: 10.562 GC heap after
{Heap after GC invocations=1 (full 0):
 garbage-first heap   total 120832K, used 1536K [0x0000000700000000, 0x0000000800000000)
  region size 2048K, 1 young (2048K), 1 survivors (2048K)
 Metaspace       used 890K, committed 1024K, reserved 1114112K
  class space    used 71K, committed 128K, reserved 1048576K
}
Event: 20.865 GC heap before
{Heap before GC invocations=1 (full 0):
 garbage-first heap   total 120832K, used 44544K [0x0000000700000000, 0x0000000800000000)
  region size 2048K, 21 young (43008K), 1 survivors (2048K)
 Metaspace       used 4387K, committed 4544K, reserved 1114112K
  class space    used 556K, committed 640K, reserved 1048576K
}
Event: 20.876 GC heap after
{Heap after GC invocations=2 (full 0):
 garbage-first heap   total 120832K, used 11764K [0x0000000700000000, 0x0000000800000000)
  region size 2048K, 3 young (6144K), 3 survivors (6144K)
 Metaspace       used 4387K, committed 4544K, reserved 1114112K
  class space    used 556K, committed 640K, reserved 1048576K
}
Event: 29.252 GC heap before
{Heap before GC invocations=2 (full 0):
 garbage-first heap   total 120832K, used 75252K [0x0000000700000000, 0x0000000800000000)
  region size 2048K, 35 young (71680K), 3 survivors (6144K)
 Metaspace       used 9361K, committed 9728K, reserved 1114112K
  class space    used 1267K, committed 1472K, reserved 1048576K
}
Event: 29.276 GC heap after
{Heap after GC invocations=3 (full 0):
 garbage-first heap   total 120832K, used 19920K [0x0000000700000000, 0x0000000800000000)
  region size 2048K, 4 young (8192K), 4 survivors (8192K)
 Metaspace       used 9361K, committed 9728K, reserved 1114112K
  class space    used 1267K, committed 1472K, reserved 1048576K
}
Event: 194.868 GC heap before
{Heap before GC invocations=3 (full 0):
 garbage-first heap   total 120832K, used 83408K [0x0000000700000000, 0x0000000800000000)
  region size 2048K, 35 young (71680K), 4 survivors (8192K)
 Metaspace       used 16054K, committed 16576K, reserved 1114112K
  class space    used 2208K, committed 2432K, reserved 1048576K
}
Event: 194.985 GC heap after
{Heap after GC invocations=4 (full 0):
 garbage-first heap   total 120832K, used 22905K [0x0000000700000000, 0x0000000800000000)
  region size 2048K, 2 young (4096K), 2 survivors (4096K)
 Metaspace       used 16054K, committed 16576K, reserved 1114112K
  class space    used 2208K, committed 2432K, reserved 1048576K
}
Event: 201.117 GC heap before
{Heap before GC invocations=4 (full 0):
 garbage-first heap   total 120832K, used 59769K [0x0000000700000000, 0x0000000800000000)
  region size 2048K, 21 young (43008K), 2 survivors (4096K)
 Metaspace       used 20825K, committed 21504K, reserved 1114112K
  class space    used 3034K, committed 3392K, reserved 1048576K
}
Event: 201.147 GC heap after
{Heap after GC invocations=5 (full 0):
 garbage-first heap   total 120832K, used 25142K [0x0000000700000000, 0x0000000800000000)
  region size 2048K, 3 young (6144K), 3 survivors (6144K)
 Metaspace       used 20825K, committed 21504K, reserved 1114112K
  class space    used 3034K, committed 3392K, reserved 1048576K
}
Event: 269.380 GC heap before
{Heap before GC invocations=6 (full 0):
 garbage-first heap   total 90112K, used 70198K [0x0000000700000000, 0x0000000800000000)
  region size 2048K, 26 young (53248K), 3 survivors (6144K)
 Metaspace       used 25812K, committed 26752K, reserved 1114112K
  class space    used 3849K, committed 4288K, reserved 1048576K
}
Event: 269.586 GC heap after
{Heap after GC invocations=7 (full 0):
 garbage-first heap   total 90112K, used 27272K [0x0000000700000000, 0x0000000800000000)
  region size 2048K, 3 young (6144K), 3 survivors (6144K)
 Metaspace       used 25812K, committed 26752K, reserved 1114112K
  class space    used 3849K, committed 4288K, reserved 1048576K
}

