# JRE version: OpenJDK Runtime Environment Temurin-21.0.12.1+1 (21.0.12.1+1) (build 21.0.12.1+1-LTS)
# Java VM: OpenJDK 64-Bit Server VM Temurin-21.0.12.1+1 (21.0.12.1+1-LTS, mixed mode, sharing, tiered, compressed oops, compressed class ptrs, g1 gc, windows-amd64)
GC Precious Log:
 CardTable entry size: 512
 Card Set container configuration: InlinePtr #cards 4 size 8 Array Of Cards #cards 16 size 48 Howl #buckets 8 coarsen threshold 3686 Howl Bitmap #cards 512 size 80 coarsen threshold 460 Card regions per heap region 1 cards per card region 4096
 CPUs: 8 total, 8 available
 Memory: 7502M
 Large Page Support: Disabled
 NUMA Support: Disabled
 Compressed Oops: Enabled (Zero based)
 Heap Region Size: 2M
 Heap Min Capacity: 8M
 Heap Initial Capacity: 118M
 Heap Max Capacity: 4G
 Pre-touch: Disabled
 Parallel Workers: 8
 Concurrent Workers: 2
 Concurrent Refinement Workers: 8
 Periodic GC: Disabled
Heap:
 garbage-first heap   total 108544K, used 52625K [0x0000000700000000, 0x0000000800000000)
  region size 2048K, 12 young (24576K), 2 survivors (4096K)
 Metaspace       used 36052K, committed 37120K, reserved 1114112K
  class space    used 5106K, committed 5632K, reserved 1048576K
GC Heap History (20 events):
Event: 688.927 GC heap before
{Heap before GC invocations=13 (full 0):
 garbage-first heap   total 90112K, used 28944K [0x0000000700000000, 0x0000000800000000)
  region size 2048K, 2 young (4096K), 1 survivors (2048K)
 Metaspace       used 27448K, committed 28480K, reserved 1114112K
  class space    used 4119K, committed 4608K, reserved 1048576K
}
Event: 688.931 GC heap after
{Heap after GC invocations=14 (full 0):
 garbage-first heap   total 90112K, used 26981K [0x0000000700000000, 0x0000000800000000)
  region size 2048K, 1 young (2048K), 1 survivors (2048K)
 Metaspace       used 27448K, committed 28480K, reserved 1114112K
  class space    used 4119K, committed 4608K, reserved 1048576K
}
Event: 689.269 GC heap before
{Heap before GC invocations=14 (full 0):
 garbage-first heap   total 90112K, used 29029K [0x0000000700000000, 0x0000000800000000)
  region size 2048K, 2 young (4096K), 1 survivors (2048K)
 Metaspace       used 27676K, committed 28672K, reserved 1114112K
  class space    used 4160K, committed 4608K, reserved 1048576K
}
Event: 689.271 GC heap after
{Heap after GC invocations=15 (full 0):
 garbage-first heap   total 90112K, used 27012K [0x0000000700000000, 0x0000000800000000)
  region size 2048K, 1 young (2048K), 1 survivors (2048K)
 Metaspace       used 27676K, committed 28672K, reserved 1114112K
  class space    used 4160K, committed 4608K, reserved 1048576K
}
Event: 689.761 GC heap before
{Heap before GC invocations=15 (full 0):
 garbage-first heap   total 90112K, used 27012K [0x0000000700000000, 0x0000000800000000)
  region size 2048K, 2 young (4096K), 1 survivors (2048K)
 Metaspace       used 28027K, committed 28992K, reserved 1114112K
  class space    used 4209K, committed 4672K, reserved 1048576K
}
Event: 689.776 GC heap after
{Heap after GC invocations=16 (full 0):
 garbage-first heap   total 90112K, used 27360K [0x0000000700000000, 0x0000000800000000)
  region size 2048K, 1 young (2048K), 1 survivors (2048K)
 Metaspace       used 28027K, committed 28992K, reserved 1114112K
  class space    used 4209K, committed 4672K, reserved 1048576K
}
Event: 690.011 GC heap before
{Heap before GC invocations=16 (full 0):
 garbage-first heap   total 90112K, used 27360K [0x0000000700000000, 0x0000000800000000)
  region size 2048K, 2 young (4096K), 1 survivors (2048K)
 Metaspace       used 28270K, committed 29248K, reserved 1114112K
  class space    used 4256K, committed 4736K, reserved 1048576K
}
Event: 690.013 GC heap after
{Heap after GC invocations=17 (full 0):
 garbage-first heap   total 90112K, used 27644K [0x0000000700000000, 0x0000000800000000)
  region size 2048K, 1 young (2048K), 1 survivors (2048K)
 Metaspace       used 28270K, committed 29248K, reserved 1114112K
  class space    used 4256K, committed 4736K, reserved 1048576K
}
Event: 690.386 GC heap before
{Heap before GC invocations=17 (full 0):
 garbage-first heap   total 90112K, used 29692K [0x0000000700000000, 0x0000000800000000)
  region size 2048K, 2 young (4096K), 1 survivors (2048K)
 Metaspace       used 28589K, committed 29568K, reserved 1114112K
  class space    used 4289K, committed 4736K, reserved 1048576K
}
Event: 690.392 GC heap after
{Heap after GC invocations=18 (full 0):
 garbage-first heap   total 90112K, used 27954K [0x0000000700000000, 0x0000000800000000)
  region size 2048K, 1 young (2048K), 1 survivors (2048K)
 Metaspace       used 28589K, committed 29568K, reserved 1114112K
  class space    used 4289K, committed 4736K, reserved 1048576K
}
Event: 690.483 GC heap before
{Heap before GC invocations=18 (full 0):
 garbage-first heap   total 90112K, used 30002K [0x0000000700000000, 0x0000000800000000)
  region size 2048K, 2 young (4096K), 1 survivors (2048K)
 Metaspace       used 29037K, committed 30016K, reserved 1114112K
  class space    used 4299K, committed 4736K, reserved 1048576K
}
Event: 690.487 GC heap after
{Heap after GC invocations=19 (full 0):
 garbage-first heap   total 90112K, used 28180K [0x0000000700000000, 0x0000000800000000)
  region size 2048K, 1 young (2048K), 1 survivors (2048K)
 Metaspace       used 29037K, committed 30016K, reserved 1114112K
  class space    used 4299K, committed 4736K, reserved 1048576K
}
Event: 692.548 GC heap before
{Heap before GC invocations=19 (full 0):
 garbage-first heap   total 90112K, used 40468K [0x0000000700000000, 0x0000000800000000)
  region size 2048K, 8 young (16384K), 1 survivors (2048K)
 Metaspace       used 32712K, committed 33728K, reserved 1114112K
  class space    used 4704K, committed 5184K, reserved 1048576K
}
Event: 692.557 GC heap after
{Heap after GC invocations=20 (full 0):
 garbage-first heap   total 108544K, used 30199K [0x0000000700000000, 0x0000000800000000)
  region size 2048K, 1 young (2048K), 1 survivors (2048K)
 Metaspace       used 32712K, committed 33728K, reserved 1114112K
  class space    used 4704K, committed 5184K, reserved 1048576K
}
Event: 692.631 GC heap before
{Heap before GC invocations=20 (full 0):
 garbage-first heap   total 108544K, used 32247K [0x0000000700000000, 0x0000000800000000)
  region size 2048K, 2 young (4096K), 1 survivors (2048K)
 Metaspace       used 32812K, committed 33792K, reserved 1114112K
  class space    used 4717K, committed 5184K, reserved 1048576K
}
Event: 692.636 GC heap after
{Heap after GC invocations=21 (full 0):
 garbage-first heap   total 108544K, used 31257K [0x0000000700000000, 0x0000000800000000)
  region size 2048K, 1 young (2048K), 1 survivors (2048K)
 Metaspace       used 32812K, committed 33792K, reserved 1114112K
  class space    used 4717K, committed 5184K, reserved 1048576K
}
Event: 693.762 GC heap before
{Heap before GC invocations=21 (full 0):
 garbage-first heap   total 108544K, used 66073K [0x0000000700000000, 0x0000000800000000)
  region size 2048K, 17 young (34816K), 1 survivors (2048K)
 Metaspace       used 34667K, committed 35712K, reserved 1114112K
  class space    used 4879K, committed 5376K, reserved 1048576K
}
Event: 693.785 GC heap after
{Heap after GC invocations=22 (full 0):
 garbage-first heap   total 108544K, used 34037K [0x0000000700000000, 0x0000000800000000)
  region size 2048K, 2 young (4096K), 2 survivors (4096K)
 Metaspace       used 34667K, committed 35712K, reserved 1114112K
  class space    used 4879K, committed 5376K, reserved 1048576K
}
Event: 694.033 GC heap before
{Heap before GC invocations=22 (full 0):
 garbage-first heap   total 108544K, used 34037K [0x0000000700000000, 0x0000000800000000)
  region size 2048K, 3 young (6144K), 2 survivors (4096K)
 Metaspace       used 34965K, committed 35968K, reserved 1114112K
  class space    used 4930K, committed 5440K, reserved 1048576K
}
Event: 694.046 GC heap after
{Heap after GC invocations=23 (full 0):
 garbage-first heap   total 108544K, used 34193K [0x0000000700000000, 0x0000000800000000)
  region size 2048K, 2 young (4096K), 2 survivors (4096K)
 Metaspace       used 34965K, committed 35968K, reserved 1114112K
  class space    used 4930K, committed 5440K, reserved 1048576K
}

