# JRE version: OpenJDK Runtime Environment Temurin-21.0.12.1+1 (21.0.12.1+1) (build 21.0.12.1+1-LTS)
# Java VM: OpenJDK 64-Bit Server VM Temurin-21.0.12.1+1 (21.0.12.1+1-LTS, mixed mode, sharing, tiered, compressed oops, compressed class ptrs, g1 gc, windows-amd64)
GC Precious Log:
 CardTable entry size: 512
 Card Set container configuration: InlinePtr #cards 4 size 8 Array Of Cards #cards 16 size 48 Howl #buckets 8 coarsen threshold 3686 Howl Bitmap #cards 512 size 80 coarsen threshold 460 Card regions per heap region 1 cards per card region 4096
 CPUs: 8 total, 8 available
 Memory: 7502M
 Large Page Support: Disabled
 NUMA Support: Disabled
 Compressed Oops: Enabled (Zero based)
 Heap Region Size: 2M
 Heap Min Capacity: 8M
 Heap Initial Capacity: 118M
 Heap Max Capacity: 4G
 Pre-touch: Disabled
 Parallel Workers: 8
 Concurrent Workers: 2
 Concurrent Refinement Workers: 8
 Periodic GC: Disabled
Heap:
 garbage-first heap   total 90112K, used 30585K [0x0000000700000000, 0x0000000800000000)
  region size 2048K, 7 young (14336K), 3 survivors (6144K)
 Metaspace       used 21458K, committed 22208K, reserved 1114112K
  class space    used 3144K, committed 3520K, reserved 1048576K
GC Heap History (10 events):
Event: 4.695 GC heap before
{Heap before GC invocations=0 (full 0):
 garbage-first heap   total 120832K, used 22528K [0x0000000700000000, 0x0000000800000000)
  region size 2048K, 11 young (22528K), 0 survivors (0K)
 Metaspace       used 884K, committed 1024K, reserved 1114112K
  class space    used 71K, committed 128K, reserved 1048576K
}
Event: 5.953 GC heap after
{Heap after GC invocations=1 (full 0):
 garbage-first heap   total 120832K, used 1536K [0x0000000700000000, 0x0000000800000000)
  region size 2048K, 1 young (2048K), 1 survivors (2048K)
 Metaspace       used 884K, committed 1024K, reserved 1114112K
  class space    used 71K, committed 128K, reserved 1048576K
}
Event: 11.634 GC heap before
{Heap before GC invocations=1 (full 0):
 garbage-first heap   total 120832K, used 44544K [0x0000000700000000, 0x0000000800000000)
  region size 2048K, 21 young (43008K), 1 survivors (2048K)
 Metaspace       used 4403K, committed 4544K, reserved 1114112K
  class space    used 559K, committed 640K, reserved 1048576K
}
Event: 11.647 GC heap after
{Heap after GC invocations=2 (full 0):
 garbage-first heap   total 120832K, used 11766K [0x0000000700000000, 0x0000000800000000)
  region size 2048K, 3 young (6144K), 3 survivors (6144K)
 Metaspace       used 4403K, committed 4544K, reserved 1114112K
  class space    used 559K, committed 640K, reserved 1048576K
}
Event: 26.853 GC heap before
{Heap before GC invocations=2 (full 0):
 garbage-first heap   total 120832K, used 75254K [0x0000000700000000, 0x0000000800000000)
  region size 2048K, 35 young (71680K), 3 survivors (6144K)
 Metaspace       used 9634K, committed 9984K, reserved 1114112K
  class space    used 1306K, committed 1472K, reserved 1048576K
}
Event: 26.878 GC heap after
{Heap after GC invocations=3 (full 0):
 garbage-first heap   total 120832K, used 19779K [0x0000000700000000, 0x0000000800000000)
  region size 2048K, 4 young (8192K), 4 survivors (8192K)
 Metaspace       used 9634K, committed 9984K, reserved 1114112K
  class space    used 1306K, committed 1472K, reserved 1048576K
}
Event: 346.100 GC heap before
{Heap before GC invocations=3 (full 0):
 garbage-first heap   total 120832K, used 83267K [0x0000000700000000, 0x0000000800000000)
  region size 2048K, 35 young (71680K), 4 survivors (8192K)
 Metaspace       used 15497K, committed 15936K, reserved 1114112K
  class space    used 2113K, committed 2304K, reserved 1048576K
}
Event: 346.388 GC heap after
{Heap after GC invocations=4 (full 0):
 garbage-first heap   total 120832K, used 21992K [0x0000000700000000, 0x0000000800000000)
  region size 2048K, 2 young (4096K), 2 survivors (4096K)
 Metaspace       used 15497K, committed 15936K, reserved 1114112K
  class space    used 2113K, committed 2304K, reserved 1048576K
}
Event: 668.088 GC heap before
{Heap before GC invocations=4 (full 0):
 garbage-first heap   total 120832K, used 87528K [0x0000000700000000, 0x0000000800000000)
  region size 2048K, 35 young (71680K), 2 survivors (4096K)
 Metaspace       used 20821K, committed 21504K, reserved 1114112K
  class space    used 3025K, committed 3392K, reserved 1048576K
}
Event: 668.136 GC heap after
{Heap after GC invocations=5 (full 0):
 garbage-first heap   total 120832K, used 24441K [0x0000000700000000, 0x0000000800000000)
  region size 2048K, 3 young (6144K), 3 survivors (6144K)
 Metaspace       used 20821K, committed 21504K, reserved 1114112K
  class space    used 3025K, committed 3392K, reserved 1048576K
}

