# JRE version: OpenJDK Runtime Environment Temurin-21.0.12.1+1 (21.0.12.1+1) (build 21.0.12.1+1-LTS)
# Java VM: OpenJDK 64-Bit Server VM Temurin-21.0.12.1+1 (21.0.12.1+1-LTS, mixed mode, sharing, tiered, compressed oops, compressed class ptrs, g1 gc, windows-amd64)
GC Precious Log:
 CardTable entry size: 512
 Card Set container configuration: InlinePtr #cards 4 size 8 Array Of Cards #cards 16 size 48 Howl #buckets 8 coarsen threshold 3686 Howl Bitmap #cards 512 size 80 coarsen threshold 460 Card regions per heap region 1 cards per card region 4096
 CPUs: 8 total, 8 available
 Memory: 7502M
 Large Page Support: Disabled
 NUMA Support: Disabled
 Compressed Oops: Enabled (Zero based)
 Heap Region Size: 2M
 Heap Min Capacity: 8M
 Heap Initial Capacity: 118M
 Heap Max Capacity: 4G
 Pre-touch: Disabled
 Parallel Workers: 8
 Concurrent Workers: 2
 Concurrent Refinement Workers: 8
 Periodic GC: Disabled
Heap:
 garbage-first heap   total 90112K, used 51221K [0x0000000700000000, 0x0000000800000000)
  region size 2048K, 8 young (16384K), 1 survivors (2048K)
 Metaspace       used 48516K, committed 50176K, reserved 1114112K
  class space    used 6999K, committed 7808K, reserved 1048576K
GC Heap History (20 events):
Event: 85.946 GC heap before
{Heap before GC invocations=7 (full 0):
 garbage-first heap   total 90112K, used 72164K [0x0000000700000000, 0x0000000800000000)
  region size 2048K, 25 young (51200K), 2 survivors (4096K)
 Metaspace       used 32824K, committed 33792K, reserved 1114112K
  class space    used 4726K, committed 5184K, reserved 1048576K
}
Event: 86.011 GC heap after
{Heap after GC invocations=8 (full 0):
 garbage-first heap   total 90112K, used 32257K [0x0000000700000000, 0x0000000800000000)
  region size 2048K, 4 young (8192K), 4 survivors (8192K)
 Metaspace       used 32824K, committed 33792K, reserved 1114112K
  class space    used 4726K, committed 5184K, reserved 1048576K
}
Event: 88.209 GC heap before
{Heap before GC invocations=8 (full 0):
 garbage-first heap   total 90112K, used 50689K [0x0000000700000000, 0x0000000800000000)
  region size 2048K, 13 young (26624K), 4 survivors (8192K)
 Metaspace       used 35050K, committed 36096K, reserved 1114112K
  class space    used 4970K, committed 5504K, reserved 1048576K
}
Event: 88.218 GC heap after
{Heap after GC invocations=9 (full 0):
 garbage-first heap   total 90112K, used 33776K [0x0000000700000000, 0x0000000800000000)
  region size 2048K, 2 young (4096K), 2 survivors (4096K)
 Metaspace       used 35050K, committed 36096K, reserved 1114112K
  class space    used 4970K, committed 5504K, reserved 1048576K
}
Event: 118.642 GC heap before
{Heap before GC invocations=10 (full 0):
 garbage-first heap   total 90112K, used 72688K [0x0000000700000000, 0x0000000800000000)
  region size 2048K, 21 young (43008K), 2 survivors (4096K)
 Metaspace       used 39008K, committed 40448K, reserved 1114112K
  class space    used 5596K, committed 6272K, reserved 1048576K
}
Event: 118.669 GC heap after
{Heap after GC invocations=11 (full 0):
 garbage-first heap   total 90112K, used 36595K [0x0000000700000000, 0x0000000800000000)
  region size 2048K, 3 young (6144K), 3 survivors (6144K)
 Metaspace       used 39008K, committed 40448K, reserved 1114112K
  class space    used 5596K, committed 6272K, reserved 1048576K
}
Event: 130.197 GC heap before
{Heap before GC invocations=11 (full 0):
 garbage-first heap   total 90112K, used 73459K [0x0000000700000000, 0x0000000800000000)
  region size 2048K, 22 young (45056K), 3 survivors (6144K)
 Metaspace       used 41872K, committed 43328K, reserved 1114112K
  class space    used 5936K, committed 6656K, reserved 1048576K
}
Event: 130.216 GC heap after
{Heap after GC invocations=12 (full 0):
 garbage-first heap   total 90112K, used 36599K [0x0000000700000000, 0x0000000800000000)
  region size 2048K, 2 young (4096K), 2 survivors (4096K)
 Metaspace       used 41872K, committed 43328K, reserved 1114112K
  class space    used 5936K, committed 6656K, reserved 1048576K
}
Event: 462.980 GC heap before
{Heap before GC invocations=12 (full 0):
 garbage-first heap   total 90112K, used 77559K [0x0000000700000000, 0x0000000800000000)
  region size 2048K, 22 young (45056K), 2 survivors (4096K)
 Metaspace       used 42573K, committed 44160K, reserved 1114112K
  class space    used 6025K, committed 6784K, reserved 1048576K
}
Event: 463.061 GC heap after
{Heap after GC invocations=13 (full 0):
 garbage-first heap   total 90112K, used 37132K [0x0000000700000000, 0x0000000800000000)
  region size 2048K, 1 young (2048K), 1 survivors (2048K)
 Metaspace       used 42573K, committed 44160K, reserved 1114112K
  class space    used 6025K, committed 6784K, reserved 1048576K
}
Event: 509.254 GC heap before
{Heap before GC invocations=13 (full 0):
 garbage-first heap   total 90112K, used 78092K [0x0000000700000000, 0x0000000800000000)
  region size 2048K, 21 young (43008K), 1 survivors (2048K)
 Metaspace       used 46892K, committed 48576K, reserved 1114112K
  class space    used 6722K, committed 7552K, reserved 1048576K
}
Event: 509.284 GC heap after
{Heap after GC invocations=14 (full 0):
 garbage-first heap   total 90112K, used 38618K [0x0000000700000000, 0x0000000800000000)
  region size 2048K, 2 young (4096K), 2 survivors (4096K)
 Metaspace       used 46892K, committed 48576K, reserved 1114112K
  class space    used 6722K, committed 7552K, reserved 1048576K
}
Event: 839.596 GC heap before
{Heap before GC invocations=14 (full 0):
 garbage-first heap   total 90112K, used 79578K [0x0000000700000000, 0x0000000800000000)
  region size 2048K, 22 young (45056K), 2 survivors (4096K)
 Metaspace       used 48115K, committed 49792K, reserved 1114112K
  class space    used 6932K, committed 7744K, reserved 1048576K
}
Event: 841.002 GC heap after
{Heap after GC invocations=15 (full 0):
 garbage-first heap   total 90112K, used 39141K [0x0000000700000000, 0x0000000800000000)
  region size 2048K, 2 young (4096K), 2 survivors (4096K)
 Metaspace       used 48115K, committed 49792K, reserved 1114112K
  class space    used 6932K, committed 7744K, reserved 1048576K
}
Event: 858.577 GC heap before
{Heap before GC invocations=15 (full 0):
 garbage-first heap   total 90112K, used 39141K [0x0000000700000000, 0x0000000800000000)
  region size 2048K, 3 young (6144K), 2 survivors (4096K)
 Metaspace       used 48115K, committed 49792K, reserved 1114112K
  class space    used 6932K, committed 7744K, reserved 1048576K
}
Event: 858.601 GC heap after
{Heap after GC invocations=16 (full 0):
 garbage-first heap   total 90112K, used 39056K [0x0000000700000000, 0x0000000800000000)
  region size 2048K, 1 young (2048K), 1 survivors (2048K)
 Metaspace       used 48115K, committed 49792K, reserved 1114112K
  class space    used 6932K, committed 7744K, reserved 1048576K
}
Event: 874.193 GC heap before
{Heap before GC invocations=16 (full 0):
 garbage-first heap   total 90112K, used 39056K [0x0000000700000000, 0x0000000800000000)
  region size 2048K, 2 young (4096K), 1 survivors (2048K)
 Metaspace       used 48119K, committed 49792K, reserved 1114112K
  class space    used 6932K, committed 7744K, reserved 1048576K
}
Event: 874.204 GC heap after
{Heap after GC invocations=17 (full 0):
 garbage-first heap   total 90112K, used 38975K [0x0000000700000000, 0x0000000800000000)
  region size 2048K, 1 young (2048K), 1 survivors (2048K)
 Metaspace       used 48119K, committed 49792K, reserved 1114112K
  class space    used 6932K, committed 7744K, reserved 1048576K
}
Event: 1226.794 GC heap before
{Heap before GC invocations=17 (full 0):
 garbage-first heap   total 90112K, used 69695K [0x0000000700000000, 0x0000000800000000)
  region size 2048K, 17 young (34816K), 1 survivors (2048K)
 Metaspace       used 48158K, committed 49792K, reserved 1114112K
  class space    used 6933K, committed 7744K, reserved 1048576K
}
Event: 1226.952 GC heap after
{Heap after GC invocations=18 (full 0):
 garbage-first heap   total 90112K, used 38933K [0x0000000700000000, 0x0000000800000000)
  region size 2048K, 1 young (2048K), 1 survivors (2048K)
 Metaspace       used 48158K, committed 49792K, reserved 1114112K
  class space    used 6933K, committed 7744K, reserved 1048576K
}

