# JRE version: OpenJDK Runtime Environment Temurin-21.0.12.1+1 (21.0.12.1+1) (build 21.0.12.1+1-LTS)
# Java VM: OpenJDK 64-Bit Server VM Temurin-21.0.12.1+1 (21.0.12.1+1-LTS, mixed mode, sharing, tiered, compressed oops, compressed class ptrs, g1 gc, windows-amd64)
GC Precious Log:
 CardTable entry size: 512
 Card Set container configuration: InlinePtr #cards 4 size 8 Array Of Cards #cards 16 size 48 Howl #buckets 8 coarsen threshold 3686 Howl Bitmap #cards 512 size 80 coarsen threshold 460 Card regions per heap region 1 cards per card region 4096
 CPUs: 8 total, 8 available
 Memory: 7502M
 Large Page Support: Disabled
 NUMA Support: Disabled
 Compressed Oops: Enabled (Zero based)
 Heap Region Size: 2M
 Heap Min Capacity: 8M
 Heap Initial Capacity: 118M
 Heap Max Capacity: 4G
 Pre-touch: Disabled
 Parallel Workers: 8
 Concurrent Workers: 2
 Concurrent Refinement Workers: 8
 Periodic GC: Disabled
Heap:
 garbage-first heap   total 286720K, used 60879K [0x0000000700000000, 0x0000000800000000)
  region size 2048K, 1 young (2048K), 1 survivors (2048K)
 Metaspace       used 59120K, committed 61056K, reserved 1114112K
  class space    used 8527K, committed 9472K, reserved 1048576K
GC Heap History (20 events):
Event: 696.324 GC heap after
{Heap after GC invocations=37 (full 0):
 garbage-first heap   total 143360K, used 48588K [0x0000000700000000, 0x0000000800000000)
  region size 2048K, 1 young (2048K), 1 survivors (2048K)
 Metaspace       used 57602K, committed 59520K, reserved 1114112K
  class space    used 8341K, committed 9280K, reserved 1048576K
}
Event: 696.464 GC heap before
{Heap before GC invocations=37 (full 0):
 garbage-first heap   total 143360K, used 52684K [0x0000000700000000, 0x0000000800000000)
  region size 2048K, 3 young (6144K), 1 survivors (2048K)
 Metaspace       used 57645K, committed 59520K, reserved 1114112K
  class space    used 8341K, committed 9280K, reserved 1048576K
}
Event: 696.473 GC heap after
{Heap after GC invocations=38 (full 0):
 garbage-first heap   total 286720K, used 49993K [0x0000000700000000, 0x0000000800000000)
  region size 2048K, 1 young (2048K), 1 survivors (2048K)
 Metaspace       used 57645K, committed 59520K, reserved 1114112K
  class space    used 8341K, committed 9280K, reserved 1048576K
}
Event: 698.134 GC heap before
{Heap before GC invocations=38 (full 0):
 garbage-first heap   total 286720K, used 60233K [0x0000000700000000, 0x0000000800000000)
  region size 2048K, 7 young (14336K), 1 survivors (2048K)
 Metaspace       used 57887K, committed 59712K, reserved 1114112K
  class space    used 8366K, committed 9280K, reserved 1048576K
}
Event: 698.140 GC heap after
{Heap after GC invocations=39 (full 0):
 garbage-first heap   total 286720K, used 49957K [0x0000000700000000, 0x0000000800000000)
  region size 2048K, 1 young (2048K), 1 survivors (2048K)
 Metaspace       used 57887K, committed 59712K, reserved 1114112K
  class space    used 8366K, committed 9280K, reserved 1048576K
}
Event: 758.352 GC heap before
{Heap before GC invocations=39 (full 0):
 garbage-first heap   total 286720K, used 60197K [0x0000000700000000, 0x0000000800000000)
  region size 2048K, 7 young (14336K), 1 survivors (2048K)
 Metaspace       used 58347K, committed 60160K, reserved 1114112K
  class space    used 8422K, committed 9344K, reserved 1048576K
}
Event: 761.591 GC heap after
{Heap after GC invocations=40 (full 0):
 garbage-first heap   total 286720K, used 49920K [0x0000000700000000, 0x0000000800000000)
  region size 2048K, 1 young (2048K), 1 survivors (2048K)
 Metaspace       used 58347K, committed 60160K, reserved 1114112K
  class space    used 8422K, committed 9344K, reserved 1048576K
}
Event: 848.207 GC heap before
{Heap before GC invocations=40 (full 0):
 garbage-first heap   total 286720K, used 60160K [0x0000000700000000, 0x0000000800000000)
  region size 2048K, 7 young (14336K), 1 survivors (2048K)
 Metaspace       used 58350K, committed 60160K, reserved 1114112K
  class space    used 8422K, committed 9344K, reserved 1048576K
}
Event: 848.353 GC heap after
{Heap after GC invocations=41 (full 0):
 garbage-first heap   total 286720K, used 50195K [0x0000000700000000, 0x0000000800000000)
  region size 2048K, 1 young (2048K), 1 survivors (2048K)
 Metaspace       used 58350K, committed 60160K, reserved 1114112K
  class space    used 8422K, committed 9344K, reserved 1048576K
}
Event: 928.123 GC heap before
{Heap before GC invocations=41 (full 0):
 garbage-first heap   total 286720K, used 60435K [0x0000000700000000, 0x0000000800000000)
  region size 2048K, 7 young (14336K), 1 survivors (2048K)
 Metaspace       used 58354K, committed 60224K, reserved 1114112K
  class space    used 8422K, committed 9344K, reserved 1048576K
}
Event: 928.405 GC heap after
{Heap after GC invocations=42 (full 0):
 garbage-first heap   total 286720K, used 50075K [0x0000000700000000, 0x0000000800000000)
  region size 2048K, 1 young (2048K), 1 survivors (2048K)
 Metaspace       used 58354K, committed 60224K, reserved 1114112K
  class space    used 8422K, committed 9344K, reserved 1048576K
}
Event: 1003.001 GC heap before
{Heap before GC invocations=42 (full 0):
 garbage-first heap   total 286720K, used 60315K [0x0000000700000000, 0x0000000800000000)
  region size 2048K, 7 young (14336K), 1 survivors (2048K)
 Metaspace       used 58369K, committed 60224K, reserved 1114112K
  class space    used 8422K, committed 9344K, reserved 1048576K
}
Event: 1003.166 GC heap after
{Heap after GC invocations=43 (full 0):
 garbage-first heap   total 286720K, used 49883K [0x0000000700000000, 0x0000000800000000)
  region size 2048K, 1 young (2048K), 1 survivors (2048K)
 Metaspace       used 58369K, committed 60224K, reserved 1114112K
  class space    used 8422K, committed 9344K, reserved 1048576K
}
Event: 1016.959 GC heap before
{Heap before GC invocations=43 (full 0):
 garbage-first heap   total 286720K, used 66267K [0x0000000700000000, 0x0000000800000000)
  region size 2048K, 7 young (14336K), 1 survivors (2048K)
 Metaspace       used 58489K, committed 60352K, reserved 1114112K
  class space    used 8445K, committed 9344K, reserved 1048576K
}
Event: 1016.973 GC heap after
{Heap after GC invocations=44 (full 0):
 garbage-first heap   total 286720K, used 55386K [0x0000000700000000, 0x0000000800000000)
  region size 2048K, 1 young (2048K), 1 survivors (2048K)
 Metaspace       used 58489K, committed 60352K, reserved 1114112K
  class space    used 8445K, committed 9344K, reserved 1048576K
}
Event: 1065.155 GC heap before
{Heap before GC invocations=44 (full 0):
 garbage-first heap   total 286720K, used 67674K [0x0000000700000000, 0x0000000800000000)
  region size 2048K, 7 young (14336K), 1 survivors (2048K)
 Metaspace       used 58586K, committed 60480K, reserved 1114112K
  class space    used 8453K, committed 9408K, reserved 1048576K
}
Event: 1065.910 GC heap after
{Heap after GC invocations=45 (full 0):
 garbage-first heap   total 286720K, used 56169K [0x0000000700000000, 0x0000000800000000)
  region size 2048K, 1 young (2048K), 1 survivors (2048K)
 Metaspace       used 58586K, committed 60480K, reserved 1114112K
  class space    used 8453K, committed 9408K, reserved 1048576K
}
Event: 1138.100 GC heap before
{Heap before GC invocations=45 (full 0):
 garbage-first heap   total 286720K, used 68457K [0x0000000700000000, 0x0000000800000000)
  region size 2048K, 7 young (14336K), 1 survivors (2048K)
 Metaspace       used 58588K, committed 60480K, reserved 1114112K
  class space    used 8453K, committed 9408K, reserved 1048576K
}
Event: 1141.172 GC heap after
{Heap after GC invocations=46 (full 0):
 garbage-first heap   total 286720K, used 56236K [0x0000000700000000, 0x0000000800000000)
  region size 2048K, 1 young (2048K), 1 survivors (2048K)
 Metaspace       used 58588K, committed 60480K, reserved 1114112K
  class space    used 8453K, committed 9408K, reserved 1048576K
}
Event: 1168.960 GC heap before
{Heap before GC invocations=46 (full 0):
 garbage-first heap   total 286720K, used 70572K [0x0000000700000000, 0x0000000800000000)
  region size 2048K, 7 young (14336K), 1 survivors (2048K)
 Metaspace       used 59120K, committed 61056K, reserved 1114112K
  class space    used 8527K, committed 9472K, reserved 1048576K
}

