# JRE version: OpenJDK Runtime Environment Temurin-21.0.12.1+1 (21.0.12.1+1) (build 21.0.12.1+1-LTS)
# Java VM: OpenJDK 64-Bit Server VM Temurin-21.0.12.1+1 (21.0.12.1+1-LTS, mixed mode, tiered, compressed oops, compressed class ptrs, g1 gc, windows-amd64)
GC Precious Log:
 CardTable entry size: 512
 Card Set container configuration: InlinePtr #cards 4 size 8 Array Of Cards #cards 16 size 48 Howl #buckets 8 coarsen threshold 3686 Howl Bitmap #cards 512 size 80 coarsen threshold 460 Card regions per heap region 1 cards per card region 4096
 CPUs: 8 total, 8 available
 Memory: 7502M
 Large Page Support: Disabled
 NUMA Support: Disabled
 Compressed Oops: Enabled (Zero based)
 Heap Region Size: 2M
 Heap Min Capacity: 8M
 Heap Initial Capacity: 118M
 Heap Max Capacity: 4G
 Pre-touch: Disabled
 Parallel Workers: 8
 Concurrent Workers: 2
 Concurrent Refinement Workers: 8
 Periodic GC: Disabled
Heap:
 garbage-first heap   total 75776K, used 62271K [0x0000000700000000, 0x0000000800000000)
  region size 2048K, 22 young (45056K), 1 survivors (2048K)
 Metaspace       used 24366K, committed 24832K, reserved 1114112K
  class space    used 2949K, committed 3136K, reserved 1048576K
GC Heap History (8 events):
Event: 9.173 GC heap before
{Heap before GC invocations=0 (full 0):
 garbage-first heap   total 120832K, used 22528K [0x0000000700000000, 0x0000000800000000)
  region size 2048K, 11 young (22528K), 0 survivors (0K)
 Metaspace       used 7086K, committed 7168K, reserved 1114112K
  class space    used 650K, committed 704K, reserved 1048576K
}
Event: 9.178 GC heap after
{Heap after GC invocations=1 (full 0):
 garbage-first heap   total 120832K, used 1536K [0x0000000700000000, 0x0000000800000000)
  region size 2048K, 1 young (2048K), 1 survivors (2048K)
 Metaspace       used 7086K, committed 7168K, reserved 1114112K
  class space    used 650K, committed 704K, reserved 1048576K
}
Event: 15.784 GC heap before
{Heap before GC invocations=1 (full 0):
 garbage-first heap   total 120832K, used 44544K [0x0000000700000000, 0x0000000800000000)
  region size 2048K, 21 young (43008K), 1 survivors (2048K)
 Metaspace       used 11630K, committed 11840K, reserved 1114112K
  class space    used 1249K, committed 1344K, reserved 1048576K
}
Event: 15.795 GC heap after
{Heap after GC invocations=2 (full 0):
 garbage-first heap   total 120832K, used 11773K [0x0000000700000000, 0x0000000800000000)
  region size 2048K, 3 young (6144K), 3 survivors (6144K)
 Metaspace       used 11630K, committed 11840K, reserved 1114112K
  class space    used 1249K, committed 1344K, reserved 1048576K
}
Event: 30.660 GC heap before
{Heap before GC invocations=2 (full 0):
 garbage-first heap   total 120832K, used 77309K [0x0000000700000000, 0x0000000800000000)
  region size 2048K, 35 young (71680K), 3 survivors (6144K)
 Metaspace       used 18641K, committed 19008K, reserved 1114112K
  class space    used 2137K, committed 2304K, reserved 1048576K
}
Event: 30.801 GC heap after
{Heap after GC invocations=3 (full 0):
 garbage-first heap   total 120832K, used 20034K [0x0000000700000000, 0x0000000800000000)
  region size 2048K, 4 young (8192K), 4 survivors (8192K)
 Metaspace       used 18641K, committed 19008K, reserved 1114112K
  class space    used 2137K, committed 2304K, reserved 1048576K
}
Event: 38.553 GC heap before
{Heap before GC invocations=3 (full 0):
 garbage-first heap   total 120832K, used 34370K [0x0000000700000000, 0x0000000800000000)
  region size 2048K, 12 young (24576K), 4 survivors (8192K)
 Metaspace       used 21141K, committed 21504K, reserved 1114112K
  class space    used 2483K, committed 2688K, reserved 1048576K
}
Event: 38.568 GC heap after
{Heap after GC invocations=4 (full 0):
 garbage-first heap   total 120832K, used 21311K [0x0000000700000000, 0x0000000800000000)
  region size 2048K, 1 young (2048K), 1 survivors (2048K)
 Metaspace       used 21141K, committed 21504K, reserved 1114112K
  class space    used 2483K, committed 2688K, reserved 1048576K
}

