# JRE version: OpenJDK Runtime Environment Temurin-21.0.12.1+1 (21.0.12.1+1) (build 21.0.12.1+1-LTS)
# Java VM: OpenJDK 64-Bit Server VM Temurin-21.0.12.1+1 (21.0.12.1+1-LTS, mixed mode, sharing, tiered, compressed oops, compressed class ptrs, g1 gc, windows-amd64)
GC Precious Log:
 CardTable entry size: 512
 Card Set container configuration: InlinePtr #cards 4 size 8 Array Of Cards #cards 16 size 48 Howl #buckets 8 coarsen threshold 3686 Howl Bitmap #cards 512 size 80 coarsen threshold 460 Card regions per heap region 1 cards per card region 4096
 CPUs: 8 total, 8 available
 Memory: 7502M
 Large Page Support: Disabled
 NUMA Support: Disabled
 Compressed Oops: Enabled (Zero based)
 Heap Region Size: 2M
 Heap Min Capacity: 8M
 Heap Initial Capacity: 118M
 Heap Max Capacity: 4G
 Pre-touch: Disabled
 Parallel Workers: 8
 Concurrent Workers: 2
 Concurrent Refinement Workers: 8
 Periodic GC: Disabled
Heap:
 garbage-first heap   total 131072K, used 78733K [0x0000000700000000, 0x0000000800000000)
  region size 2048K, 22 young (45056K), 1 survivors (2048K)
 Metaspace       used 42077K, committed 43520K, reserved 1114112K
  class space    used 5948K, committed 6656K, reserved 1048576K
GC Heap History (20 events):
Event: 398.967 GC heap before
{Heap before GC invocations=16 (full 0):
 garbage-first heap   total 139264K, used 33774K [0x0000000700000000, 0x0000000800000000)
  region size 2048K, 4 young (8192K), 1 survivors (2048K)
 Metaspace       used 29889K, committed 30848K, reserved 1114112K
  class space    used 4396K, committed 4864K, reserved 1048576K
}
Event: 398.976 GC heap after
{Heap after GC invocations=17 (full 0):
 garbage-first heap   total 139264K, used 28376K [0x0000000700000000, 0x0000000800000000)
  region size 2048K, 1 young (2048K), 1 survivors (2048K)
 Metaspace       used 29889K, committed 30848K, reserved 1114112K
  class space    used 4396K, committed 4864K, reserved 1048576K
}
Event: 407.159 GC heap before
{Heap before GC invocations=17 (full 0):
 garbage-first heap   total 139264K, used 36568K [0x0000000700000000, 0x0000000800000000)
  region size 2048K, 6 young (12288K), 1 survivors (2048K)
 Metaspace       used 32119K, committed 33152K, reserved 1114112K
  class space    used 4661K, committed 5120K, reserved 1048576K
}
Event: 407.166 GC heap after
{Heap after GC invocations=18 (full 0):
 garbage-first heap   total 139264K, used 29708K [0x0000000700000000, 0x0000000800000000)
  region size 2048K, 1 young (2048K), 1 survivors (2048K)
 Metaspace       used 32119K, committed 33152K, reserved 1114112K
  class space    used 4661K, committed 5120K, reserved 1048576K
}
Event: 407.771 GC heap before
{Heap before GC invocations=18 (full 0):
 garbage-first heap   total 139264K, used 46092K [0x0000000700000000, 0x0000000800000000)
  region size 2048K, 9 young (18432K), 1 survivors (2048K)
 Metaspace       used 33033K, committed 34048K, reserved 1114112K
  class space    used 4728K, committed 5184K, reserved 1048576K
}
Event: 408.024 GC heap after
{Heap after GC invocations=19 (full 0):
 garbage-first heap   total 139264K, used 31651K [0x0000000700000000, 0x0000000800000000)
  region size 2048K, 2 young (4096K), 2 survivors (4096K)
 Metaspace       used 33033K, committed 34048K, reserved 1114112K
  class space    used 4728K, committed 5184K, reserved 1048576K
}
Event: 408.047 GC heap before
{Heap before GC invocations=19 (full 0):
 garbage-first heap   total 139264K, used 33699K [0x0000000700000000, 0x0000000800000000)
  region size 2048K, 3 young (6144K), 2 survivors (4096K)
 Metaspace       used 33033K, committed 34048K, reserved 1114112K
  class space    used 4728K, committed 5184K, reserved 1048576K
}
Event: 408.230 GC heap after
{Heap after GC invocations=20 (full 0):
 garbage-first heap   total 167936K, used 32132K [0x0000000700000000, 0x0000000800000000)
  region size 2048K, 1 young (2048K), 1 survivors (2048K)
 Metaspace       used 33033K, committed 34048K, reserved 1114112K
  class space    used 4728K, committed 5184K, reserved 1048576K
}
Event: 414.657 GC heap before
{Heap before GC invocations=20 (full 0):
 garbage-first heap   total 167936K, used 44420K [0x0000000700000000, 0x0000000800000000)
  region size 2048K, 8 young (16384K), 1 survivors (2048K)
 Metaspace       used 33881K, committed 34944K, reserved 1114112K
  class space    used 4859K, committed 5376K, reserved 1048576K
}
Event: 414.661 GC heap after
{Heap after GC invocations=21 (full 0):
 garbage-first heap   total 167936K, used 33545K [0x0000000700000000, 0x0000000800000000)
  region size 2048K, 1 young (2048K), 1 survivors (2048K)
 Metaspace       used 33881K, committed 34944K, reserved 1114112K
  class space    used 4859K, committed 5376K, reserved 1048576K
}
Event: 453.977 GC heap before
{Heap before GC invocations=21 (full 0):
 garbage-first heap   total 167936K, used 54025K [0x0000000700000000, 0x0000000800000000)
  region size 2048K, 10 young (20480K), 1 survivors (2048K)
 Metaspace       used 35864K, committed 36992K, reserved 1114112K
  class space    used 5077K, committed 5632K, reserved 1048576K
}
Event: 454.078 GC heap after
{Heap after GC invocations=22 (full 0):
 garbage-first heap   total 167936K, used 34493K [0x0000000700000000, 0x0000000800000000)
  region size 2048K, 2 young (4096K), 2 survivors (4096K)
 Metaspace       used 35864K, committed 36992K, reserved 1114112K
  class space    used 5077K, committed 5632K, reserved 1048576K
}
Event: 517.486 GC heap before
{Heap before GC invocations=22 (full 0):
 garbage-first heap   total 167936K, used 52925K [0x0000000700000000, 0x0000000800000000)
  region size 2048K, 11 young (22528K), 2 survivors (4096K)
 Metaspace       used 36644K, committed 37760K, reserved 1114112K
  class space    used 5167K, committed 5696K, reserved 1048576K
}
Event: 517.521 GC heap after
{Heap after GC invocations=23 (full 0):
 garbage-first heap   total 167936K, used 35388K [0x0000000700000000, 0x0000000800000000)
  region size 2048K, 1 young (2048K), 1 survivors (2048K)
 Metaspace       used 36644K, committed 37760K, reserved 1114112K
  class space    used 5167K, committed 5696K, reserved 1048576K
}
Event: 524.439 GC heap before
{Heap before GC invocations=23 (full 0):
 garbage-first heap   total 167936K, used 47676K [0x0000000700000000, 0x0000000800000000)
  region size 2048K, 8 young (16384K), 1 survivors (2048K)
 Metaspace       used 37929K, committed 39040K, reserved 1114112K
  class space    used 5383K, committed 5952K, reserved 1048576K
}
Event: 524.492 GC heap after
{Heap after GC invocations=24 (full 0):
 garbage-first heap   total 167936K, used 36257K [0x0000000700000000, 0x0000000800000000)
  region size 2048K, 2 young (4096K), 2 survivors (4096K)
 Metaspace       used 37929K, committed 39040K, reserved 1114112K
  class space    used 5383K, committed 5952K, reserved 1048576K
}
Event: 545.604 GC heap before
{Heap before GC invocations=25 (full 0):
 garbage-first heap   total 131072K, used 69025K [0x0000000700000000, 0x0000000800000000)
  region size 2048K, 19 young (38912K), 2 survivors (4096K)
 Metaspace       used 41988K, committed 43456K, reserved 1114112K
  class space    used 5937K, committed 6656K, reserved 1048576K
}
Event: 546.213 GC heap after
{Heap after GC invocations=26 (full 0):
 garbage-first heap   total 131072K, used 37863K [0x0000000700000000, 0x0000000800000000)
  region size 2048K, 3 young (6144K), 3 survivors (6144K)
 Metaspace       used 41988K, committed 43456K, reserved 1114112K
  class space    used 5937K, committed 6656K, reserved 1048576K
}
Event: 546.893 GC heap before
{Heap before GC invocations=26 (full 0):
 garbage-first heap   total 131072K, used 41959K [0x0000000700000000, 0x0000000800000000)
  region size 2048K, 5 young (10240K), 3 survivors (6144K)
 Metaspace       used 42005K, committed 43456K, reserved 1114112K
  class space    used 5939K, committed 6656K, reserved 1048576K
}
Event: 546.924 GC heap after
{Heap after GC invocations=27 (full 0):
 garbage-first heap   total 131072K, used 37773K [0x0000000700000000, 0x0000000800000000)
  region size 2048K, 1 young (2048K), 1 survivors (2048K)
 Metaspace       used 42005K, committed 43456K, reserved 1114112K
  class space    used 5939K, committed 6656K, reserved 1048576K
}

