# JRE version: OpenJDK Runtime Environment Temurin-21.0.12.1+1 (21.0.12.1+1) (build 21.0.12.1+1-LTS)
# Java VM: OpenJDK 64-Bit Server VM Temurin-21.0.12.1+1 (21.0.12.1+1-LTS, mixed mode, sharing, tiered, compressed oops, compressed class ptrs, g1 gc, windows-amd64)
GC Precious Log:
 CardTable entry size: 512
 Card Set container configuration: InlinePtr #cards 4 size 8 Array Of Cards #cards 16 size 48 Howl #buckets 8 coarsen threshold 3686 Howl Bitmap #cards 512 size 80 coarsen threshold 460 Card regions per heap region 1 cards per card region 4096
 CPUs: 8 total, 8 available
 Memory: 7502M
 Large Page Support: Disabled
 NUMA Support: Disabled
 Compressed Oops: Enabled (Zero based)
 Heap Region Size: 2M
 Heap Min Capacity: 8M
 Heap Initial Capacity: 118M
 Heap Max Capacity: 4G
 Pre-touch: Disabled
 Parallel Workers: 8
 Concurrent Workers: 2
 Concurrent Refinement Workers: 8
 Periodic GC: Disabled
Heap:
 garbage-first heap   total 149504K, used 32895K [0x0000000700000000, 0x0000000800000000)
  region size 2048K, 6 young (12288K), 2 survivors (4096K)
 Metaspace       used 27237K, committed 28224K, reserved 1114112K
  class space    used 4089K, committed 4544K, reserved 1048576K
GC Heap History (18 events):
Event: 4.291 GC heap before
{Heap before GC invocations=0 (full 0):
 garbage-first heap   total 120832K, used 22528K [0x0000000700000000, 0x0000000800000000)
  region size 2048K, 11 young (22528K), 0 survivors (0K)
 Metaspace       used 887K, committed 1024K, reserved 1114112K
  class space    used 71K, committed 128K, reserved 1048576K
}
Event: 4.983 GC heap after
{Heap after GC invocations=1 (full 0):
 garbage-first heap   total 120832K, used 1536K [0x0000000700000000, 0x0000000800000000)
  region size 2048K, 1 young (2048K), 1 survivors (2048K)
 Metaspace       used 887K, committed 1024K, reserved 1114112K
  class space    used 71K, committed 128K, reserved 1048576K
}
Event: 12.992 GC heap before
{Heap before GC invocations=1 (full 0):
 garbage-first heap   total 120832K, used 42496K [0x0000000700000000, 0x0000000800000000)
  region size 2048K, 20 young (40960K), 1 survivors (2048K)
 Metaspace       used 4399K, committed 4544K, reserved 1114112K
  class space    used 558K, committed 640K, reserved 1048576K
}
Event: 13.005 GC heap after
{Heap after GC invocations=2 (full 0):
 garbage-first heap   total 120832K, used 11707K [0x0000000700000000, 0x0000000800000000)
  region size 2048K, 3 young (6144K), 3 survivors (6144K)
 Metaspace       used 4399K, committed 4544K, reserved 1114112K
  class space    used 558K, committed 640K, reserved 1048576K
}
Event: 23.491 GC heap before
{Heap before GC invocations=2 (full 0):
 garbage-first heap   total 120832K, used 75195K [0x0000000700000000, 0x0000000800000000)
  region size 2048K, 35 young (71680K), 3 survivors (6144K)
 Metaspace       used 9093K, committed 9408K, reserved 1114112K
  class space    used 1234K, committed 1408K, reserved 1048576K
}
Event: 23.514 GC heap after
{Heap after GC invocations=3 (full 0):
 garbage-first heap   total 120832K, used 20046K [0x0000000700000000, 0x0000000800000000)
  region size 2048K, 4 young (8192K), 4 survivors (8192K)
 Metaspace       used 9093K, committed 9408K, reserved 1114112K
  class space    used 1234K, committed 1408K, reserved 1048576K
}
Event: 116.829 GC heap before
{Heap before GC invocations=3 (full 0):
 garbage-first heap   total 120832K, used 83534K [0x0000000700000000, 0x0000000800000000)
  region size 2048K, 35 young (71680K), 4 survivors (8192K)
 Metaspace       used 18075K, committed 18624K, reserved 1114112K
  class space    used 2563K, committed 2816K, reserved 1048576K
}
Event: 118.591 GC heap after
{Heap after GC invocations=4 (full 0):
 garbage-first heap   total 120832K, used 23309K [0x0000000700000000, 0x0000000800000000)
  region size 2048K, 2 young (4096K), 2 survivors (4096K)
 Metaspace       used 18075K, committed 18624K, reserved 1114112K
  class space    used 2563K, committed 2816K, reserved 1048576K
}
Event: 120.604 GC heap before
{Heap before GC invocations=4 (full 0):
 garbage-first heap   total 120832K, used 25357K [0x0000000700000000, 0x0000000800000000)
  region size 2048K, 3 young (6144K), 2 survivors (4096K)
 Metaspace       used 18264K, committed 18752K, reserved 1114112K
  class space    used 2599K, committed 2816K, reserved 1048576K
}
Event: 120.662 GC heap after
{Heap after GC invocations=5 (full 0):
 garbage-first heap   total 120832K, used 23906K [0x0000000700000000, 0x0000000800000000)
  region size 2048K, 1 young (2048K), 1 survivors (2048K)
 Metaspace       used 18264K, committed 18752K, reserved 1114112K
  class space    used 2599K, committed 2816K, reserved 1048576K
}
Event: 128.339 GC heap before
{Heap before GC invocations=5 (full 0):
 garbage-first heap   total 120832K, used 38242K [0x0000000700000000, 0x0000000800000000)
  region size 2048K, 9 young (18432K), 1 survivors (2048K)
 Metaspace       used 20286K, committed 20928K, reserved 1114112K
  class space    used 2963K, committed 3264K, reserved 1048576K
}
Event: 128.346 GC heap after
{Heap after GC invocations=6 (full 0):
 garbage-first heap   total 120832K, used 24512K [0x0000000700000000, 0x0000000800000000)
  region size 2048K, 1 young (2048K), 1 survivors (2048K)
 Metaspace       used 20286K, committed 20928K, reserved 1114112K
  class space    used 2963K, committed 3264K, reserved 1048576K
}
Event: 130.522 GC heap before
{Heap before GC invocations=6 (full 0):
 garbage-first heap   total 120832K, used 28608K [0x0000000700000000, 0x0000000800000000)
  region size 2048K, 4 young (8192K), 1 survivors (2048K)
 Metaspace       used 20872K, committed 21504K, reserved 1114112K
  class space    used 3048K, committed 3392K, reserved 1048576K
}
Event: 130.529 GC heap after
{Heap after GC invocations=7 (full 0):
 garbage-first heap   total 120832K, used 24856K [0x0000000700000000, 0x0000000800000000)
  region size 2048K, 1 young (2048K), 1 survivors (2048K)
 Metaspace       used 20872K, committed 21504K, reserved 1114112K
  class space    used 3048K, committed 3392K, reserved 1048576K
}
Event: 141.184 GC heap before
{Heap before GC invocations=8 (full 0):
 garbage-first heap   total 90112K, used 51480K [0x0000000700000000, 0x0000000800000000)
  region size 2048K, 14 young (28672K), 1 survivors (2048K)
 Metaspace       used 24414K, committed 25344K, reserved 1114112K
  class space    used 3641K, committed 4096K, reserved 1048576K
}
Event: 141.194 GC heap after
{Heap after GC invocations=9 (full 0):
 garbage-first heap   total 149504K, used 26766K [0x0000000700000000, 0x0000000800000000)
  region size 2048K, 2 young (4096K), 2 survivors (4096K)
 Metaspace       used 24414K, committed 25344K, reserved 1114112K
  class space    used 3641K, committed 4096K, reserved 1048576K
}
Event: 272.360 GC heap before
{Heap before GC invocations=9 (full 0):
 garbage-first heap   total 149504K, used 55438K [0x0000000700000000, 0x0000000800000000)
  region size 2048K, 16 young (32768K), 2 survivors (4096K)
 Metaspace       used 26906K, committed 27904K, reserved 1114112K
  class space    used 4041K, committed 4544K, reserved 1048576K
}
Event: 272.514 GC heap after
{Heap after GC invocations=10 (full 0):
 garbage-first heap   total 149504K, used 26751K [0x0000000700000000, 0x0000000800000000)
  region size 2048K, 2 young (4096K), 2 survivors (4096K)
 Metaspace       used 26906K, committed 27904K, reserved 1114112K
  class space    used 4041K, committed 4544K, reserved 1048576K
}

