# JRE version: OpenJDK Runtime Environment Temurin-21.0.12.1+1 (21.0.12.1+1) (build 21.0.12.1+1-LTS)
# Java VM: OpenJDK 64-Bit Server VM Temurin-21.0.12.1+1 (21.0.12.1+1-LTS, mixed mode, sharing, tiered, compressed oops, compressed class ptrs, g1 gc, windows-amd64)
GC Precious Log:
 CardTable entry size: 512
 Card Set container configuration: InlinePtr #cards 4 size 8 Array Of Cards #cards 16 size 48 Howl #buckets 8 coarsen threshold 3686 Howl Bitmap #cards 512 size 80 coarsen threshold 460 Card regions per heap region 1 cards per card region 4096
 CPUs: 8 total, 8 available
 Memory: 7502M
 Large Page Support: Disabled
 NUMA Support: Disabled
 Compressed Oops: Enabled (Zero based)
 Heap Region Size: 2M
 Heap Min Capacity: 8M
 Heap Initial Capacity: 118M
 Heap Max Capacity: 4G
 Pre-touch: Disabled
 Parallel Workers: 8
 Concurrent Workers: 2
 Concurrent Refinement Workers: 8
 Periodic GC: Disabled
Heap:
 garbage-first heap   total 120832K, used 79634K [0x0000000700000000, 0x0000000800000000)
  region size 2048K, 31 young (63488K), 2 survivors (4096K)
 Metaspace       used 18292K, committed 18816K, reserved 1114112K
  class space    used 2586K, committed 2816K, reserved 1048576K
GC Heap History (8 events):
Event: 4.275 GC heap before
{Heap before GC invocations=0 (full 0):
 garbage-first heap   total 120832K, used 22528K [0x0000000700000000, 0x0000000800000000)
  region size 2048K, 11 young (22528K), 0 survivors (0K)
 Metaspace       used 887K, committed 1024K, reserved 1114112K
  class space    used 71K, committed 128K, reserved 1048576K
}
Event: 4.392 GC heap after
{Heap after GC invocations=1 (full 0):
 garbage-first heap   total 120832K, used 1536K [0x0000000700000000, 0x0000000800000000)
  region size 2048K, 1 young (2048K), 1 survivors (2048K)
 Metaspace       used 887K, committed 1024K, reserved 1114112K
  class space    used 71K, committed 128K, reserved 1048576K
}
Event: 7.962 GC heap before
{Heap before GC invocations=1 (full 0):
 garbage-first heap   total 120832K, used 42496K [0x0000000700000000, 0x0000000800000000)
  region size 2048K, 19 young (38912K), 1 survivors (2048K)
 Metaspace       used 4388K, committed 4544K, reserved 1114112K
  class space    used 554K, committed 640K, reserved 1048576K
}
Event: 7.975 GC heap after
{Heap after GC invocations=2 (full 0):
 garbage-first heap   total 120832K, used 11896K [0x0000000700000000, 0x0000000800000000)
  region size 2048K, 3 young (6144K), 3 survivors (6144K)
 Metaspace       used 4388K, committed 4544K, reserved 1114112K
  class space    used 554K, committed 640K, reserved 1048576K
}
Event: 21.694 GC heap before
{Heap before GC invocations=2 (full 0):
 garbage-first heap   total 120832K, used 69240K [0x0000000700000000, 0x0000000800000000)
  region size 2048K, 32 young (65536K), 3 survivors (6144K)
 Metaspace       used 6854K, committed 7104K, reserved 1114112K
  class space    used 928K, committed 1024K, reserved 1048576K
}
Event: 21.709 GC heap after
{Heap after GC invocations=3 (full 0):
 garbage-first heap   total 120832K, used 18934K [0x0000000700000000, 0x0000000800000000)
  region size 2048K, 4 young (8192K), 4 survivors (8192K)
 Metaspace       used 6854K, committed 7104K, reserved 1114112K
  class space    used 928K, committed 1024K, reserved 1048576K
}
Event: 160.443 GC heap before
{Heap before GC invocations=3 (full 0):
 garbage-first heap   total 120832K, used 82422K [0x0000000700000000, 0x0000000800000000)
  region size 2048K, 35 young (71680K), 4 survivors (8192K)
 Metaspace       used 15442K, committed 15872K, reserved 1114112K
  class space    used 2119K, committed 2304K, reserved 1048576K
}
Event: 160.603 GC heap after
{Heap after GC invocations=4 (full 0):
 garbage-first heap   total 120832K, used 22290K [0x0000000700000000, 0x0000000800000000)
  region size 2048K, 2 young (4096K), 2 survivors (4096K)
 Metaspace       used 15442K, committed 15872K, reserved 1114112K
  class space    used 2119K, committed 2304K, reserved 1048576K
}

