# JRE version: OpenJDK Runtime Environment Temurin-21.0.12.1+1 (21.0.12.1+1) (build 21.0.12.1+1-LTS)
# Java VM: OpenJDK 64-Bit Server VM Temurin-21.0.12.1+1 (21.0.12.1+1-LTS, mixed mode, sharing, tiered, compressed oops, compressed class ptrs, g1 gc, windows-amd64)
GC Precious Log:
 CardTable entry size: 512
 Card Set container configuration: InlinePtr #cards 4 size 8 Array Of Cards #cards 16 size 48 Howl #buckets 8 coarsen threshold 3686 Howl Bitmap #cards 512 size 80 coarsen threshold 460 Card regions per heap region 1 cards per card region 4096
 CPUs: 8 total, 8 available
 Memory: 7502M
 Large Page Support: Disabled
 NUMA Support: Disabled
 Compressed Oops: Enabled (Zero based)
 Heap Region Size: 2M
 Heap Min Capacity: 8M
 Heap Initial Capacity: 118M
 Heap Max Capacity: 4G
 Pre-touch: Disabled
 Parallel Workers: 8
 Concurrent Workers: 2
 Concurrent Refinement Workers: 8
 Periodic GC: Disabled
Heap:
 garbage-first heap   total 108544K, used 45469K [0x0000000700000000, 0x0000000800000000)
  region size 2048K, 6 young (12288K), 2 survivors (4096K)
 Metaspace       used 48071K, committed 49792K, reserved 1114112K
  class space    used 6930K, committed 7744K, reserved 1048576K
GC Heap History (20 events):
Event: 343.376 GC heap before
{Heap before GC invocations=13 (full 0):
 garbage-first heap   total 90112K, used 39126K [0x0000000700000000, 0x0000000800000000)
  region size 2048K, 2 young (4096K), 1 survivors (2048K)
 Metaspace       used 42071K, committed 43520K, reserved 1114112K
  class space    used 5951K, committed 6656K, reserved 1048576K
}
Event: 343.671 GC heap after
{Heap after GC invocations=14 (full 0):
 garbage-first heap   total 108544K, used 37197K [0x0000000700000000, 0x0000000800000000)
  region size 2048K, 1 young (2048K), 1 survivors (2048K)
 Metaspace       used 42071K, committed 43520K, reserved 1114112K
  class space    used 5951K, committed 6656K, reserved 1048576K
}
Event: 353.925 GC heap before
{Heap before GC invocations=14 (full 0):
 garbage-first heap   total 108544K, used 39245K [0x0000000700000000, 0x0000000800000000)
  region size 2048K, 2 young (4096K), 1 survivors (2048K)
 Metaspace       used 42072K, committed 43520K, reserved 1114112K
  class space    used 5951K, committed 6656K, reserved 1048576K
}
Event: 353.933 GC heap after
{Heap after GC invocations=15 (full 0):
 garbage-first heap   total 108544K, used 37037K [0x0000000700000000, 0x0000000800000000)
  region size 2048K, 1 young (2048K), 1 survivors (2048K)
 Metaspace       used 42072K, committed 43520K, reserved 1114112K
  class space    used 5951K, committed 6656K, reserved 1048576K
}
Event: 357.816 GC heap before
{Heap before GC invocations=15 (full 0):
 garbage-first heap   total 108544K, used 39085K [0x0000000700000000, 0x0000000800000000)
  region size 2048K, 2 young (4096K), 1 survivors (2048K)
 Metaspace       used 42272K, committed 43776K, reserved 1114112K
  class space    used 5983K, committed 6720K, reserved 1048576K
}
Event: 357.826 GC heap after
{Heap after GC invocations=16 (full 0):
 garbage-first heap   total 108544K, used 37053K [0x0000000700000000, 0x0000000800000000)
  region size 2048K, 1 young (2048K), 1 survivors (2048K)
 Metaspace       used 42272K, committed 43776K, reserved 1114112K
  class space    used 5983K, committed 6720K, reserved 1048576K
}
Event: 359.155 GC heap before
{Heap before GC invocations=16 (full 0):
 garbage-first heap   total 108544K, used 39101K [0x0000000700000000, 0x0000000800000000)
  region size 2048K, 2 young (4096K), 1 survivors (2048K)
 Metaspace       used 42495K, committed 44032K, reserved 1114112K
  class space    used 6022K, committed 6784K, reserved 1048576K
}
Event: 359.158 GC heap after
{Heap after GC invocations=17 (full 0):
 garbage-first heap   total 108544K, used 37154K [0x0000000700000000, 0x0000000800000000)
  region size 2048K, 1 young (2048K), 1 survivors (2048K)
 Metaspace       used 42495K, committed 44032K, reserved 1114112K
  class space    used 6022K, committed 6784K, reserved 1048576K
}
Event: 360.509 GC heap before
{Heap before GC invocations=17 (full 0):
 garbage-first heap   total 108544K, used 39202K [0x0000000700000000, 0x0000000800000000)
  region size 2048K, 2 young (4096K), 1 survivors (2048K)
 Metaspace       used 42685K, committed 44288K, reserved 1114112K
  class space    used 6057K, committed 6848K, reserved 1048576K
}
Event: 360.511 GC heap after
{Heap after GC invocations=18 (full 0):
 garbage-first heap   total 108544K, used 37264K [0x0000000700000000, 0x0000000800000000)
  region size 2048K, 1 young (2048K), 1 survivors (2048K)
 Metaspace       used 42685K, committed 44288K, reserved 1114112K
  class space    used 6057K, committed 6848K, reserved 1048576K
}
Event: 362.296 GC heap before
{Heap before GC invocations=18 (full 0):
 garbage-first heap   total 108544K, used 39312K [0x0000000700000000, 0x0000000800000000)
  region size 2048K, 3 young (6144K), 1 survivors (2048K)
 Metaspace       used 43199K, committed 44800K, reserved 1114112K
  class space    used 6144K, committed 6912K, reserved 1048576K
}
Event: 362.300 GC heap after
{Heap after GC invocations=19 (full 0):
 garbage-first heap   total 108544K, used 37439K [0x0000000700000000, 0x0000000800000000)
  region size 2048K, 1 young (2048K), 1 survivors (2048K)
 Metaspace       used 43199K, committed 44800K, reserved 1114112K
  class space    used 6144K, committed 6912K, reserved 1048576K
}
Event: 364.930 GC heap before
{Heap before GC invocations=19 (full 0):
 garbage-first heap   total 108544K, used 47679K [0x0000000700000000, 0x0000000800000000)
  region size 2048K, 7 young (14336K), 1 survivors (2048K)
 Metaspace       used 44460K, committed 46080K, reserved 1114112K
  class space    used 6342K, committed 7168K, reserved 1048576K
}
Event: 364.933 GC heap after
{Heap after GC invocations=20 (full 0):
 garbage-first heap   total 108544K, used 38028K [0x0000000700000000, 0x0000000800000000)
  region size 2048K, 1 young (2048K), 1 survivors (2048K)
 Metaspace       used 44460K, committed 46080K, reserved 1114112K
  class space    used 6342K, committed 7168K, reserved 1048576K
}
Event: 375.874 GC heap before
{Heap before GC invocations=20 (full 0):
 garbage-first heap   total 108544K, used 66700K [0x0000000700000000, 0x0000000800000000)
  region size 2048K, 16 young (32768K), 1 survivors (2048K)
 Metaspace       used 47742K, committed 49408K, reserved 1114112K
  class space    used 6874K, committed 7680K, reserved 1048576K
}
Event: 375.897 GC heap after
{Heap after GC invocations=21 (full 0):
 garbage-first heap   total 108544K, used 39384K [0x0000000700000000, 0x0000000800000000)
  region size 2048K, 2 young (4096K), 2 survivors (4096K)
 Metaspace       used 47742K, committed 49408K, reserved 1114112K
  class space    used 6874K, committed 7680K, reserved 1048576K
}
Event: 747.461 GC heap before
{Heap before GC invocations=21 (full 0):
 garbage-first heap   total 108544K, used 98776K [0x0000000700000000, 0x0000000800000000)
  region size 2048K, 31 young (63488K), 2 survivors (4096K)
 Metaspace       used 48052K, committed 49792K, reserved 1114112K
  class space    used 6928K, committed 7744K, reserved 1048576K
}
Event: 747.703 GC heap after
{Heap after GC invocations=22 (full 0):
 garbage-first heap   total 108544K, used 39155K [0x0000000700000000, 0x0000000800000000)
  region size 2048K, 2 young (4096K), 2 survivors (4096K)
 Metaspace       used 48052K, committed 49792K, reserved 1114112K
  class space    used 6928K, committed 7744K, reserved 1048576K
}
Event: 895.687 GC heap before
{Heap before GC invocations=22 (full 0):
 garbage-first heap   total 108544K, used 61683K [0x0000000700000000, 0x0000000800000000)
  region size 2048K, 13 young (26624K), 2 survivors (4096K)
 Metaspace       used 48058K, committed 49792K, reserved 1114112K
  class space    used 6928K, committed 7744K, reserved 1048576K
}
Event: 895.855 GC heap after
{Heap after GC invocations=23 (full 0):
 garbage-first heap   total 108544K, used 39325K [0x0000000700000000, 0x0000000800000000)
  region size 2048K, 2 young (4096K), 2 survivors (4096K)
 Metaspace       used 48058K, committed 49792K, reserved 1114112K
  class space    used 6928K, committed 7744K, reserved 1048576K
}

