# JRE version: OpenJDK Runtime Environment Temurin-21.0.11+10 (21.0.11+10) (build 21.0.11+10-LTS)
# Java VM: OpenJDK 64-Bit Server VM Temurin-21.0.11+10 (21.0.11+10-LTS, mixed mode, sharing, tiered, compressed oops, compressed class ptrs, parallel gc, windows-amd64)
GC Precious Log:
 CardTable entry size: 512
 CPUs: 8 total, 8 available
 Memory: 7502M
 Large Page Support: Disabled
 NUMA Support: Disabled
 Compressed Oops: Enabled (32-bit)
 Alignments: Space 512K, Generation 512K, Heap 2M
 Heap Min Capacity: 100M
 Heap Initial Capacity: 100M
 Heap Max Capacity: 2G
 Pre-touch: Disabled
 Parallel Workers: 8
Heap:
 PSYoungGen      total 4096K, used 2822K [0x00000000d5580000, 0x00000000d5e00000, 0x0000000100000000)
  eden space 3584K, 70% used [0x00000000d5580000,0x00000000d57fbf88,0x00000000d5900000)
  from space 512K, 54% used [0x00000000d5900000,0x00000000d5945a30,0x00000000d5980000)
  to   space 2048K, 0% used [0x00000000d5c00000,0x00000000d5c00000,0x00000000d5e00000)
 ParOldGen       total 168448K, used 168195K [0x0000000080000000, 0x000000008a480000, 0x00000000d5580000)
  object space 168448K, 99% used [0x0000000080000000,0x000000008a440e30,0x000000008a480000)
 Metaspace       used 88034K, committed 90048K, reserved 1179648K
  class space    used 11437K, committed 12352K, reserved 1048576K
GC Heap History (20 events):
Event: 520.119 GC heap before
{Heap before GC invocations=215 (full 3):
 PSYoungGen      total 6144K, used 5824K [0x00000000d5580000, 0x00000000d5f00000, 0x0000000100000000)
  eden space 5632K, 100% used [0x00000000d5580000,0x00000000d5b00000,0x00000000d5b00000)
  from space 512K, 37% used [0x00000000d5e00000,0x00000000d5e30000,0x00000000d5e80000)
  to   space 512K, 0% used [0x00000000d5e80000,0x00000000d5e80000,0x00000000d5f00000)
 ParOldGen       total 159232K, used 158950K [0x0000000080000000, 0x0000000089b80000, 0x00000000d5580000)
  object space 159232K, 99% used [0x0000000080000000,0x0000000089b39b28,0x0000000089b80000)
 Metaspace       used 86759K, committed 88768K, reserved 1179648K
  class space    used 11293K, committed 12224K, reserved 1048576K
}
Event: 520.119 GC heap after
{Heap after GC invocations=215 (full 3):
 PSYoungGen      total 6144K, used 320K [0x00000000d5580000, 0x00000000d5f00000, 0x0000000100000000)
  eden space 5632K, 0% used [0x00000000d5580000,0x00000000d5580000,0x00000000d5b00000)
  from space 512K, 62% used [0x00000000d5e80000,0x00000000d5ed0000,0x00000000d5f00000)
  to   space 512K, 0% used [0x00000000d5e00000,0x00000000d5e00000,0x00000000d5e80000)
 ParOldGen       total 159232K, used 159022K [0x0000000080000000, 0x0000000089b80000, 0x00000000d5580000)
  object space 159232K, 99% used [0x0000000080000000,0x0000000089b4bb28,0x0000000089b80000)
 Metaspace       used 86759K, committed 88768K, reserved 1179648K
  class space    used 11293K, committed 12224K, reserved 1048576K
}
Event: 536.105 GC heap before
{Heap before GC invocations=216 (full 3):
 PSYoungGen      total 6144K, used 5952K [0x00000000d5580000, 0x00000000d5f00000, 0x0000000100000000)
  eden space 5632K, 100% used [0x00000000d5580000,0x00000000d5b00000,0x00000000d5b00000)
  from space 512K, 62% used [0x00000000d5e80000,0x00000000d5ed0000,0x00000000d5f00000)
  to   space 512K, 0% used [0x00000000d5e00000,0x00000000d5e00000,0x00000000d5e80000)
 ParOldGen       total 159232K, used 159022K [0x0000000080000000, 0x0000000089b80000, 0x00000000d5580000)
  object space 159232K, 99% used [0x0000000080000000,0x0000000089b4bb28,0x0000000089b80000)
 Metaspace       used 86792K, committed 88832K, reserved 1179648K
  class space    used 11293K, committed 12224K, reserved 1048576K
}
Event: 536.107 GC heap after
{Heap after GC invocations=216 (full 3):
 PSYoungGen      total 6144K, used 224K [0x00000000d5580000, 0x00000000d5f00000, 0x0000000100000000)
  eden space 5632K, 0% used [0x00000000d5580000,0x00000000d5580000,0x00000000d5b00000)
  from space 512K, 43% used [0x00000000d5e00000,0x00000000d5e38000,0x00000000d5e80000)
  to   space 512K, 0% used [0x00000000d5e80000,0x00000000d5e80000,0x00000000d5f00000)
 ParOldGen       total 159232K, used 159230K [0x0000000080000000, 0x0000000089b80000, 0x00000000d5580000)
  object space 159232K, 99% used [0x0000000080000000,0x0000000089b7fb28,0x0000000089b80000)
 Metaspace       used 86792K, committed 88832K, reserved 1179648K
  class space    used 11293K, committed 12224K, reserved 1048576K
}
Event: 538.110 GC heap before
{Heap before GC invocations=217 (full 3):
 PSYoungGen      total 6144K, used 5856K [0x00000000d5580000, 0x00000000d5f00000, 0x0000000100000000)
  eden space 5632K, 100% used [0x00000000d5580000,0x00000000d5b00000,0x00000000d5b00000)
  from space 512K, 43% used [0x00000000d5e00000,0x00000000d5e38000,0x00000000d5e80000)
  to   space 512K, 0% used [0x00000000d5e80000,0x00000000d5e80000,0x00000000d5f00000)
 ParOldGen       total 159232K, used 159230K [0x0000000080000000, 0x0000000089b80000, 0x00000000d5580000)
  object space 159232K, 99% used [0x0000000080000000,0x0000000089b7fb28,0x0000000089b80000)
 Metaspace       used 86884K, committed 88896K, reserved 1179648K
  class space    used 11300K, committed 12224K, reserved 1048576K
}
Event: 538.111 GC heap after
{Heap after GC invocations=217 (full 3):
 PSYoungGen      total 6144K, used 256K [0x00000000d5580000, 0x00000000d5f00000, 0x0000000100000000)
  eden space 5632K, 0% used [0x00000000d5580000,0x00000000d5580000,0x00000000d5b00000)
  from space 512K, 50% used [0x00000000d5e80000,0x00000000d5ec0000,0x00000000d5f00000)
  to   space 512K, 0% used [0x00000000d5e00000,0x00000000d5e00000,0x00000000d5e80000)
 ParOldGen       total 159744K, used 159270K [0x0000000080000000, 0x0000000089c00000, 0x00000000d5580000)
  object space 159744K, 99% used [0x0000000080000000,0x0000000089b89b28,0x0000000089c00000)
 Metaspace       used 86884K, committed 88896K, reserved 1179648K
  class space    used 11300K, committed 12224K, reserved 1048576K
}
Event: 616.382 GC heap before
{Heap before GC invocations=218 (full 3):
 PSYoungGen      total 6144K, used 5888K [0x00000000d5580000, 0x00000000d5f00000, 0x0000000100000000)
  eden space 5632K, 100% used [0x00000000d5580000,0x00000000d5b00000,0x00000000d5b00000)
  from space 512K, 50% used [0x00000000d5e80000,0x00000000d5ec0000,0x00000000d5f00000)
  to   space 512K, 0% used [0x00000000d5e00000,0x00000000d5e00000,0x00000000d5e80000)
 ParOldGen       total 159744K, used 159270K [0x0000000080000000, 0x0000000089c00000, 0x00000000d5580000)
  object space 159744K, 99% used [0x0000000080000000,0x0000000089b89b28,0x0000000089c00000)
 Metaspace       used 86929K, committed 88896K, reserved 1179648K
  class space    used 11306K, committed 12224K, reserved 1048576K
}
Event: 616.386 GC heap after
{Heap after GC invocations=218 (full 3):
 PSYoungGen      total 6144K, used 471K [0x00000000d5580000, 0x00000000d5f00000, 0x0000000100000000)
  eden space 5632K, 0% used [0x00000000d5580000,0x00000000d5580000,0x00000000d5b00000)
  from space 512K, 92% used [0x00000000d5e00000,0x00000000d5e75fc8,0x00000000d5e80000)
  to   space 512K, 0% used [0x00000000d5e80000,0x00000000d5e80000,0x00000000d5f00000)
 ParOldGen       total 160768K, used 160318K [0x0000000080000000, 0x0000000089d00000, 0x00000000d5580000)
  object space 160768K, 99% used [0x0000000080000000,0x0000000089c8fb68,0x0000000089d00000)
 Metaspace       used 86929K, committed 88896K, reserved 1179648K
  class space    used 11306K, committed 12224K, reserved 1048576K
}
Event: 616.484 GC heap before
{Heap before GC invocations=219 (full 3):
 PSYoungGen      total 6144K, used 6085K [0x00000000d5580000, 0x00000000d5f00000, 0x0000000100000000)
  eden space 5632K, 99% used [0x00000000d5580000,0x00000000d5afb680,0x00000000d5b00000)
  from space 512K, 92% used [0x00000000d5e00000,0x00000000d5e75fc8,0x00000000d5e80000)
  to   space 512K, 0% used [0x00000000d5e80000,0x00000000d5e80000,0x00000000d5f00000)
 ParOldGen       total 160768K, used 160318K [0x0000000080000000, 0x0000000089d00000, 0x00000000d5580000)
  object space 160768K, 99% used [0x0000000080000000,0x0000000089c8fb68,0x0000000089d00000)
 Metaspace       used 86973K, committed 88960K, reserved 1179648K
  class space    used 11311K, committed 12224K, reserved 1048576K
}
Event: 616.486 GC heap after
{Heap after GC invocations=219 (full 3):
 PSYoungGen      total 6144K, used 492K [0x00000000d5580000, 0x00000000d5f00000, 0x0000000100000000)
  eden space 5632K, 0% used [0x00000000d5580000,0x00000000d5580000,0x00000000d5b00000)
  from space 512K, 96% used [0x00000000d5e80000,0x00000000d5efb2d8,0x00000000d5f00000)
  to   space 1536K, 0% used [0x00000000d5c00000,0x00000000d5c00000,0x00000000d5d80000)
 ParOldGen       total 161280K, used 160951K [0x0000000080000000, 0x0000000089d80000, 0x00000000d5580000)
  object space 161280K, 99% used [0x0000000080000000,0x0000000089d2ddf0,0x0000000089d80000)
 Metaspace       used 86973K, committed 88960K, reserved 1179648K
  class space    used 11311K, committed 12224K, reserved 1048576K
}
Event: 616.589 GC heap before
{Heap before GC invocations=220 (full 3):
 PSYoungGen      total 6144K, used 6124K [0x00000000d5580000, 0x00000000d5f00000, 0x0000000100000000)
  eden space 5632K, 100% used [0x00000000d5580000,0x00000000d5b00000,0x00000000d5b00000)
  from space 512K, 96% used [0x00000000d5e80000,0x00000000d5efb2d8,0x00000000d5f00000)
  to   space 1536K, 0% used [0x00000000d5c00000,0x00000000d5c00000,0x00000000d5d80000)
 ParOldGen       total 161280K, used 160951K [0x0000000080000000, 0x0000000089d80000, 0x00000000d5580000)
  object space 161280K, 99% used [0x0000000080000000,0x0000000089d2ddf0,0x0000000089d80000)
 Metaspace       used 87276K, committed 89344K, reserved 1179648K
  class space    used 11344K, committed 12288K, reserved 1048576K
}
Event: 616.592 GC heap after
{Heap after GC invocations=220 (full 3):
 PSYoungGen      total 7168K, used 1528K [0x00000000d5580000, 0x00000000d6000000, 0x0000000100000000)
  eden space 5632K, 0% used [0x00000000d5580000,0x00000000d5580000,0x00000000d5b00000)
  from space 1536K, 99% used [0x00000000d5c00000,0x00000000d5d7e020,0x00000000d5d80000)
  to   space 2560K, 0% used [0x00000000d5d80000,0x00000000d5d80000,0x00000000d6000000)
 ParOldGen       total 161792K, used 161535K [0x0000000080000000, 0x0000000089e00000, 0x00000000d5580000)
  object space 161792K, 99% used [0x0000000080000000,0x0000000089dbfdf0,0x0000000089e00000)
 Metaspace       used 87276K, committed 89344K, reserved 1179648K
  class space    used 11344K, committed 12288K, reserved 1048576K
}
Event: 616.617 GC heap before
{Heap before GC invocations=221 (full 3):
 PSYoungGen      total 7168K, used 7158K [0x00000000d5580000, 0x00000000d6000000, 0x0000000100000000)
  eden space 5632K, 99% used [0x00000000d5580000,0x00000000d5aff8b8,0x00000000d5b00000)
  from space 1536K, 99% used [0x00000000d5c00000,0x00000000d5d7e020,0x00000000d5d80000)
  to   space 2560K, 0% used [0x00000000d5d80000,0x00000000d5d80000,0x00000000d6000000)
 ParOldGen       total 161792K, used 161535K [0x0000000080000000, 0x0000000089e00000, 0x00000000d5580000)
  object space 161792K, 99% used [0x0000000080000000,0x0000000089dbfdf0,0x0000000089e00000)
 Metaspace       used 87310K, committed 89408K, reserved 1179648K
  class space    used 11352K, committed 12288K, reserved 1048576K
}
Event: 616.620 GC heap after
{Heap after GC invocations=221 (full 3):
 PSYoungGen      total 7680K, used 1996K [0x00000000d5580000, 0x00000000d5f80000, 0x0000000100000000)
  eden space 5632K, 0% used [0x00000000d5580000,0x00000000d5580000,0x00000000d5b00000)
  from space 2048K, 97% used [0x00000000d5d80000,0x00000000d5f73030,0x00000000d5f80000)
  to   space 2048K, 0% used [0x00000000d5b80000,0x00000000d5b80000,0x00000000d5d80000)
 ParOldGen       total 162816K, used 162487K [0x0000000080000000, 0x0000000089f00000, 0x00000000d5580000)
  object space 162816K, 99% used [0x0000000080000000,0x0000000089eaddf0,0x0000000089f00000)
 Metaspace       used 87310K, committed 89408K, reserved 1179648K
  class space    used 11352K, committed 12288K, reserved 1048576K
}
Event: 616.689 GC heap before
{Heap before GC invocations=222 (full 3):
 PSYoungGen      total 7680K, used 7628K [0x00000000d5580000, 0x00000000d5f80000, 0x0000000100000000)
  eden space 5632K, 100% used [0x00000000d5580000,0x00000000d5b00000,0x00000000d5b00000)
  from space 2048K, 97% used [0x00000000d5d80000,0x00000000d5f73030,0x00000000d5f80000)
  to   space 2048K, 0% used [0x00000000d5b80000,0x00000000d5b80000,0x00000000d5d80000)
 ParOldGen       total 162816K, used 162487K [0x0000000080000000, 0x0000000089f00000, 0x00000000d5580000)
  object space 162816K, 99% used [0x0000000080000000,0x0000000089eaddf0,0x0000000089f00000)
 Metaspace       used 87566K, committed 89664K, reserved 1179648K
  class space    used 11371K, committed 12352K, reserved 1048576K
}
Event: 616.692 GC heap after
{Heap after GC invocations=222 (full 3):
 PSYoungGen      total 7680K, used 1744K [0x00000000d5580000, 0x00000000d5f00000, 0x0000000100000000)
  eden space 5632K, 0% used [0x00000000d5580000,0x00000000d5580000,0x00000000d5b00000)
  from space 2048K, 85% used [0x00000000d5b80000,0x00000000d5d34010,0x00000000d5d80000)
  to   space 1536K, 0% used [0x00000000d5d80000,0x00000000d5d80000,0x00000000d5f00000)
 ParOldGen       total 164864K, used 164363K [0x0000000080000000, 0x000000008a100000, 0x00000000d5580000)
  object space 164864K, 99% used [0x0000000080000000,0x000000008a082e20,0x000000008a100000)
 Metaspace       used 87566K, committed 89664K, reserved 1179648K
  class space    used 11371K, committed 12352K, reserved 1048576K
}
Event: 616.709 GC heap before
{Heap before GC invocations=223 (full 3):
 PSYoungGen      total 7680K, used 7376K [0x00000000d5580000, 0x00000000d5f00000, 0x0000000100000000)
  eden space 5632K, 100% used [0x00000000d5580000,0x00000000d5b00000,0x00000000d5b00000)
  from space 2048K, 85% used [0x00000000d5b80000,0x00000000d5d34010,0x00000000d5d80000)
  to   space 1536K, 0% used [0x00000000d5d80000,0x00000000d5d80000,0x00000000d5f00000)
 ParOldGen       total 164864K, used 164363K [0x0000000080000000, 0x000000008a100000, 0x00000000d5580000)
  object space 164864K, 99% used [0x0000000080000000,0x000000008a082e20,0x000000008a100000)
 Metaspace       used 87567K, committed 89664K, reserved 1179648K
  class space    used 11371K, committed 12352K, reserved 1048576K
}
Event: 616.712 GC heap after
{Heap after GC invocations=223 (full 3):
 PSYoungGen      total 5120K, used 1504K [0x00000000d5580000, 0x00000000d6400000, 0x0000000100000000)
  eden space 3584K, 0% used [0x00000000d5580000,0x00000000d5580000,0x00000000d5900000)
  from space 1536K, 97% used [0x00000000d5d80000,0x00000000d5ef8010,0x00000000d5f00000)
  to   space 4608K, 0% used [0x00000000d5900000,0x00000000d5900000,0x00000000d5d80000)
 ParOldGen       total 166912K, used 166659K [0x0000000080000000, 0x000000008a300000, 0x00000000d5580000)
  object space 166912K, 99% used [0x0000000080000000,0x000000008a2c0e20,0x000000008a300000)
 Metaspace       used 87567K, committed 89664K, reserved 1179648K
  class space    used 11371K, committed 12352K, reserved 1048576K
}
Event: 616.903 GC heap before
{Heap before GC invocations=224 (full 3):
 PSYoungGen      total 5120K, used 5069K [0x00000000d5580000, 0x00000000d6400000, 0x0000000100000000)
  eden space 3584K, 99% used [0x00000000d5580000,0x00000000d58fb658,0x00000000d5900000)
  from space 1536K, 97% used [0x00000000d5d80000,0x00000000d5ef8010,0x00000000d5f00000)
  to   space 4608K, 0% used [0x00000000d5900000,0x00000000d5900000,0x00000000d5d80000)
 ParOldGen       total 166912K, used 166659K [0x0000000080000000, 0x000000008a300000, 0x00000000d5580000)
  object space 166912K, 99% used [0x0000000080000000,0x000000008a2c0e20,0x000000008a300000)
 Metaspace       used 87684K, committed 89792K, reserved 1179648K
  class space    used 11384K, committed 12352K, reserved 1048576K
}
Event: 616.906 GC heap after
{Heap after GC invocations=224 (full 3):
 PSYoungGen      total 4096K, used 278K [0x00000000d5580000, 0x00000000d5e00000, 0x0000000100000000)
  eden space 3584K, 0% used [0x00000000d5580000,0x00000000d5580000,0x00000000d5900000)
  from space 512K, 54% used [0x00000000d5900000,0x00000000d5945a30,0x00000000d5980000)
  to   space 2048K, 0% used [0x00000000d5c00000,0x00000000d5c00000,0x00000000d5e00000)
 ParOldGen       total 168448K, used 168195K [0x0000000080000000, 0x000000008a480000, 0x00000000d5580000)
  object space 168448K, 99% used [0x0000000080000000,0x000000008a440e30,0x000000008a480000)
 Metaspace       used 87684K, committed 89792K, reserved 1179648K
  class space    used 11384K, committed 12352K, reserved 1048576K
}

