# JRE version: OpenJDK Runtime Environment Temurin-21.0.12.1+1 (21.0.12.1+1) (build 21.0.12.1+1-LTS)
# Java VM: OpenJDK 64-Bit Server VM Temurin-21.0.12.1+1 (21.0.12.1+1-LTS, mixed mode, sharing, tiered, compressed oops, compressed class ptrs, g1 gc, windows-amd64)
GC Precious Log:
 CardTable entry size: 512
 Card Set container configuration: InlinePtr #cards 4 size 8 Array Of Cards #cards 16 size 48 Howl #buckets 8 coarsen threshold 3686 Howl Bitmap #cards 512 size 80 coarsen threshold 460 Card regions per heap region 1 cards per card region 4096
 CPUs: 8 total, 8 available
 Memory: 7502M
 Large Page Support: Disabled
 NUMA Support: Disabled
 Compressed Oops: Enabled (Zero based)
 Heap Region Size: 2M
 Heap Min Capacity: 8M
 Heap Initial Capacity: 118M
 Heap Max Capacity: 4G
 Pre-touch: Disabled
 Parallel Workers: 8
 Concurrent Workers: 2
 Concurrent Refinement Workers: 8
 Periodic GC: Disabled
Heap:
 garbage-first heap   total 96256K, used 66596K [0x0000000700000000, 0x0000000800000000)
  region size 2048K, 21 young (43008K), 1 survivors (2048K)
 Metaspace       used 27137K, committed 28096K, reserved 1114112K
  class space    used 4071K, committed 4544K, reserved 1048576K
GC Heap History (20 events):
Event: 201.538 GC heap before
{Heap before GC invocations=5 (full 0):
 garbage-first heap   total 120832K, used 25284K [0x0000000700000000, 0x0000000800000000)
  region size 2048K, 2 young (4096K), 1 survivors (2048K)
 Metaspace       used 16123K, committed 16576K, reserved 1114112K
  class space    used 2217K, committed 2432K, reserved 1048576K
}
Event: 201.541 GC heap after
{Heap after GC invocations=6 (full 0):
 garbage-first heap   total 120832K, used 22928K [0x0000000700000000, 0x0000000800000000)
  region size 2048K, 1 young (2048K), 1 survivors (2048K)
 Metaspace       used 16123K, committed 16576K, reserved 1114112K
  class space    used 2217K, committed 2432K, reserved 1048576K
}
Event: 202.068 GC heap before
{Heap before GC invocations=6 (full 0):
 garbage-first heap   total 120832K, used 24976K [0x0000000700000000, 0x0000000800000000)
  region size 2048K, 2 young (4096K), 1 survivors (2048K)
 Metaspace       used 16481K, committed 16960K, reserved 1114112K
  class space    used 2278K, committed 2496K, reserved 1048576K
}
Event: 202.070 GC heap after
{Heap after GC invocations=7 (full 0):
 garbage-first heap   total 120832K, used 22929K [0x0000000700000000, 0x0000000800000000)
  region size 2048K, 1 young (2048K), 1 survivors (2048K)
 Metaspace       used 16481K, committed 16960K, reserved 1114112K
  class space    used 2278K, committed 2496K, reserved 1048576K
}
Event: 202.285 GC heap before
{Heap before GC invocations=7 (full 0):
 garbage-first heap   total 120832K, used 24977K [0x0000000700000000, 0x0000000800000000)
  region size 2048K, 2 young (4096K), 1 survivors (2048K)
 Metaspace       used 16667K, committed 17088K, reserved 1114112K
  class space    used 2311K, committed 2496K, reserved 1048576K
}
Event: 202.289 GC heap after
{Heap after GC invocations=8 (full 0):
 garbage-first heap   total 120832K, used 22989K [0x0000000700000000, 0x0000000800000000)
  region size 2048K, 1 young (2048K), 1 survivors (2048K)
 Metaspace       used 16667K, committed 17088K, reserved 1114112K
  class space    used 2311K, committed 2496K, reserved 1048576K
}
Event: 202.477 GC heap before
{Heap before GC invocations=8 (full 0):
 garbage-first heap   total 120832K, used 25037K [0x0000000700000000, 0x0000000800000000)
  region size 2048K, 2 young (4096K), 1 survivors (2048K)
 Metaspace       used 16961K, committed 17536K, reserved 1114112K
  class space    used 2363K, committed 2624K, reserved 1048576K
}
Event: 202.482 GC heap after
{Heap after GC invocations=9 (full 0):
 garbage-first heap   total 120832K, used 23112K [0x0000000700000000, 0x0000000800000000)
  region size 2048K, 1 young (2048K), 1 survivors (2048K)
 Metaspace       used 16961K, committed 17536K, reserved 1114112K
  class space    used 2363K, committed 2624K, reserved 1048576K
}
Event: 202.550 GC heap before
{Heap before GC invocations=9 (full 0):
 garbage-first heap   total 120832K, used 25160K [0x0000000700000000, 0x0000000800000000)
  region size 2048K, 2 young (4096K), 1 survivors (2048K)
 Metaspace       used 17106K, committed 17664K, reserved 1114112K
  class space    used 2385K, committed 2624K, reserved 1048576K
}
Event: 202.558 GC heap after
{Heap after GC invocations=10 (full 0):
 garbage-first heap   total 120832K, used 23221K [0x0000000700000000, 0x0000000800000000)
  region size 2048K, 1 young (2048K), 1 survivors (2048K)
 Metaspace       used 17106K, committed 17664K, reserved 1114112K
  class space    used 2385K, committed 2624K, reserved 1048576K
}
Event: 202.828 GC heap before
{Heap before GC invocations=10 (full 0):
 garbage-first heap   total 120832K, used 23221K [0x0000000700000000, 0x0000000800000000)
  region size 2048K, 2 young (4096K), 1 survivors (2048K)
 Metaspace       used 17457K, committed 17984K, reserved 1114112K
  class space    used 2445K, committed 2688K, reserved 1048576K
}
Event: 202.832 GC heap after
{Heap after GC invocations=11 (full 0):
 garbage-first heap   total 167936K, used 23388K [0x0000000700000000, 0x0000000800000000)
  region size 2048K, 1 young (2048K), 1 survivors (2048K)
 Metaspace       used 17457K, committed 17984K, reserved 1114112K
  class space    used 2445K, committed 2688K, reserved 1048576K
}
Event: 203.341 GC heap before
{Heap before GC invocations=11 (full 0):
 garbage-first heap   total 167936K, used 27484K [0x0000000700000000, 0x0000000800000000)
  region size 2048K, 4 young (8192K), 1 survivors (2048K)
 Metaspace       used 18135K, committed 18688K, reserved 1114112K
  class space    used 2563K, committed 2816K, reserved 1048576K
}
Event: 203.343 GC heap after
{Heap after GC invocations=12 (full 0):
 garbage-first heap   total 167936K, used 23808K [0x0000000700000000, 0x0000000800000000)
  region size 2048K, 1 young (2048K), 1 survivors (2048K)
 Metaspace       used 18135K, committed 18688K, reserved 1114112K
  class space    used 2563K, committed 2816K, reserved 1048576K
}
Event: 205.058 GC heap before
{Heap before GC invocations=12 (full 0):
 garbage-first heap   total 167936K, used 44288K [0x0000000700000000, 0x0000000800000000)
  region size 2048K, 12 young (24576K), 1 survivors (2048K)
 Metaspace       used 20865K, committed 21504K, reserved 1114112K
  class space    used 3034K, committed 3392K, reserved 1048576K
}
Event: 205.068 GC heap after
{Heap after GC invocations=13 (full 0):
 garbage-first heap   total 167936K, used 25434K [0x0000000700000000, 0x0000000800000000)
  region size 2048K, 2 young (4096K), 2 survivors (4096K)
 Metaspace       used 20865K, committed 21504K, reserved 1114112K
  class space    used 3034K, committed 3392K, reserved 1048576K
}
Event: 251.522 GC heap before
{Heap before GC invocations=14 (full 0):
 garbage-first heap   total 96256K, used 72538K [0x0000000700000000, 0x0000000800000000)
  region size 2048K, 25 young (51200K), 2 survivors (4096K)
 Metaspace       used 26243K, committed 27200K, reserved 1114112K
  class space    used 3921K, committed 4352K, reserved 1048576K
}
Event: 251.897 GC heap after
{Heap after GC invocations=15 (full 0):
 garbage-first heap   total 96256K, used 27560K [0x0000000700000000, 0x0000000800000000)
  region size 2048K, 3 young (6144K), 3 survivors (6144K)
 Metaspace       used 26243K, committed 27200K, reserved 1114112K
  class space    used 3921K, committed 4352K, reserved 1048576K
}
Event: 261.169 GC heap before
{Heap before GC invocations=15 (full 0):
 garbage-first heap   total 96256K, used 29608K [0x0000000700000000, 0x0000000800000000)
  region size 2048K, 4 young (8192K), 3 survivors (6144K)
 Metaspace       used 26249K, committed 27200K, reserved 1114112K
  class space    used 3921K, committed 4352K, reserved 1048576K
}
Event: 261.177 GC heap after
{Heap after GC invocations=16 (full 0):
 garbage-first heap   total 96256K, used 27684K [0x0000000700000000, 0x0000000800000000)
  region size 2048K, 1 young (2048K), 1 survivors (2048K)
 Metaspace       used 26249K, committed 27200K, reserved 1114112K
  class space    used 3921K, committed 4352K, reserved 1048576K
}

