# JRE version: OpenJDK Runtime Environment Temurin-21.0.12.1+1 (21.0.12.1+1) (build 21.0.12.1+1-LTS)
# Java VM: OpenJDK 64-Bit Server VM Temurin-21.0.12.1+1 (21.0.12.1+1-LTS, mixed mode, sharing, tiered, compressed oops, compressed class ptrs, g1 gc, windows-amd64)
GC Precious Log:
 CardTable entry size: 512
 Card Set container configuration: InlinePtr #cards 4 size 8 Array Of Cards #cards 16 size 48 Howl #buckets 8 coarsen threshold 3686 Howl Bitmap #cards 512 size 80 coarsen threshold 460 Card regions per heap region 1 cards per card region 4096
 CPUs: 8 total, 8 available
 Memory: 7502M
 Large Page Support: Disabled
 NUMA Support: Disabled
 Compressed Oops: Enabled (Zero based)
 Heap Region Size: 2M
 Heap Min Capacity: 8M
 Heap Initial Capacity: 118M
 Heap Max Capacity: 4G
 Pre-touch: Disabled
 Parallel Workers: 8
 Concurrent Workers: 2
 Concurrent Refinement Workers: 8
 Periodic GC: Disabled
Heap:
 garbage-first heap   total 120832K, used 22563K [0x0000000700000000, 0x0000000800000000)
  region size 2048K, 1 young (2048K), 1 survivors (2048K)
 Metaspace       used 17052K, committed 17536K, reserved 1114112K
  class space    used 2370K, committed 2624K, reserved 1048576K
GC Heap History (20 events):
Event: 245.556 GC heap after
{Heap after GC invocations=4 (full 0):
 garbage-first heap   total 120832K, used 22043K [0x0000000700000000, 0x0000000800000000)
  region size 2048K, 2 young (4096K), 2 survivors (4096K)
 Metaspace       used 15270K, committed 15744K, reserved 1114112K
  class space    used 2098K, committed 2304K, reserved 1048576K
}
Event: 245.590 GC heap before
{Heap before GC invocations=4 (full 0):
 garbage-first heap   total 120832K, used 24091K [0x0000000700000000, 0x0000000800000000)
  region size 2048K, 3 young (6144K), 2 survivors (4096K)
 Metaspace       used 15270K, committed 15744K, reserved 1114112K
  class space    used 2098K, committed 2304K, reserved 1048576K
}
Event: 245.646 GC heap after
{Heap after GC invocations=5 (full 0):
 garbage-first heap   total 120832K, used 22660K [0x0000000700000000, 0x0000000800000000)
  region size 2048K, 1 young (2048K), 1 survivors (2048K)
 Metaspace       used 15270K, committed 15744K, reserved 1114112K
  class space    used 2098K, committed 2304K, reserved 1048576K
}
Event: 252.259 GC heap before
{Heap before GC invocations=5 (full 0):
 garbage-first heap   total 120832K, used 24708K [0x0000000700000000, 0x0000000800000000)
  region size 2048K, 2 young (4096K), 1 survivors (2048K)
 Metaspace       used 15285K, committed 15744K, reserved 1114112K
  class space    used 2098K, committed 2304K, reserved 1048576K
}
Event: 252.262 GC heap after
{Heap after GC invocations=6 (full 0):
 garbage-first heap   total 120832K, used 22085K [0x0000000700000000, 0x0000000800000000)
  region size 2048K, 1 young (2048K), 1 survivors (2048K)
 Metaspace       used 15285K, committed 15744K, reserved 1114112K
  class space    used 2098K, committed 2304K, reserved 1048576K
}
Event: 262.300 GC heap before
{Heap before GC invocations=6 (full 0):
 garbage-first heap   total 120832K, used 24133K [0x0000000700000000, 0x0000000800000000)
  region size 2048K, 2 young (4096K), 1 survivors (2048K)
 Metaspace       used 15310K, committed 15744K, reserved 1114112K
  class space    used 2098K, committed 2304K, reserved 1048576K
}
Event: 262.826 GC heap after
{Heap after GC invocations=7 (full 0):
 garbage-first heap   total 120832K, used 22068K [0x0000000700000000, 0x0000000800000000)
  region size 2048K, 1 young (2048K), 1 survivors (2048K)
 Metaspace       used 15310K, committed 15744K, reserved 1114112K
  class space    used 2098K, committed 2304K, reserved 1048576K
}
Event: 278.687 GC heap before
{Heap before GC invocations=7 (full 0):
 garbage-first heap   total 120832K, used 24116K [0x0000000700000000, 0x0000000800000000)
  region size 2048K, 2 young (4096K), 1 survivors (2048K)
 Metaspace       used 15386K, committed 15808K, reserved 1114112K
  class space    used 2109K, committed 2304K, reserved 1048576K
}
Event: 278.783 GC heap after
{Heap after GC invocations=8 (full 0):
 garbage-first heap   total 120832K, used 22040K [0x0000000700000000, 0x0000000800000000)
  region size 2048K, 1 young (2048K), 1 survivors (2048K)
 Metaspace       used 15386K, committed 15808K, reserved 1114112K
  class space    used 2109K, committed 2304K, reserved 1048576K
}
Event: 288.399 GC heap before
{Heap before GC invocations=8 (full 0):
 garbage-first heap   total 120832K, used 24088K [0x0000000700000000, 0x0000000800000000)
  region size 2048K, 2 young (4096K), 1 survivors (2048K)
 Metaspace       used 15587K, committed 16064K, reserved 1114112K
  class space    used 2121K, committed 2304K, reserved 1048576K
}
Event: 288.410 GC heap after
{Heap after GC invocations=9 (full 0):
 garbage-first heap   total 120832K, used 22084K [0x0000000700000000, 0x0000000800000000)
  region size 2048K, 1 young (2048K), 1 survivors (2048K)
 Metaspace       used 15587K, committed 16064K, reserved 1114112K
  class space    used 2121K, committed 2304K, reserved 1048576K
}
Event: 293.016 GC heap before
{Heap before GC invocations=9 (full 0):
 garbage-first heap   total 120832K, used 24132K [0x0000000700000000, 0x0000000800000000)
  region size 2048K, 2 young (4096K), 1 survivors (2048K)
 Metaspace       used 15861K, committed 16320K, reserved 1114112K
  class space    used 2166K, committed 2368K, reserved 1048576K
}
Event: 293.019 GC heap after
{Heap after GC invocations=10 (full 0):
 garbage-first heap   total 120832K, used 22163K [0x0000000700000000, 0x0000000800000000)
  region size 2048K, 1 young (2048K), 1 survivors (2048K)
 Metaspace       used 15861K, committed 16320K, reserved 1114112K
  class space    used 2166K, committed 2368K, reserved 1048576K
}
Event: 295.008 GC heap before
{Heap before GC invocations=10 (full 0):
 garbage-first heap   total 120832K, used 24211K [0x0000000700000000, 0x0000000800000000)
  region size 2048K, 2 young (4096K), 1 survivors (2048K)
 Metaspace       used 16139K, committed 16640K, reserved 1114112K
  class space    used 2209K, committed 2432K, reserved 1048576K
}
Event: 295.011 GC heap after
{Heap after GC invocations=11 (full 0):
 garbage-first heap   total 120832K, used 22234K [0x0000000700000000, 0x0000000800000000)
  region size 2048K, 1 young (2048K), 1 survivors (2048K)
 Metaspace       used 16139K, committed 16640K, reserved 1114112K
  class space    used 2209K, committed 2432K, reserved 1048576K
}
Event: 296.913 GC heap before
{Heap before GC invocations=11 (full 0):
 garbage-first heap   total 120832K, used 22234K [0x0000000700000000, 0x0000000800000000)
  region size 2048K, 2 young (4096K), 1 survivors (2048K)
 Metaspace       used 16448K, committed 16960K, reserved 1114112K
  class space    used 2264K, committed 2496K, reserved 1048576K
}
Event: 296.915 GC heap after
{Heap after GC invocations=12 (full 0):
 garbage-first heap   total 120832K, used 22391K [0x0000000700000000, 0x0000000800000000)
  region size 2048K, 1 young (2048K), 1 survivors (2048K)
 Metaspace       used 16448K, committed 16960K, reserved 1114112K
  class space    used 2264K, committed 2496K, reserved 1048576K
}
Event: 299.149 GC heap before
{Heap before GC invocations=12 (full 0):
 garbage-first heap   total 120832K, used 24439K [0x0000000700000000, 0x0000000800000000)
  region size 2048K, 2 young (4096K), 1 survivors (2048K)
 Metaspace       used 16782K, committed 17280K, reserved 1114112K
  class space    used 2323K, committed 2560K, reserved 1048576K
}
Event: 299.192 GC heap after
{Heap after GC invocations=13 (full 0):
 garbage-first heap   total 120832K, used 22435K [0x0000000700000000, 0x0000000800000000)
  region size 2048K, 1 young (2048K), 1 survivors (2048K)
 Metaspace       used 16782K, committed 17280K, reserved 1114112K
  class space    used 2323K, committed 2560K, reserved 1048576K
}
Event: 301.807 GC heap before
{Heap before GC invocations=13 (full 0):
 garbage-first heap   total 120832K, used 24483K [0x0000000700000000, 0x0000000800000000)
  region size 2048K, 2 young (4096K), 1 survivors (2048K)
 Metaspace       used 17052K, committed 17536K, reserved 1114112K
  class space    used 2370K, committed 2624K, reserved 1048576K
}

