# JRE version: OpenJDK Runtime Environment Temurin-21.0.12.1+1 (21.0.12.1+1) (build 21.0.12.1+1-LTS)
# Java VM: OpenJDK 64-Bit Server VM Temurin-21.0.12.1+1 (21.0.12.1+1-LTS, mixed mode, sharing, tiered, compressed oops, compressed class ptrs, g1 gc, windows-amd64)
GC Precious Log:
 CardTable entry size: 512
 Card Set container configuration: InlinePtr #cards 4 size 8 Array Of Cards #cards 16 size 48 Howl #buckets 8 coarsen threshold 3686 Howl Bitmap #cards 512 size 80 coarsen threshold 460 Card regions per heap region 1 cards per card region 4096
 CPUs: 8 total, 8 available
 Memory: 7502M
 Large Page Support: Disabled
 NUMA Support: Disabled
 Compressed Oops: Enabled (Zero based)
 Heap Region Size: 2M
 Heap Min Capacity: 8M
 Heap Initial Capacity: 118M
 Heap Max Capacity: 4G
 Pre-touch: Disabled
 Parallel Workers: 8
 Concurrent Workers: 2
 Concurrent Refinement Workers: 8
 Periodic GC: Disabled
Heap:
 garbage-first heap   total 141312K, used 44525K [0x0000000700000000, 0x0000000800000000)
  region size 2048K, 6 young (12288K), 1 survivors (2048K)
 Metaspace       used 40821K, committed 42304K, reserved 1114112K
  class space    used 5885K, committed 6592K, reserved 1048576K
GC Heap History (20 events):
Event: 682.301 GC heap before
{Heap before GC invocations=21 (full 0):
 garbage-first heap   total 116736K, used 35755K [0x0000000700000000, 0x0000000800000000)
  region size 2048K, 2 young (4096K), 1 survivors (2048K)
 Metaspace       used 35819K, committed 36928K, reserved 1114112K
  class space    used 5079K, committed 5632K, reserved 1048576K
}
Event: 682.343 GC heap after
{Heap after GC invocations=22 (full 0):
 garbage-first heap   total 116736K, used 33681K [0x0000000700000000, 0x0000000800000000)
  region size 2048K, 1 young (2048K), 1 survivors (2048K)
 Metaspace       used 35819K, committed 36928K, reserved 1114112K
  class space    used 5079K, committed 5632K, reserved 1048576K
}
Event: 704.358 GC heap before
{Heap before GC invocations=22 (full 0):
 garbage-first heap   total 116736K, used 35729K [0x0000000700000000, 0x0000000800000000)
  region size 2048K, 2 young (4096K), 1 survivors (2048K)
 Metaspace       used 35821K, committed 36928K, reserved 1114112K
  class space    used 5079K, committed 5632K, reserved 1048576K
}
Event: 705.180 GC heap after
{Heap after GC invocations=23 (full 0):
 garbage-first heap   total 116736K, used 33766K [0x0000000700000000, 0x0000000800000000)
  region size 2048K, 1 young (2048K), 1 survivors (2048K)
 Metaspace       used 35821K, committed 36928K, reserved 1114112K
  class space    used 5079K, committed 5632K, reserved 1048576K
}
Event: 725.446 GC heap before
{Heap before GC invocations=23 (full 0):
 garbage-first heap   total 116736K, used 35814K [0x0000000700000000, 0x0000000800000000)
  region size 2048K, 2 young (4096K), 1 survivors (2048K)
 Metaspace       used 35821K, committed 36928K, reserved 1114112K
  class space    used 5079K, committed 5632K, reserved 1048576K
}
Event: 725.642 GC heap after
{Heap after GC invocations=24 (full 0):
 garbage-first heap   total 141312K, used 33685K [0x0000000700000000, 0x0000000800000000)
  region size 2048K, 1 young (2048K), 1 survivors (2048K)
 Metaspace       used 35821K, committed 36928K, reserved 1114112K
  class space    used 5079K, committed 5632K, reserved 1048576K
}
Event: 754.746 GC heap before
{Heap before GC invocations=24 (full 0):
 garbage-first heap   total 141312K, used 37781K [0x0000000700000000, 0x0000000800000000)
  region size 2048K, 3 young (6144K), 1 survivors (2048K)
 Metaspace       used 35858K, committed 36992K, reserved 1114112K
  class space    used 5084K, committed 5632K, reserved 1048576K
}
Event: 754.767 GC heap after
{Heap after GC invocations=25 (full 0):
 garbage-first heap   total 141312K, used 33984K [0x0000000700000000, 0x0000000800000000)
  region size 2048K, 1 young (2048K), 1 survivors (2048K)
 Metaspace       used 35858K, committed 36992K, reserved 1114112K
  class space    used 5084K, committed 5632K, reserved 1048576K
}
Event: 759.399 GC heap before
{Heap before GC invocations=25 (full 0):
 garbage-first heap   total 141312K, used 36032K [0x0000000700000000, 0x0000000800000000)
  region size 2048K, 3 young (6144K), 1 survivors (2048K)
 Metaspace       used 36249K, committed 37376K, reserved 1114112K
  class space    used 5130K, committed 5696K, reserved 1048576K
}
Event: 759.404 GC heap after
{Heap after GC invocations=26 (full 0):
 garbage-first heap   total 141312K, used 34393K [0x0000000700000000, 0x0000000800000000)
  region size 2048K, 1 young (2048K), 1 survivors (2048K)
 Metaspace       used 36249K, committed 37376K, reserved 1114112K
  class space    used 5130K, committed 5696K, reserved 1048576K
}
Event: 762.045 GC heap before
{Heap before GC invocations=26 (full 0):
 garbage-first heap   total 141312K, used 38489K [0x0000000700000000, 0x0000000800000000)
  region size 2048K, 3 young (6144K), 1 survivors (2048K)
 Metaspace       used 36809K, committed 37952K, reserved 1114112K
  class space    used 5204K, committed 5760K, reserved 1048576K
}
Event: 762.050 GC heap after
{Heap after GC invocations=27 (full 0):
 garbage-first heap   total 141312K, used 34709K [0x0000000700000000, 0x0000000800000000)
  region size 2048K, 1 young (2048K), 1 survivors (2048K)
 Metaspace       used 36809K, committed 37952K, reserved 1114112K
  class space    used 5204K, committed 5760K, reserved 1048576K
}
Event: 765.353 GC heap before
{Heap before GC invocations=27 (full 0):
 garbage-first heap   total 141312K, used 36757K [0x0000000700000000, 0x0000000800000000)
  region size 2048K, 3 young (6144K), 1 survivors (2048K)
 Metaspace       used 37224K, committed 38464K, reserved 1114112K
  class space    used 5278K, committed 5888K, reserved 1048576K
}
Event: 765.368 GC heap after
{Heap after GC invocations=28 (full 0):
 garbage-first heap   total 141312K, used 35003K [0x0000000700000000, 0x0000000800000000)
  region size 2048K, 1 young (2048K), 1 survivors (2048K)
 Metaspace       used 37224K, committed 38464K, reserved 1114112K
  class space    used 5278K, committed 5888K, reserved 1048576K
}
Event: 767.131 GC heap before
{Heap before GC invocations=28 (full 0):
 garbage-first heap   total 141312K, used 39099K [0x0000000700000000, 0x0000000800000000)
  region size 2048K, 3 young (6144K), 1 survivors (2048K)
 Metaspace       used 37637K, committed 38848K, reserved 1114112K
  class space    used 5349K, committed 5952K, reserved 1048576K
}
Event: 767.134 GC heap after
{Heap after GC invocations=29 (full 0):
 garbage-first heap   total 141312K, used 35363K [0x0000000700000000, 0x0000000800000000)
  region size 2048K, 1 young (2048K), 1 survivors (2048K)
 Metaspace       used 37637K, committed 38848K, reserved 1114112K
  class space    used 5349K, committed 5952K, reserved 1048576K
}
Event: 768.206 GC heap before
{Heap before GC invocations=29 (full 0):
 garbage-first heap   total 141312K, used 39459K [0x0000000700000000, 0x0000000800000000)
  region size 2048K, 3 young (6144K), 1 survivors (2048K)
 Metaspace       used 38041K, committed 39296K, reserved 1114112K
  class space    used 5418K, committed 6016K, reserved 1048576K
}
Event: 768.209 GC heap after
{Heap after GC invocations=30 (full 0):
 garbage-first heap   total 141312K, used 35546K [0x0000000700000000, 0x0000000800000000)
  region size 2048K, 1 young (2048K), 1 survivors (2048K)
 Metaspace       used 38041K, committed 39296K, reserved 1114112K
  class space    used 5418K, committed 6016K, reserved 1048576K
}
Event: 771.888 GC heap before
{Heap before GC invocations=30 (full 0):
 garbage-first heap   total 141312K, used 49882K [0x0000000700000000, 0x0000000800000000)
  region size 2048K, 9 young (18432K), 1 survivors (2048K)
 Metaspace       used 39844K, committed 41280K, reserved 1114112K
  class space    used 5731K, committed 6464K, reserved 1048576K
}
Event: 771.893 GC heap after
{Heap after GC invocations=31 (full 0):
 garbage-first heap   total 141312K, used 36333K [0x0000000700000000, 0x0000000800000000)
  region size 2048K, 1 young (2048K), 1 survivors (2048K)
 Metaspace       used 39844K, committed 41280K, reserved 1114112K
  class space    used 5731K, committed 6464K, reserved 1048576K
}

