# JRE version: OpenJDK Runtime Environment Temurin-21.0.12.1+1 (21.0.12.1+1) (build 21.0.12.1+1-LTS)
# Java VM: OpenJDK 64-Bit Server VM Temurin-21.0.12.1+1 (21.0.12.1+1-LTS, mixed mode, sharing, tiered, compressed oops, compressed class ptrs, g1 gc, windows-amd64)
GC Precious Log:
 CardTable entry size: 512
 Card Set container configuration: InlinePtr #cards 4 size 8 Array Of Cards #cards 16 size 48 Howl #buckets 8 coarsen threshold 3686 Howl Bitmap #cards 512 size 80 coarsen threshold 460 Card regions per heap region 1 cards per card region 4096
 CPUs: 8 total, 8 available
 Memory: 7502M
 Large Page Support: Disabled
 NUMA Support: Disabled
 Compressed Oops: Enabled (Zero based)
 Heap Region Size: 2M
 Heap Min Capacity: 8M
 Heap Initial Capacity: 118M
 Heap Max Capacity: 4G
 Pre-touch: Disabled
 Parallel Workers: 8
 Concurrent Workers: 2
 Concurrent Refinement Workers: 8
 Periodic GC: Disabled
Heap:
 garbage-first heap   total 120832K, used 27252K [0x0000000700000000, 0x0000000800000000)
  region size 2048K, 1 young (2048K), 1 survivors (2048K)
 Metaspace       used 26923K, committed 27904K, reserved 1114112K
  class space    used 4036K, committed 4480K, reserved 1048576K
GC Heap History (20 events):
Event: 17.606 GC heap after
{Heap after GC invocations=3 (full 0):
 garbage-first heap   total 120832K, used 19654K [0x0000000700000000, 0x0000000800000000)
  region size 2048K, 4 young (8192K), 4 survivors (8192K)
 Metaspace       used 9336K, committed 9600K, reserved 1114112K
  class space    used 1271K, committed 1408K, reserved 1048576K
}
Event: 230.315 GC heap before
{Heap before GC invocations=3 (full 0):
 garbage-first heap   total 120832K, used 83142K [0x0000000700000000, 0x0000000800000000)
  region size 2048K, 35 young (71680K), 4 survivors (8192K)
 Metaspace       used 16971K, committed 17536K, reserved 1114112K
  class space    used 2373K, committed 2624K, reserved 1048576K
}
Event: 231.847 GC heap after
{Heap after GC invocations=4 (full 0):
 garbage-first heap   total 120832K, used 22948K [0x0000000700000000, 0x0000000800000000)
  region size 2048K, 2 young (4096K), 2 survivors (4096K)
 Metaspace       used 16971K, committed 17536K, reserved 1114112K
  class space    used 2373K, committed 2624K, reserved 1048576K
}
Event: 231.935 GC heap before
{Heap before GC invocations=4 (full 0):
 garbage-first heap   total 120832K, used 24996K [0x0000000700000000, 0x0000000800000000)
  region size 2048K, 3 young (6144K), 2 survivors (4096K)
 Metaspace       used 17076K, committed 17600K, reserved 1114112K
  class space    used 2388K, committed 2624K, reserved 1048576K
}
Event: 231.938 GC heap after
{Heap after GC invocations=5 (full 0):
 garbage-first heap   total 120832K, used 23346K [0x0000000700000000, 0x0000000800000000)
  region size 2048K, 1 young (2048K), 1 survivors (2048K)
 Metaspace       used 17076K, committed 17600K, reserved 1114112K
  class space    used 2388K, committed 2624K, reserved 1048576K
}
Event: 235.627 GC heap before
{Heap before GC invocations=5 (full 0):
 garbage-first heap   total 120832K, used 43826K [0x0000000700000000, 0x0000000800000000)
  region size 2048K, 12 young (24576K), 1 survivors (2048K)
 Metaspace       used 19951K, committed 20608K, reserved 1114112K
  class space    used 2901K, committed 3200K, reserved 1048576K
}
Event: 235.633 GC heap after
{Heap after GC invocations=6 (full 0):
 garbage-first heap   total 120832K, used 24540K [0x0000000700000000, 0x0000000800000000)
  region size 2048K, 1 young (2048K), 1 survivors (2048K)
 Metaspace       used 19951K, committed 20608K, reserved 1114112K
  class space    used 2901K, committed 3200K, reserved 1048576K
}
Event: 236.503 GC heap before
{Heap before GC invocations=6 (full 0):
 garbage-first heap   total 120832K, used 30684K [0x0000000700000000, 0x0000000800000000)
  region size 2048K, 5 young (10240K), 1 survivors (2048K)
 Metaspace       used 20842K, committed 21504K, reserved 1114112K
  class space    used 3040K, committed 3392K, reserved 1048576K
}
Event: 236.508 GC heap after
{Heap after GC invocations=7 (full 0):
 garbage-first heap   total 120832K, used 25066K [0x0000000700000000, 0x0000000800000000)
  region size 2048K, 2 young (4096K), 2 survivors (4096K)
 Metaspace       used 20842K, committed 21504K, reserved 1114112K
  class space    used 3040K, committed 3392K, reserved 1048576K
}
Event: 239.080 GC heap before
{Heap before GC invocations=8 (full 0):
 garbage-first heap   total 96256K, used 45546K [0x0000000700000000, 0x0000000800000000)
  region size 2048K, 12 young (24576K), 2 survivors (4096K)
 Metaspace       used 23369K, committed 24256K, reserved 1114112K
  class space    used 3472K, committed 3904K, reserved 1048576K
}
Event: 239.088 GC heap after
{Heap after GC invocations=9 (full 0):
 garbage-first heap   total 96256K, used 26335K [0x0000000700000000, 0x0000000800000000)
  region size 2048K, 2 young (4096K), 2 survivors (4096K)
 Metaspace       used 23369K, committed 24256K, reserved 1114112K
  class space    used 3472K, committed 3904K, reserved 1048576K
}
Event: 369.920 GC heap before
{Heap before GC invocations=9 (full 0):
 garbage-first heap   total 96256K, used 57055K [0x0000000700000000, 0x0000000800000000)
  region size 2048K, 17 young (34816K), 2 survivors (4096K)
 Metaspace       used 26245K, committed 27136K, reserved 1114112K
  class space    used 3920K, committed 4352K, reserved 1048576K
}
Event: 370.165 GC heap after
{Heap after GC invocations=10 (full 0):
 garbage-first heap   total 96256K, used 27162K [0x0000000700000000, 0x0000000800000000)
  region size 2048K, 2 young (4096K), 2 survivors (4096K)
 Metaspace       used 26245K, committed 27136K, reserved 1114112K
  class space    used 3920K, committed 4352K, reserved 1048576K
}
Event: 633.756 GC heap before
{Heap before GC invocations=10 (full 0):
 garbage-first heap   total 96256K, used 57882K [0x0000000700000000, 0x0000000800000000)
  region size 2048K, 17 young (34816K), 2 survivors (4096K)
 Metaspace       used 26923K, committed 27904K, reserved 1114112K
  class space    used 4036K, committed 4480K, reserved 1048576K
}
Event: 634.695 GC heap after
{Heap after GC invocations=11 (full 0):
 garbage-first heap   total 96256K, used 27513K [0x0000000700000000, 0x0000000800000000)
  region size 2048K, 2 young (4096K), 2 survivors (4096K)
 Metaspace       used 26923K, committed 27904K, reserved 1114112K
  class space    used 4036K, committed 4480K, reserved 1048576K
}
Event: 656.725 GC heap before
{Heap before GC invocations=11 (full 0):
 garbage-first heap   total 96256K, used 29561K [0x0000000700000000, 0x0000000800000000)
  region size 2048K, 3 young (6144K), 2 survivors (4096K)
 Metaspace       used 26923K, committed 27904K, reserved 1114112K
  class space    used 4036K, committed 4480K, reserved 1048576K
}
Event: 656.738 GC heap after
{Heap after GC invocations=12 (full 0):
 garbage-first heap   total 96256K, used 27395K [0x0000000700000000, 0x0000000800000000)
  region size 2048K, 1 young (2048K), 1 survivors (2048K)
 Metaspace       used 26923K, committed 27904K, reserved 1114112K
  class space    used 4036K, committed 4480K, reserved 1048576K
}
Event: 678.695 GC heap before
{Heap before GC invocations=12 (full 0):
 garbage-first heap   total 96256K, used 29443K [0x0000000700000000, 0x0000000800000000)
  region size 2048K, 2 young (4096K), 1 survivors (2048K)
 Metaspace       used 26923K, committed 27904K, reserved 1114112K
  class space    used 4036K, committed 4480K, reserved 1048576K
}
Event: 684.731 GC heap after
{Heap after GC invocations=13 (full 0):
 garbage-first heap   total 96256K, used 27438K [0x0000000700000000, 0x0000000800000000)
  region size 2048K, 1 young (2048K), 1 survivors (2048K)
 Metaspace       used 26923K, committed 27904K, reserved 1114112K
  class space    used 4036K, committed 4480K, reserved 1048576K
}
Event: 708.173 GC heap before
{Heap before GC invocations=13 (full 0):
 garbage-first heap   total 96256K, used 29486K [0x0000000700000000, 0x0000000800000000)
  region size 2048K, 2 young (4096K), 1 survivors (2048K)
 Metaspace       used 26923K, committed 27904K, reserved 1114112K
  class space    used 4036K, committed 4480K, reserved 1048576K
}

