# JRE version: OpenJDK Runtime Environment Temurin-21.0.12.1+1 (21.0.12.1+1) (build 21.0.12.1+1-LTS)
# Java VM: OpenJDK 64-Bit Server VM Temurin-21.0.12.1+1 (21.0.12.1+1-LTS, mixed mode, sharing, tiered, compressed oops, compressed class ptrs, g1 gc, windows-amd64)
GC Precious Log:
 CardTable entry size: 512
 Card Set container configuration: InlinePtr #cards 4 size 8 Array Of Cards #cards 16 size 48 Howl #buckets 8 coarsen threshold 3686 Howl Bitmap #cards 512 size 80 coarsen threshold 460 Card regions per heap region 1 cards per card region 4096
 CPUs: 8 total, 8 available
 Memory: 7502M
 Large Page Support: Disabled
 NUMA Support: Disabled
 Compressed Oops: Enabled (Zero based)
 Heap Region Size: 2M
 Heap Min Capacity: 8M
 Heap Initial Capacity: 118M
 Heap Max Capacity: 4G
 Pre-touch: Disabled
 Parallel Workers: 8
 Concurrent Workers: 2
 Concurrent Refinement Workers: 8
 Periodic GC: Disabled
Heap:
 garbage-first heap   total 90112K, used 70129K [0x0000000700000000, 0x0000000800000000)
  region size 2048K, 25 young (51200K), 2 survivors (4096K)
 Metaspace       used 26664K, committed 27648K, reserved 1114112K
  class space    used 4000K, committed 4480K, reserved 1048576K
GC Heap History (12 events):
Event: 2.044 GC heap before
{Heap before GC invocations=0 (full 0):
 garbage-first heap   total 120832K, used 22528K [0x0000000700000000, 0x0000000800000000)
  region size 2048K, 11 young (22528K), 0 survivors (0K)
 Metaspace       used 883K, committed 1024K, reserved 1114112K
  class space    used 71K, committed 128K, reserved 1048576K
}
Event: 2.100 GC heap after
{Heap after GC invocations=1 (full 0):
 garbage-first heap   total 120832K, used 1536K [0x0000000700000000, 0x0000000800000000)
  region size 2048K, 1 young (2048K), 1 survivors (2048K)
 Metaspace       used 883K, committed 1024K, reserved 1114112K
  class space    used 71K, committed 128K, reserved 1048576K
}
Event: 7.077 GC heap before
{Heap before GC invocations=1 (full 0):
 garbage-first heap   total 120832K, used 42496K [0x0000000700000000, 0x0000000800000000)
  region size 2048K, 20 young (40960K), 1 survivors (2048K)
 Metaspace       used 4393K, committed 4544K, reserved 1114112K
  class space    used 558K, committed 640K, reserved 1048576K
}
Event: 7.087 GC heap after
{Heap after GC invocations=2 (full 0):
 garbage-first heap   total 120832K, used 11744K [0x0000000700000000, 0x0000000800000000)
  region size 2048K, 3 young (6144K), 3 survivors (6144K)
 Metaspace       used 4393K, committed 4544K, reserved 1114112K
  class space    used 558K, committed 640K, reserved 1048576K
}
Event: 12.178 GC heap before
{Heap before GC invocations=2 (full 0):
 garbage-first heap   total 120832K, used 73184K [0x0000000700000000, 0x0000000800000000)
  region size 2048K, 34 young (69632K), 3 survivors (6144K)
 Metaspace       used 8553K, committed 8832K, reserved 1114112K
  class space    used 1177K, committed 1344K, reserved 1048576K
}
Event: 12.190 GC heap after
{Heap after GC invocations=3 (full 0):
 garbage-first heap   total 120832K, used 19160K [0x0000000700000000, 0x0000000800000000)
  region size 2048K, 4 young (8192K), 4 survivors (8192K)
 Metaspace       used 8553K, committed 8832K, reserved 1114112K
  class space    used 1177K, committed 1344K, reserved 1048576K
}
Event: 267.641 GC heap before
{Heap before GC invocations=3 (full 0):
 garbage-first heap   total 120832K, used 82648K [0x0000000700000000, 0x0000000800000000)
  region size 2048K, 35 young (71680K), 4 survivors (8192K)
 Metaspace       used 15740K, committed 16192K, reserved 1114112K
  class space    used 2155K, committed 2368K, reserved 1048576K
}
Event: 268.127 GC heap after
{Heap after GC invocations=4 (full 0):
 garbage-first heap   total 120832K, used 22238K [0x0000000700000000, 0x0000000800000000)
  region size 2048K, 2 young (4096K), 2 survivors (4096K)
 Metaspace       used 15740K, committed 16192K, reserved 1114112K
  class space    used 2155K, committed 2368K, reserved 1048576K
}
Event: 348.603 GC heap before
{Heap before GC invocations=4 (full 0):
 garbage-first heap   total 120832K, used 50910K [0x0000000700000000, 0x0000000800000000)
  region size 2048K, 16 young (32768K), 2 survivors (4096K)
 Metaspace       used 18665K, committed 19264K, reserved 1114112K
  class space    used 2657K, committed 2944K, reserved 1048576K
}
Event: 348.673 GC heap after
{Heap after GC invocations=5 (full 0):
 garbage-first heap   total 120832K, used 23892K [0x0000000700000000, 0x0000000800000000)
  region size 2048K, 1 young (2048K), 1 survivors (2048K)
 Metaspace       used 18665K, committed 19264K, reserved 1114112K
  class space    used 2657K, committed 2944K, reserved 1048576K
}
Event: 350.984 GC heap before
{Heap before GC invocations=5 (full 0):
 garbage-first heap   total 120832K, used 40276K [0x0000000700000000, 0x0000000800000000)
  region size 2048K, 10 young (20480K), 1 survivors (2048K)
 Metaspace       used 20801K, committed 21504K, reserved 1114112K
  class space    used 3030K, committed 3392K, reserved 1048576K
}
Event: 350.995 GC heap after
{Heap after GC invocations=6 (full 0):
 garbage-first heap   total 120832K, used 25073K [0x0000000700000000, 0x0000000800000000)
  region size 2048K, 2 young (4096K), 2 survivors (4096K)
 Metaspace       used 20801K, committed 21504K, reserved 1114112K
  class space    used 3030K, committed 3392K, reserved 1048576K
}

