# JRE version: OpenJDK Runtime Environment Temurin-21.0.12.1+1 (21.0.12.1+1) (build 21.0.12.1+1-LTS)
# Java VM: OpenJDK 64-Bit Server VM Temurin-21.0.12.1+1 (21.0.12.1+1-LTS, mixed mode, sharing, tiered, compressed oops, compressed class ptrs, g1 gc, windows-amd64)
GC Precious Log:
 CardTable entry size: 512
 Card Set container configuration: InlinePtr #cards 4 size 8 Array Of Cards #cards 16 size 48 Howl #buckets 8 coarsen threshold 3686 Howl Bitmap #cards 512 size 80 coarsen threshold 460 Card regions per heap region 1 cards per card region 4096
 CPUs: 8 total, 8 available
 Memory: 7502M
 Large Page Support: Disabled
 NUMA Support: Disabled
 Compressed Oops: Enabled (Zero based)
 Heap Region Size: 2M
 Heap Min Capacity: 8M
 Heap Initial Capacity: 118M
 Heap Max Capacity: 4G
 Pre-touch: Disabled
 Parallel Workers: 8
 Concurrent Workers: 2
 Concurrent Refinement Workers: 8
 Periodic GC: Disabled
Heap:
 garbage-first heap   total 180224K, used 50563K [0x0000000700000000, 0x0000000800000000)
  region size 2048K, 6 young (12288K), 1 survivors (2048K)
 Metaspace       used 56709K, committed 58560K, reserved 1114112K
  class space    used 8234K, committed 9152K, reserved 1048576K
GC Heap History (20 events):
Event: 794.074 GC heap before
{Heap before GC invocations=26 (full 0):
 garbage-first heap   total 180224K, used 46013K [0x0000000700000000, 0x0000000800000000)
  region size 2048K, 4 young (8192K), 1 survivors (2048K)
 Metaspace       used 53956K, committed 55680K, reserved 1114112K
  class space    used 7765K, committed 8640K, reserved 1048576K
}
Event: 794.085 GC heap after
{Heap after GC invocations=27 (full 0):
 garbage-first heap   total 180224K, used 40107K [0x0000000700000000, 0x0000000800000000)
  region size 2048K, 1 young (2048K), 1 survivors (2048K)
 Metaspace       used 53956K, committed 55680K, reserved 1114112K
  class space    used 7765K, committed 8640K, reserved 1048576K
}
Event: 827.230 GC heap before
{Heap before GC invocations=27 (full 0):
 garbage-first heap   total 180224K, used 46251K [0x0000000700000000, 0x0000000800000000)
  region size 2048K, 4 young (8192K), 1 survivors (2048K)
 Metaspace       used 53956K, committed 55680K, reserved 1114112K
  class space    used 7765K, committed 8640K, reserved 1048576K
}
Event: 830.252 GC heap after
{Heap after GC invocations=28 (full 0):
 garbage-first heap   total 180224K, used 40219K [0x0000000700000000, 0x0000000800000000)
  region size 2048K, 1 young (2048K), 1 survivors (2048K)
 Metaspace       used 53956K, committed 55680K, reserved 1114112K
  class space    used 7765K, committed 8640K, reserved 1048576K
}
Event: 855.810 GC heap before
{Heap before GC invocations=28 (full 0):
 garbage-first heap   total 180224K, used 46363K [0x0000000700000000, 0x0000000800000000)
  region size 2048K, 4 young (8192K), 1 survivors (2048K)
 Metaspace       used 54098K, committed 55808K, reserved 1114112K
  class space    used 7778K, committed 8640K, reserved 1048576K
}
Event: 855.846 GC heap after
{Heap after GC invocations=29 (full 0):
 garbage-first heap   total 180224K, used 40399K [0x0000000700000000, 0x0000000800000000)
  region size 2048K, 1 young (2048K), 1 survivors (2048K)
 Metaspace       used 54098K, committed 55808K, reserved 1114112K
  class space    used 7778K, committed 8640K, reserved 1048576K
}
Event: 865.121 GC heap before
{Heap before GC invocations=29 (full 0):
 garbage-first heap   total 180224K, used 46543K [0x0000000700000000, 0x0000000800000000)
  region size 2048K, 4 young (8192K), 1 survivors (2048K)
 Metaspace       used 54614K, committed 56384K, reserved 1114112K
  class space    used 7875K, committed 8768K, reserved 1048576K
}
Event: 865.126 GC heap after
{Heap after GC invocations=30 (full 0):
 garbage-first heap   total 180224K, used 40636K [0x0000000700000000, 0x0000000800000000)
  region size 2048K, 1 young (2048K), 1 survivors (2048K)
 Metaspace       used 54614K, committed 56384K, reserved 1114112K
  class space    used 7875K, committed 8768K, reserved 1048576K
}
Event: 867.446 GC heap before
{Heap before GC invocations=30 (full 0):
 garbage-first heap   total 180224K, used 46780K [0x0000000700000000, 0x0000000800000000)
  region size 2048K, 4 young (8192K), 1 survivors (2048K)
 Metaspace       used 54909K, committed 56704K, reserved 1114112K
  class space    used 7928K, committed 8832K, reserved 1048576K
}
Event: 867.454 GC heap after
{Heap after GC invocations=31 (full 0):
 garbage-first heap   total 180224K, used 41556K [0x0000000700000000, 0x0000000800000000)
  region size 2048K, 1 young (2048K), 1 survivors (2048K)
 Metaspace       used 54909K, committed 56704K, reserved 1114112K
  class space    used 7928K, committed 8832K, reserved 1048576K
}
Event: 871.280 GC heap before
{Heap before GC invocations=31 (full 0):
 garbage-first heap   total 180224K, used 45652K [0x0000000700000000, 0x0000000800000000)
  region size 2048K, 4 young (8192K), 1 survivors (2048K)
 Metaspace       used 55482K, committed 57280K, reserved 1114112K
  class space    used 8029K, committed 8896K, reserved 1048576K
}
Event: 871.494 GC heap after
{Heap after GC invocations=32 (full 0):
 garbage-first heap   total 180224K, used 41858K [0x0000000700000000, 0x0000000800000000)
  region size 2048K, 1 young (2048K), 1 survivors (2048K)
 Metaspace       used 55482K, committed 57280K, reserved 1114112K
  class space    used 8029K, committed 8896K, reserved 1048576K
}
Event: 875.050 GC heap before
{Heap before GC invocations=32 (full 0):
 garbage-first heap   total 180224K, used 48002K [0x0000000700000000, 0x0000000800000000)
  region size 2048K, 4 young (8192K), 1 survivors (2048K)
 Metaspace       used 56136K, committed 57920K, reserved 1114112K
  class space    used 8155K, committed 9024K, reserved 1048576K
}
Event: 875.056 GC heap after
{Heap after GC invocations=33 (full 0):
 garbage-first heap   total 180224K, used 42201K [0x0000000700000000, 0x0000000800000000)
  region size 2048K, 1 young (2048K), 1 survivors (2048K)
 Metaspace       used 56136K, committed 57920K, reserved 1114112K
  class space    used 8155K, committed 9024K, reserved 1048576K
}
Event: 881.001 GC heap before
{Heap before GC invocations=33 (full 0):
 garbage-first heap   total 180224K, used 48345K [0x0000000700000000, 0x0000000800000000)
  region size 2048K, 4 young (8192K), 1 survivors (2048K)
 Metaspace       used 56656K, committed 58496K, reserved 1114112K
  class space    used 8233K, committed 9152K, reserved 1048576K
}
Event: 881.005 GC heap after
{Heap after GC invocations=34 (full 0):
 garbage-first heap   total 180224K, used 42319K [0x0000000700000000, 0x0000000800000000)
  region size 2048K, 1 young (2048K), 1 survivors (2048K)
 Metaspace       used 56656K, committed 58496K, reserved 1114112K
  class space    used 8233K, committed 9152K, reserved 1048576K
}
Event: 916.914 GC heap before
{Heap before GC invocations=34 (full 0):
 garbage-first heap   total 180224K, used 46415K [0x0000000700000000, 0x0000000800000000)
  region size 2048K, 4 young (8192K), 1 survivors (2048K)
 Metaspace       used 56674K, committed 58496K, reserved 1114112K
  class space    used 8234K, committed 9152K, reserved 1048576K
}
Event: 916.997 GC heap after
{Heap after GC invocations=35 (full 0):
 garbage-first heap   total 180224K, used 42313K [0x0000000700000000, 0x0000000800000000)
  region size 2048K, 1 young (2048K), 1 survivors (2048K)
 Metaspace       used 56674K, committed 58496K, reserved 1114112K
  class space    used 8234K, committed 9152K, reserved 1048576K
}
Event: 953.408 GC heap before
{Heap before GC invocations=35 (full 0):
 garbage-first heap   total 180224K, used 46409K [0x0000000700000000, 0x0000000800000000)
  region size 2048K, 4 young (8192K), 1 survivors (2048K)
 Metaspace       used 56687K, committed 58560K, reserved 1114112K
  class space    used 8234K, committed 9152K, reserved 1048576K
}
Event: 953.509 GC heap after
{Heap after GC invocations=36 (full 0):
 garbage-first heap   total 180224K, used 42371K [0x0000000700000000, 0x0000000800000000)
  region size 2048K, 1 young (2048K), 1 survivors (2048K)
 Metaspace       used 56687K, committed 58560K, reserved 1114112K
  class space    used 8234K, committed 9152K, reserved 1048576K
}

