# JRE version: OpenJDK Runtime Environment Temurin-21.0.12.1+1 (21.0.12.1+1) (build 21.0.12.1+1-LTS)
# Java VM: OpenJDK 64-Bit Server VM Temurin-21.0.12.1+1 (21.0.12.1+1-LTS, mixed mode, sharing, tiered, compressed oops, compressed class ptrs, g1 gc, windows-amd64)
GC Precious Log:
 CardTable entry size: 512
 Card Set container configuration: InlinePtr #cards 4 size 8 Array Of Cards #cards 16 size 48 Howl #buckets 8 coarsen threshold 3686 Howl Bitmap #cards 512 size 80 coarsen threshold 460 Card regions per heap region 1 cards per card region 4096
 CPUs: 8 total, 8 available
 Memory: 7502M
 Large Page Support: Disabled
 NUMA Support: Disabled
 Compressed Oops: Enabled (Zero based)
 Heap Region Size: 2M
 Heap Min Capacity: 8M
 Heap Initial Capacity: 118M
 Heap Max Capacity: 4G
 Pre-touch: Disabled
 Parallel Workers: 8
 Concurrent Workers: 2
 Concurrent Refinement Workers: 8
 Periodic GC: Disabled
Heap:
 garbage-first heap   total 126976K, used 26863K [0x0000000700000000, 0x0000000800000000)
  region size 2048K, 2 young (4096K), 1 survivors (2048K)
 Metaspace       used 27056K, committed 28032K, reserved 1114112K
  class space    used 4067K, committed 4544K, reserved 1048576K
GC Heap History (20 events):
Event: 179.554 GC heap before
{Heap before GC invocations=4 (full 0):
 garbage-first heap   total 120832K, used 61257K [0x0000000700000000, 0x0000000800000000)
  region size 2048K, 22 young (45056K), 2 survivors (4096K)
 Metaspace       used 20875K, committed 21504K, reserved 1114112K
  class space    used 3053K, committed 3392K, reserved 1048576K
}
Event: 179.590 GC heap after
{Heap after GC invocations=5 (full 0):
 garbage-first heap   total 120832K, used 25157K [0x0000000700000000, 0x0000000800000000)
  region size 2048K, 4 young (8192K), 4 survivors (8192K)
 Metaspace       used 20875K, committed 21504K, reserved 1114112K
  class space    used 3053K, committed 3392K, reserved 1048576K
}
Event: 250.655 GC heap before
{Heap before GC invocations=6 (full 0):
 garbage-first heap   total 96256K, used 74309K [0x0000000700000000, 0x0000000800000000)
  region size 2048K, 28 young (57344K), 4 survivors (8192K)
 Metaspace       used 26155K, committed 27072K, reserved 1114112K
  class space    used 3915K, committed 4352K, reserved 1048576K
}
Event: 253.613 GC heap after
{Heap after GC invocations=7 (full 0):
 garbage-first heap   total 96256K, used 27144K [0x0000000700000000, 0x0000000800000000)
  region size 2048K, 3 young (6144K), 3 survivors (6144K)
 Metaspace       used 26155K, committed 27072K, reserved 1114112K
  class space    used 3915K, committed 4352K, reserved 1048576K
}
Event: 265.833 GC heap before
{Heap before GC invocations=7 (full 0):
 garbage-first heap   total 96256K, used 29192K [0x0000000700000000, 0x0000000800000000)
  region size 2048K, 4 young (8192K), 3 survivors (6144K)
 Metaspace       used 26160K, committed 27072K, reserved 1114112K
  class space    used 3915K, committed 4352K, reserved 1048576K
}
Event: 265.839 GC heap after
{Heap after GC invocations=8 (full 0):
 garbage-first heap   total 96256K, used 27427K [0x0000000700000000, 0x0000000800000000)
  region size 2048K, 1 young (2048K), 1 survivors (2048K)
 Metaspace       used 26160K, committed 27072K, reserved 1114112K
  class space    used 3915K, committed 4352K, reserved 1048576K
}
Event: 277.326 GC heap before
{Heap before GC invocations=8 (full 0):
 garbage-first heap   total 96256K, used 27427K [0x0000000700000000, 0x0000000800000000)
  region size 2048K, 2 young (4096K), 1 survivors (2048K)
 Metaspace       used 26170K, committed 27072K, reserved 1114112K
  class space    used 3915K, committed 4352K, reserved 1048576K
}
Event: 277.445 GC heap after
{Heap after GC invocations=9 (full 0):
 garbage-first heap   total 96256K, used 26839K [0x0000000700000000, 0x0000000800000000)
  region size 2048K, 1 young (2048K), 1 survivors (2048K)
 Metaspace       used 26170K, committed 27072K, reserved 1114112K
  class space    used 3915K, committed 4352K, reserved 1048576K
}
Event: 290.435 GC heap before
{Heap before GC invocations=9 (full 0):
 garbage-first heap   total 96256K, used 28887K [0x0000000700000000, 0x0000000800000000)
  region size 2048K, 2 young (4096K), 1 survivors (2048K)
 Metaspace       used 26172K, committed 27072K, reserved 1114112K
  class space    used 3915K, committed 4352K, reserved 1048576K
}
Event: 290.438 GC heap after
{Heap after GC invocations=10 (full 0):
 garbage-first heap   total 96256K, used 26820K [0x0000000700000000, 0x0000000800000000)
  region size 2048K, 1 young (2048K), 1 survivors (2048K)
 Metaspace       used 26172K, committed 27072K, reserved 1114112K
  class space    used 3915K, committed 4352K, reserved 1048576K
}
Event: 300.433 GC heap before
{Heap before GC invocations=10 (full 0):
 garbage-first heap   total 96256K, used 28868K [0x0000000700000000, 0x0000000800000000)
  region size 2048K, 2 young (4096K), 1 survivors (2048K)
 Metaspace       used 26174K, committed 27072K, reserved 1114112K
  class space    used 3915K, committed 4352K, reserved 1048576K
}
Event: 300.754 GC heap after
{Heap after GC invocations=11 (full 0):
 garbage-first heap   total 96256K, used 26733K [0x0000000700000000, 0x0000000800000000)
  region size 2048K, 1 young (2048K), 1 survivors (2048K)
 Metaspace       used 26174K, committed 27072K, reserved 1114112K
  class space    used 3915K, committed 4352K, reserved 1048576K
}
Event: 317.450 GC heap before
{Heap before GC invocations=11 (full 0):
 garbage-first heap   total 96256K, used 26733K [0x0000000700000000, 0x0000000800000000)
  region size 2048K, 2 young (4096K), 1 survivors (2048K)
 Metaspace       used 26174K, committed 27072K, reserved 1114112K
  class space    used 3915K, committed 4352K, reserved 1048576K
}
Event: 317.454 GC heap after
{Heap after GC invocations=12 (full 0):
 garbage-first heap   total 126976K, used 26624K [0x0000000700000000, 0x0000000800000000)
  region size 2048K, 1 young (2048K), 1 survivors (2048K)
 Metaspace       used 26174K, committed 27072K, reserved 1114112K
  class space    used 3915K, committed 4352K, reserved 1048576K
}
Event: 324.980 GC heap before
{Heap before GC invocations=12 (full 0):
 garbage-first heap   total 126976K, used 30720K [0x0000000700000000, 0x0000000800000000)
  region size 2048K, 3 young (6144K), 1 survivors (2048K)
 Metaspace       used 26580K, committed 27456K, reserved 1114112K
  class space    used 3991K, committed 4416K, reserved 1048576K
}
Event: 324.984 GC heap after
{Heap after GC invocations=13 (full 0):
 garbage-first heap   total 126976K, used 26807K [0x0000000700000000, 0x0000000800000000)
  region size 2048K, 1 young (2048K), 1 survivors (2048K)
 Metaspace       used 26580K, committed 27456K, reserved 1114112K
  class space    used 3991K, committed 4416K, reserved 1048576K
}
Event: 341.068 GC heap before
{Heap before GC invocations=13 (full 0):
 garbage-first heap   total 126976K, used 30903K [0x0000000700000000, 0x0000000800000000)
  region size 2048K, 3 young (6144K), 1 survivors (2048K)
 Metaspace       used 26841K, committed 27776K, reserved 1114112K
  class space    used 4034K, committed 4480K, reserved 1048576K
}
Event: 351.848 GC heap after
{Heap after GC invocations=14 (full 0):
 garbage-first heap   total 126976K, used 26980K [0x0000000700000000, 0x0000000800000000)
  region size 2048K, 1 young (2048K), 1 survivors (2048K)
 Metaspace       used 26841K, committed 27776K, reserved 1114112K
  class space    used 4034K, committed 4480K, reserved 1048576K
}
Event: 361.175 GC heap before
{Heap before GC invocations=14 (full 0):
 garbage-first heap   total 126976K, used 31076K [0x0000000700000000, 0x0000000800000000)
  region size 2048K, 3 young (6144K), 1 survivors (2048K)
 Metaspace       used 26875K, committed 27840K, reserved 1114112K
  class space    used 4035K, committed 4480K, reserved 1048576K
}
Event: 361.291 GC heap after
{Heap after GC invocations=15 (full 0):
 garbage-first heap   total 126976K, used 26863K [0x0000000700000000, 0x0000000800000000)
  region size 2048K, 1 young (2048K), 1 survivors (2048K)
 Metaspace       used 26875K, committed 27840K, reserved 1114112K
  class space    used 4035K, committed 4480K, reserved 1048576K
}

