# JRE version: OpenJDK Runtime Environment Temurin-21.0.12.1+1 (21.0.12.1+1) (build 21.0.12.1+1-LTS)
# Java VM: OpenJDK 64-Bit Server VM Temurin-21.0.12.1+1 (21.0.12.1+1-LTS, mixed mode, sharing, tiered, compressed oops, compressed class ptrs, g1 gc, windows-amd64)
GC Precious Log:
 CardTable entry size: 512
 Card Set container configuration: InlinePtr #cards 4 size 8 Array Of Cards #cards 16 size 48 Howl #buckets 8 coarsen threshold 3686 Howl Bitmap #cards 512 size 80 coarsen threshold 460 Card regions per heap region 1 cards per card region 4096
 CPUs: 8 total, 8 available
 Memory: 7502M
 Large Page Support: Disabled
 NUMA Support: Disabled
 Compressed Oops: Enabled (Zero based)
 Heap Region Size: 2M
 Heap Min Capacity: 8M
 Heap Initial Capacity: 118M
 Heap Max Capacity: 4G
 Pre-touch: Disabled
 Parallel Workers: 8
 Concurrent Workers: 2
 Concurrent Refinement Workers: 8
 Periodic GC: Disabled
Heap:
 garbage-first heap   total 129024K, used 62576K [0x0000000700000000, 0x0000000800000000)
  region size 2048K, 1 young (2048K), 1 survivors (2048K)
 Metaspace       used 71145K, committed 73280K, reserved 1114112K
  class space    used 10244K, committed 11264K, reserved 1048576K
GC Heap History (20 events):
Event: 737.352 GC heap after
{Heap after GC invocations=27 (full 0):
 garbage-first heap   total 102400K, used 60733K [0x0000000700000000, 0x0000000800000000)
  region size 2048K, 2 young (4096K), 2 survivors (4096K)
 Metaspace       used 69978K, committed 72064K, reserved 1114112K
  class space    used 10112K, committed 11136K, reserved 1048576K
}
Event: 818.299 GC heap before
{Heap before GC invocations=28 (full 0):
 garbage-first heap   total 102400K, used 93501K [0x0000000700000000, 0x0000000800000000)
  region size 2048K, 19 young (38912K), 2 survivors (4096K)
 Metaspace       used 70569K, committed 72640K, reserved 1114112K
  class space    used 10203K, committed 11200K, reserved 1048576K
}
Event: 818.346 GC heap after
{Heap after GC invocations=29 (full 0):
 garbage-first heap   total 102400K, used 61420K [0x0000000700000000, 0x0000000800000000)
  region size 2048K, 2 young (4096K), 2 survivors (4096K)
 Metaspace       used 70569K, committed 72640K, reserved 1114112K
  class space    used 10203K, committed 11200K, reserved 1048576K
}
Event: 959.986 GC heap before
{Heap before GC invocations=29 (full 0):
 garbage-first heap   total 102400K, used 92140K [0x0000000700000000, 0x0000000800000000)
  region size 2048K, 18 young (36864K), 2 survivors (4096K)
 Metaspace       used 70874K, committed 72960K, reserved 1114112K
  class space    used 10217K, committed 11200K, reserved 1048576K
}
Event: 960.386 GC heap after
{Heap after GC invocations=30 (full 0):
 garbage-first heap   total 102400K, used 62408K [0x0000000700000000, 0x0000000800000000)
  region size 2048K, 2 young (4096K), 2 survivors (4096K)
 Metaspace       used 70874K, committed 72960K, reserved 1114112K
  class space    used 10217K, committed 11200K, reserved 1048576K
}
Event: 1135.991 GC heap before
{Heap before GC invocations=30 (full 0):
 garbage-first heap   total 102400K, used 95176K [0x0000000700000000, 0x0000000800000000)
  region size 2048K, 18 young (36864K), 2 survivors (4096K)
 Metaspace       used 71045K, committed 73152K, reserved 1114112K
  class space    used 10236K, committed 11264K, reserved 1048576K
}
Event: 1136.329 GC heap after
{Heap after GC invocations=31 (full 0):
 garbage-first heap   total 102400K, used 62601K [0x0000000700000000, 0x0000000800000000)
  region size 2048K, 2 young (4096K), 2 survivors (4096K)
 Metaspace       used 71045K, committed 73152K, reserved 1114112K
  class space    used 10236K, committed 11264K, reserved 1048576K
}
Event: 1330.083 GC heap before
{Heap before GC invocations=32 (full 0):
 garbage-first heap   total 106496K, used 93321K [0x0000000700000000, 0x0000000800000000)
  region size 2048K, 17 young (34816K), 2 survivors (4096K)
 Metaspace       used 71069K, committed 73216K, reserved 1114112K
  class space    used 10236K, committed 11264K, reserved 1048576K
}
Event: 1330.434 GC heap after
{Heap after GC invocations=33 (full 0):
 garbage-first heap   total 129024K, used 62565K [0x0000000700000000, 0x0000000800000000)
  region size 2048K, 2 young (4096K), 2 survivors (4096K)
 Metaspace       used 71069K, committed 73216K, reserved 1114112K
  class space    used 10236K, committed 11264K, reserved 1048576K
}
Event: 1617.931 GC heap before
{Heap before GC invocations=33 (full 0):
 garbage-first heap   total 129024K, used 115813K [0x0000000700000000, 0x0000000800000000)
  region size 2048K, 29 young (59392K), 2 survivors (4096K)
 Metaspace       used 71140K, committed 73216K, reserved 1114112K
  class space    used 10244K, committed 11264K, reserved 1048576K
}
Event: 1618.706 GC heap after
{Heap after GC invocations=34 (full 0):
 garbage-first heap   total 129024K, used 62455K [0x0000000700000000, 0x0000000800000000)
  region size 2048K, 1 young (2048K), 1 survivors (2048K)
 Metaspace       used 71140K, committed 73216K, reserved 1114112K
  class space    used 10244K, committed 11264K, reserved 1048576K
}
Event: 1642.354 GC heap before
{Heap before GC invocations=35 (full 0):
 garbage-first heap   total 129024K, used 66551K [0x0000000700000000, 0x0000000800000000)
  region size 2048K, 3 young (6144K), 1 survivors (2048K)
 Metaspace       used 71140K, committed 73216K, reserved 1114112K
  class space    used 10244K, committed 11264K, reserved 1048576K
}
Event: 1646.171 GC heap after
{Heap after GC invocations=36 (full 0):
 garbage-first heap   total 129024K, used 62645K [0x0000000700000000, 0x0000000800000000)
  region size 2048K, 1 young (2048K), 1 survivors (2048K)
 Metaspace       used 71140K, committed 73216K, reserved 1114112K
  class space    used 10244K, committed 11264K, reserved 1048576K
}
Event: 1670.927 GC heap before
{Heap before GC invocations=36 (full 0):
 garbage-first heap   total 129024K, used 66741K [0x0000000700000000, 0x0000000800000000)
  region size 2048K, 3 young (6144K), 1 survivors (2048K)
 Metaspace       used 71141K, committed 73216K, reserved 1114112K
  class space    used 10244K, committed 11264K, reserved 1048576K
}
Event: 1671.604 GC heap after
{Heap after GC invocations=37 (full 0):
 garbage-first heap   total 129024K, used 62496K [0x0000000700000000, 0x0000000800000000)
  region size 2048K, 1 young (2048K), 1 survivors (2048K)
 Metaspace       used 71141K, committed 73216K, reserved 1114112K
  class space    used 10244K, committed 11264K, reserved 1048576K
}
Event: 1699.380 GC heap before
{Heap before GC invocations=38 (full 0):
 garbage-first heap   total 129024K, used 66592K [0x0000000700000000, 0x0000000800000000)
  region size 2048K, 3 young (6144K), 1 survivors (2048K)
 Metaspace       used 71144K, committed 73280K, reserved 1114112K
  class space    used 10244K, committed 11264K, reserved 1048576K
}
Event: 1699.532 GC heap after
{Heap after GC invocations=39 (full 0):
 garbage-first heap   total 129024K, used 62605K [0x0000000700000000, 0x0000000800000000)
  region size 2048K, 1 young (2048K), 1 survivors (2048K)
 Metaspace       used 71144K, committed 73280K, reserved 1114112K
  class space    used 10244K, committed 11264K, reserved 1048576K
}
Event: 1727.982 GC heap before
{Heap before GC invocations=39 (full 0):
 garbage-first heap   total 129024K, used 64653K [0x0000000700000000, 0x0000000800000000)
  region size 2048K, 3 young (6144K), 1 survivors (2048K)
 Metaspace       used 71144K, committed 73280K, reserved 1114112K
  class space    used 10244K, committed 11264K, reserved 1048576K
}
Event: 1729.874 GC heap after
{Heap after GC invocations=40 (full 0):
 garbage-first heap   total 129024K, used 62506K [0x0000000700000000, 0x0000000800000000)
  region size 2048K, 1 young (2048K), 1 survivors (2048K)
 Metaspace       used 71144K, committed 73280K, reserved 1114112K
  class space    used 10244K, committed 11264K, reserved 1048576K
}
Event: 1746.688 GC heap before
{Heap before GC invocations=41 (full 0):
 garbage-first heap   total 129024K, used 66602K [0x0000000700000000, 0x0000000800000000)
  region size 2048K, 3 young (6144K), 1 survivors (2048K)
 Metaspace       used 71145K, committed 73280K, reserved 1114112K
  class space    used 10244K, committed 11264K, reserved 1048576K
}

