# JRE version: OpenJDK Runtime Environment Temurin-21.0.12.1+1 (21.0.12.1+1) (build 21.0.12.1+1-LTS)
# Java VM: OpenJDK 64-Bit Server VM Temurin-21.0.12.1+1 (21.0.12.1+1-LTS, mixed mode, sharing, tiered, compressed oops, compressed class ptrs, g1 gc, windows-amd64)
GC Precious Log:
 CardTable entry size: 512
 Card Set container configuration: InlinePtr #cards 4 size 8 Array Of Cards #cards 16 size 48 Howl #buckets 8 coarsen threshold 3686 Howl Bitmap #cards 512 size 80 coarsen threshold 460 Card regions per heap region 1 cards per card region 4096
 CPUs: 8 total, 8 available
 Memory: 7502M
 Large Page Support: Disabled
 NUMA Support: Disabled
 Compressed Oops: Enabled (Zero based)
 Heap Region Size: 2M
 Heap Min Capacity: 8M
 Heap Initial Capacity: 118M
 Heap Max Capacity: 4G
 Pre-touch: Disabled
 Parallel Workers: 8
 Concurrent Workers: 2
 Concurrent Refinement Workers: 8
 Periodic GC: Disabled
Heap:
 garbage-first heap   total 90112K, used 35565K [0x0000000700000000, 0x0000000800000000)
  region size 2048K, 8 young (16384K), 3 survivors (6144K)
 Metaspace       used 25784K, committed 26688K, reserved 1114112K
  class space    used 3847K, committed 4288K, reserved 1048576K
GC Heap History (14 events):
Event: 11.138 GC heap before
{Heap before GC invocations=0 (full 0):
 garbage-first heap   total 120832K, used 22528K [0x0000000700000000, 0x0000000800000000)
  region size 2048K, 11 young (22528K), 0 survivors (0K)
 Metaspace       used 889K, committed 1024K, reserved 1114112K
  class space    used 71K, committed 128K, reserved 1048576K
}
Event: 11.143 GC heap after
{Heap after GC invocations=1 (full 0):
 garbage-first heap   total 120832K, used 1552K [0x0000000700000000, 0x0000000800000000)
  region size 2048K, 1 young (2048K), 1 survivors (2048K)
 Metaspace       used 889K, committed 1024K, reserved 1114112K
  class space    used 71K, committed 128K, reserved 1048576K
}
Event: 33.485 GC heap before
{Heap before GC invocations=1 (full 0):
 garbage-first heap   total 120832K, used 44560K [0x0000000700000000, 0x0000000800000000)
  region size 2048K, 21 young (43008K), 1 survivors (2048K)
 Metaspace       used 4408K, committed 4544K, reserved 1114112K
  class space    used 559K, committed 640K, reserved 1048576K
}
Event: 33.496 GC heap after
{Heap after GC invocations=2 (full 0):
 garbage-first heap   total 120832K, used 11775K [0x0000000700000000, 0x0000000800000000)
  region size 2048K, 3 young (6144K), 3 survivors (6144K)
 Metaspace       used 4408K, committed 4544K, reserved 1114112K
  class space    used 559K, committed 640K, reserved 1048576K
}
Event: 62.424 GC heap before
{Heap before GC invocations=2 (full 0):
 garbage-first heap   total 120832K, used 77311K [0x0000000700000000, 0x0000000800000000)
  region size 2048K, 35 young (71680K), 3 survivors (6144K)
 Metaspace       used 9354K, committed 9664K, reserved 1114112K
  class space    used 1264K, committed 1408K, reserved 1048576K
}
Event: 62.457 GC heap after
{Heap after GC invocations=3 (full 0):
 garbage-first heap   total 120832K, used 20101K [0x0000000700000000, 0x0000000800000000)
  region size 2048K, 4 young (8192K), 4 survivors (8192K)
 Metaspace       used 9354K, committed 9664K, reserved 1114112K
  class space    used 1264K, committed 1408K, reserved 1048576K
}
Event: 255.932 GC heap before
{Heap before GC invocations=3 (full 0):
 garbage-first heap   total 120832K, used 81541K [0x0000000700000000, 0x0000000800000000)
  region size 2048K, 35 young (71680K), 4 survivors (8192K)
 Metaspace       used 15435K, committed 15872K, reserved 1114112K
  class space    used 2116K, committed 2304K, reserved 1048576K
}
Event: 256.424 GC heap after
{Heap after GC invocations=4 (full 0):
 garbage-first heap   total 120832K, used 23003K [0x0000000700000000, 0x0000000800000000)
  region size 2048K, 2 young (4096K), 2 survivors (4096K)
 Metaspace       used 15435K, committed 15872K, reserved 1114112K
  class space    used 2116K, committed 2304K, reserved 1048576K
}
Event: 417.044 GC heap before
{Heap before GC invocations=4 (full 0):
 garbage-first heap   total 120832K, used 53723K [0x0000000700000000, 0x0000000800000000)
  region size 2048K, 17 young (34816K), 2 survivors (4096K)
 Metaspace       used 16847K, committed 17344K, reserved 1114112K
  class space    used 2347K, committed 2560K, reserved 1048576K
}
Event: 417.116 GC heap after
{Heap after GC invocations=5 (full 0):
 garbage-first heap   total 120832K, used 23327K [0x0000000700000000, 0x0000000800000000)
  region size 2048K, 2 young (4096K), 2 survivors (4096K)
 Metaspace       used 16847K, committed 17344K, reserved 1114112K
  class space    used 2347K, committed 2560K, reserved 1048576K
}
Event: 422.453 GC heap before
{Heap before GC invocations=5 (full 0):
 garbage-first heap   total 120832K, used 54047K [0x0000000700000000, 0x0000000800000000)
  region size 2048K, 18 young (36864K), 2 survivors (4096K)
 Metaspace       used 20864K, committed 21504K, reserved 1114112K
  class space    used 3036K, committed 3392K, reserved 1048576K
}
Event: 422.486 GC heap after
{Heap after GC invocations=6 (full 0):
 garbage-first heap   total 120832K, used 25337K [0x0000000700000000, 0x0000000800000000)
  region size 2048K, 3 young (6144K), 3 survivors (6144K)
 Metaspace       used 20864K, committed 21504K, reserved 1114112K
  class space    used 3036K, committed 3392K, reserved 1048576K
}
Event: 429.441 GC heap before
{Heap before GC invocations=7 (full 0):
 garbage-first heap   total 90112K, used 56057K [0x0000000700000000, 0x0000000800000000)
  region size 2048K, 18 young (36864K), 3 survivors (6144K)
 Metaspace       used 24820K, committed 25728K, reserved 1114112K
  class space    used 3688K, committed 4160K, reserved 1048576K
}
Event: 429.484 GC heap after
{Heap after GC invocations=8 (full 0):
 garbage-first heap   total 90112K, used 27373K [0x0000000700000000, 0x0000000800000000)
  region size 2048K, 3 young (6144K), 3 survivors (6144K)
 Metaspace       used 24820K, committed 25728K, reserved 1114112K
  class space    used 3688K, committed 4160K, reserved 1048576K
}

