# JRE version: OpenJDK Runtime Environment Temurin-21.0.12.1+1 (21.0.12.1+1) (build 21.0.12.1+1-LTS)
# Java VM: OpenJDK 64-Bit Server VM Temurin-21.0.12.1+1 (21.0.12.1+1-LTS, mixed mode, sharing, tiered, compressed oops, compressed class ptrs, g1 gc, windows-amd64)
GC Precious Log:
 CardTable entry size: 512
 Card Set container configuration: InlinePtr #cards 4 size 8 Array Of Cards #cards 16 size 48 Howl #buckets 8 coarsen threshold 3686 Howl Bitmap #cards 512 size 80 coarsen threshold 460 Card regions per heap region 1 cards per card region 4096
 CPUs: 8 total, 8 available
 Memory: 7502M
 Large Page Support: Disabled
 NUMA Support: Disabled
 Compressed Oops: Enabled (Zero based)
 Heap Region Size: 2M
 Heap Min Capacity: 8M
 Heap Initial Capacity: 118M
 Heap Max Capacity: 4G
 Pre-touch: Disabled
 Parallel Workers: 8
 Concurrent Workers: 2
 Concurrent Refinement Workers: 8
 Periodic GC: Disabled
Heap:
 garbage-first heap   total 90112K, used 37121K [0x0000000700000000, 0x0000000800000000)
  region size 2048K, 9 young (18432K), 3 survivors (6144K)
 Metaspace       used 27301K, committed 28224K, reserved 1114112K
  class space    used 4091K, committed 4544K, reserved 1048576K
GC Heap History (14 events):
Event: 2.161 GC heap before
{Heap before GC invocations=0 (full 0):
 garbage-first heap   total 120832K, used 22528K [0x0000000700000000, 0x0000000800000000)
  region size 2048K, 11 young (22528K), 0 survivors (0K)
 Metaspace       used 889K, committed 1024K, reserved 1114112K
  class space    used 71K, committed 128K, reserved 1048576K
}
Event: 2.177 GC heap after
{Heap after GC invocations=1 (full 0):
 garbage-first heap   total 120832K, used 1536K [0x0000000700000000, 0x0000000800000000)
  region size 2048K, 1 young (2048K), 1 survivors (2048K)
 Metaspace       used 889K, committed 1024K, reserved 1114112K
  class space    used 71K, committed 128K, reserved 1048576K
}
Event: 5.020 GC heap before
{Heap before GC invocations=1 (full 0):
 garbage-first heap   total 120832K, used 44544K [0x0000000700000000, 0x0000000800000000)
  region size 2048K, 21 young (43008K), 1 survivors (2048K)
 Metaspace       used 4394K, committed 4544K, reserved 1114112K
  class space    used 558K, committed 640K, reserved 1048576K
}
Event: 5.032 GC heap after
{Heap after GC invocations=2 (full 0):
 garbage-first heap   total 120832K, used 11767K [0x0000000700000000, 0x0000000800000000)
  region size 2048K, 3 young (6144K), 3 survivors (6144K)
 Metaspace       used 4394K, committed 4544K, reserved 1114112K
  class space    used 558K, committed 640K, reserved 1048576K
}
Event: 14.618 GC heap before
{Heap before GC invocations=2 (full 0):
 garbage-first heap   total 120832K, used 77303K [0x0000000700000000, 0x0000000800000000)
  region size 2048K, 35 young (71680K), 3 survivors (6144K)
 Metaspace       used 9287K, committed 9600K, reserved 1114112K
  class space    used 1261K, committed 1408K, reserved 1048576K
}
Event: 14.630 GC heap after
{Heap after GC invocations=3 (full 0):
 garbage-first heap   total 120832K, used 20440K [0x0000000700000000, 0x0000000800000000)
  region size 2048K, 5 young (10240K), 5 survivors (10240K)
 Metaspace       used 9287K, committed 9600K, reserved 1114112K
  class space    used 1261K, committed 1408K, reserved 1048576K
}
Event: 120.034 GC heap before
{Heap before GC invocations=3 (full 0):
 garbage-first heap   total 120832K, used 81880K [0x0000000700000000, 0x0000000800000000)
  region size 2048K, 35 young (71680K), 5 survivors (10240K)
 Metaspace       used 17191K, committed 17728K, reserved 1114112K
  class space    used 2412K, committed 2624K, reserved 1048576K
}
Event: 120.172 GC heap after
{Heap after GC invocations=4 (full 0):
 garbage-first heap   total 120832K, used 22897K [0x0000000700000000, 0x0000000800000000)
  region size 2048K, 2 young (4096K), 2 survivors (4096K)
 Metaspace       used 17191K, committed 17728K, reserved 1114112K
  class space    used 2412K, committed 2624K, reserved 1048576K
}
Event: 139.428 GC heap before
{Heap before GC invocations=4 (full 0):
 garbage-first heap   total 120832K, used 53617K [0x0000000700000000, 0x0000000800000000)
  region size 2048K, 18 young (36864K), 2 survivors (4096K)
 Metaspace       used 20798K, committed 21504K, reserved 1114112K
  class space    used 3037K, committed 3392K, reserved 1048576K
}
Event: 139.456 GC heap after
{Heap after GC invocations=5 (full 0):
 garbage-first heap   total 120832K, used 25208K [0x0000000700000000, 0x0000000800000000)
  region size 2048K, 3 young (6144K), 3 survivors (6144K)
 Metaspace       used 20798K, committed 21504K, reserved 1114112K
  class space    used 3037K, committed 3392K, reserved 1048576K
}
Event: 203.773 GC heap before
{Heap before GC invocations=6 (full 0):
 garbage-first heap   total 90112K, used 72312K [0x0000000700000000, 0x0000000800000000)
  region size 2048K, 26 young (53248K), 3 survivors (6144K)
 Metaspace       used 26198K, committed 27072K, reserved 1114112K
  class space    used 3918K, committed 4352K, reserved 1048576K
}
Event: 203.944 GC heap after
{Heap after GC invocations=7 (full 0):
 garbage-first heap   total 90112K, used 27002K [0x0000000700000000, 0x0000000800000000)
  region size 2048K, 3 young (6144K), 3 survivors (6144K)
 Metaspace       used 26198K, committed 27072K, reserved 1114112K
  class space    used 3918K, committed 4352K, reserved 1048576K
}
Event: 461.275 GC heap before
{Heap before GC invocations=7 (full 0):
 garbage-first heap   total 90112K, used 72058K [0x0000000700000000, 0x0000000800000000)
  region size 2048K, 25 young (51200K), 3 survivors (6144K)
 Metaspace       used 26966K, committed 27904K, reserved 1114112K
  class space    used 4037K, committed 4480K, reserved 1048576K
}
Event: 461.462 GC heap after
{Heap after GC invocations=8 (full 0):
 garbage-first heap   total 90112K, used 26881K [0x0000000700000000, 0x0000000800000000)
  region size 2048K, 3 young (6144K), 3 survivors (6144K)
 Metaspace       used 26966K, committed 27904K, reserved 1114112K
  class space    used 4037K, committed 4480K, reserved 1048576K
}

