# JRE version: OpenJDK Runtime Environment Temurin-21.0.12.1+1 (21.0.12.1+1) (build 21.0.12.1+1-LTS)
# Java VM: OpenJDK 64-Bit Server VM Temurin-21.0.12.1+1 (21.0.12.1+1-LTS, mixed mode, sharing, tiered, compressed oops, compressed class ptrs, g1 gc, windows-amd64)
GC Precious Log:
 CardTable entry size: 512
 Card Set container configuration: InlinePtr #cards 4 size 8 Array Of Cards #cards 16 size 48 Howl #buckets 8 coarsen threshold 3686 Howl Bitmap #cards 512 size 80 coarsen threshold 460 Card regions per heap region 1 cards per card region 4096
 CPUs: 8 total, 8 available
 Memory: 7502M
 Large Page Support: Disabled
 NUMA Support: Disabled
 Compressed Oops: Enabled (Zero based)
 Heap Region Size: 2M
 Heap Min Capacity: 8M
 Heap Initial Capacity: 118M
 Heap Max Capacity: 4G
 Pre-touch: Disabled
 Parallel Workers: 8
 Concurrent Workers: 2
 Concurrent Refinement Workers: 8
 Periodic GC: Disabled
Heap:
 garbage-first heap   total 120832K, used 22532K [0x0000000700000000, 0x0000000800000000)
  region size 2048K, 1 young (2048K), 1 survivors (2048K)
 Metaspace       used 15757K, committed 16256K, reserved 1114112K
  class space    used 2155K, committed 2368K, reserved 1048576K
GC Heap History (20 events):
Event: 3.933 GC heap after
{Heap after GC invocations=1 (full 0):
 garbage-first heap   total 120832K, used 1536K [0x0000000700000000, 0x0000000800000000)
  region size 2048K, 1 young (2048K), 1 survivors (2048K)
 Metaspace       used 894K, committed 1024K, reserved 1114112K
  class space    used 71K, committed 128K, reserved 1048576K
}
Event: 8.140 GC heap before
{Heap before GC invocations=1 (full 0):
 garbage-first heap   total 120832K, used 44544K [0x0000000700000000, 0x0000000800000000)
  region size 2048K, 21 young (43008K), 1 survivors (2048K)
 Metaspace       used 4412K, committed 4544K, reserved 1114112K
  class space    used 559K, committed 640K, reserved 1048576K
}
Event: 8.152 GC heap after
{Heap after GC invocations=2 (full 0):
 garbage-first heap   total 120832K, used 12417K [0x0000000700000000, 0x0000000800000000)
  region size 2048K, 3 young (6144K), 3 survivors (6144K)
 Metaspace       used 4412K, committed 4544K, reserved 1114112K
  class space    used 559K, committed 640K, reserved 1048576K
}
Event: 16.482 GC heap before
{Heap before GC invocations=2 (full 0):
 garbage-first heap   total 120832K, used 75905K [0x0000000700000000, 0x0000000800000000)
  region size 2048K, 35 young (71680K), 3 survivors (6144K)
 Metaspace       used 9406K, committed 9792K, reserved 1114112K
  class space    used 1275K, committed 1472K, reserved 1048576K
}
Event: 16.554 GC heap after
{Heap after GC invocations=3 (full 0):
 garbage-first heap   total 120832K, used 19648K [0x0000000700000000, 0x0000000800000000)
  region size 2048K, 5 young (10240K), 5 survivors (10240K)
 Metaspace       used 9406K, committed 9792K, reserved 1114112K
  class space    used 1275K, committed 1472K, reserved 1048576K
}
Event: 204.927 GC heap before
{Heap before GC invocations=3 (full 0):
 garbage-first heap   total 120832K, used 81088K [0x0000000700000000, 0x0000000800000000)
  region size 2048K, 35 young (71680K), 5 survivors (10240K)
 Metaspace       used 15704K, committed 16192K, reserved 1114112K
  class space    used 2155K, committed 2368K, reserved 1048576K
}
Event: 212.217 GC heap after
{Heap after GC invocations=4 (full 0):
 garbage-first heap   total 120832K, used 22778K [0x0000000700000000, 0x0000000800000000)
  region size 2048K, 2 young (4096K), 2 survivors (4096K)
 Metaspace       used 15704K, committed 16192K, reserved 1114112K
  class space    used 2155K, committed 2368K, reserved 1048576K
}
Event: 217.486 GC heap before
{Heap before GC invocations=4 (full 0):
 garbage-first heap   total 120832K, used 24826K [0x0000000700000000, 0x0000000800000000)
  region size 2048K, 3 young (6144K), 2 survivors (4096K)
 Metaspace       used 15706K, committed 16192K, reserved 1114112K
  class space    used 2155K, committed 2368K, reserved 1048576K
}
Event: 218.263 GC heap after
{Heap after GC invocations=5 (full 0):
 garbage-first heap   total 120832K, used 23080K [0x0000000700000000, 0x0000000800000000)
  region size 2048K, 1 young (2048K), 1 survivors (2048K)
 Metaspace       used 15706K, committed 16192K, reserved 1114112K
  class space    used 2155K, committed 2368K, reserved 1048576K
}
Event: 234.238 GC heap before
{Heap before GC invocations=5 (full 0):
 garbage-first heap   total 120832K, used 25128K [0x0000000700000000, 0x0000000800000000)
  region size 2048K, 2 young (4096K), 1 survivors (2048K)
 Metaspace       used 15710K, committed 16192K, reserved 1114112K
  class space    used 2155K, committed 2368K, reserved 1048576K
}
Event: 234.241 GC heap after
{Heap after GC invocations=6 (full 0):
 garbage-first heap   total 120832K, used 22661K [0x0000000700000000, 0x0000000800000000)
  region size 2048K, 1 young (2048K), 1 survivors (2048K)
 Metaspace       used 15710K, committed 16192K, reserved 1114112K
  class space    used 2155K, committed 2368K, reserved 1048576K
}
Event: 246.585 GC heap before
{Heap before GC invocations=6 (full 0):
 garbage-first heap   total 120832K, used 24709K [0x0000000700000000, 0x0000000800000000)
  region size 2048K, 2 young (4096K), 1 survivors (2048K)
 Metaspace       used 15724K, committed 16192K, reserved 1114112K
  class space    used 2155K, committed 2368K, reserved 1048576K
}
Event: 246.594 GC heap after
{Heap after GC invocations=7 (full 0):
 garbage-first heap   total 120832K, used 22791K [0x0000000700000000, 0x0000000800000000)
  region size 2048K, 1 young (2048K), 1 survivors (2048K)
 Metaspace       used 15724K, committed 16192K, reserved 1114112K
  class space    used 2155K, committed 2368K, reserved 1048576K
}
Event: 256.793 GC heap before
{Heap before GC invocations=7 (full 0):
 garbage-first heap   total 120832K, used 24839K [0x0000000700000000, 0x0000000800000000)
  region size 2048K, 2 young (4096K), 1 survivors (2048K)
 Metaspace       used 15728K, committed 16192K, reserved 1114112K
  class space    used 2155K, committed 2368K, reserved 1048576K
}
Event: 256.999 GC heap after
{Heap after GC invocations=8 (full 0):
 garbage-first heap   total 120832K, used 22535K [0x0000000700000000, 0x0000000800000000)
  region size 2048K, 1 young (2048K), 1 survivors (2048K)
 Metaspace       used 15728K, committed 16192K, reserved 1114112K
  class space    used 2155K, committed 2368K, reserved 1048576K
}
Event: 273.269 GC heap before
{Heap before GC invocations=8 (full 0):
 garbage-first heap   total 120832K, used 22535K [0x0000000700000000, 0x0000000800000000)
  region size 2048K, 2 young (4096K), 1 survivors (2048K)
 Metaspace       used 15753K, committed 16192K, reserved 1114112K
  class space    used 2155K, committed 2368K, reserved 1048576K
}
Event: 273.280 GC heap after
{Heap after GC invocations=9 (full 0):
 garbage-first heap   total 120832K, used 22522K [0x0000000700000000, 0x0000000800000000)
  region size 2048K, 1 young (2048K), 1 survivors (2048K)
 Metaspace       used 15753K, committed 16192K, reserved 1114112K
  class space    used 2155K, committed 2368K, reserved 1048576K
}
Event: 286.542 GC heap before
{Heap before GC invocations=9 (full 0):
 garbage-first heap   total 120832K, used 24570K [0x0000000700000000, 0x0000000800000000)
  region size 2048K, 2 young (4096K), 1 survivors (2048K)
 Metaspace       used 15754K, committed 16256K, reserved 1114112K
  class space    used 2155K, committed 2368K, reserved 1048576K
}
Event: 286.827 GC heap after
{Heap after GC invocations=10 (full 0):
 garbage-first heap   total 120832K, used 22604K [0x0000000700000000, 0x0000000800000000)
  region size 2048K, 1 young (2048K), 1 survivors (2048K)
 Metaspace       used 15754K, committed 16256K, reserved 1114112K
  class space    used 2155K, committed 2368K, reserved 1048576K
}
Event: 303.225 GC heap before
{Heap before GC invocations=10 (full 0):
 garbage-first heap   total 120832K, used 24652K [0x0000000700000000, 0x0000000800000000)
  region size 2048K, 2 young (4096K), 1 survivors (2048K)
 Metaspace       used 15757K, committed 16256K, reserved 1114112K
  class space    used 2155K, committed 2368K, reserved 1048576K
}

