# JRE version: OpenJDK Runtime Environment Temurin-21.0.12.1+1 (21.0.12.1+1) (build 21.0.12.1+1-LTS)
# Java VM: OpenJDK 64-Bit Server VM Temurin-21.0.12.1+1 (21.0.12.1+1-LTS, mixed mode, sharing, tiered, compressed oops, compressed class ptrs, g1 gc, windows-amd64)
GC Precious Log:
 CardTable entry size: 512
 Card Set container configuration: InlinePtr #cards 4 size 8 Array Of Cards #cards 16 size 48 Howl #buckets 8 coarsen threshold 3686 Howl Bitmap #cards 512 size 80 coarsen threshold 460 Card regions per heap region 1 cards per card region 4096
 CPUs: 8 total, 8 available
 Memory: 7502M
 Large Page Support: Disabled
 NUMA Support: Disabled
 Compressed Oops: Enabled (Zero based)
 Heap Region Size: 2M
 Heap Min Capacity: 8M
 Heap Initial Capacity: 118M
 Heap Max Capacity: 4G
 Pre-touch: Disabled
 Parallel Workers: 8
 Concurrent Workers: 2
 Concurrent Refinement Workers: 8
 Periodic GC: Disabled
Heap:
 garbage-first heap   total 90112K, used 58065K [0x0000000700000000, 0x0000000800000000)
  region size 2048K, 19 young (38912K), 3 survivors (6144K)
 Metaspace       used 28113K, committed 28992K, reserved 1114112K
  class space    used 4182K, committed 4608K, reserved 1048576K
GC Heap History (12 events):
Event: 1.349 GC heap before
{Heap before GC invocations=0 (full 0):
 garbage-first heap   total 120832K, used 22528K [0x0000000700000000, 0x0000000800000000)
  region size 2048K, 11 young (22528K), 0 survivors (0K)
 Metaspace       used 886K, committed 1024K, reserved 1114112K
  class space    used 71K, committed 128K, reserved 1048576K
}
Event: 1.359 GC heap after
{Heap after GC invocations=1 (full 0):
 garbage-first heap   total 120832K, used 1536K [0x0000000700000000, 0x0000000800000000)
  region size 2048K, 1 young (2048K), 1 survivors (2048K)
 Metaspace       used 886K, committed 1024K, reserved 1114112K
  class space    used 71K, committed 128K, reserved 1048576K
}
Event: 3.846 GC heap before
{Heap before GC invocations=1 (full 0):
 garbage-first heap   total 120832K, used 44544K [0x0000000700000000, 0x0000000800000000)
  region size 2048K, 21 young (43008K), 1 survivors (2048K)
 Metaspace       used 4426K, committed 4608K, reserved 1114112K
  class space    used 559K, committed 640K, reserved 1048576K
}
Event: 3.857 GC heap after
{Heap after GC invocations=2 (full 0):
 garbage-first heap   total 120832K, used 11818K [0x0000000700000000, 0x0000000800000000)
  region size 2048K, 3 young (6144K), 3 survivors (6144K)
 Metaspace       used 4426K, committed 4608K, reserved 1114112K
  class space    used 559K, committed 640K, reserved 1048576K
}
Event: 12.793 GC heap before
{Heap before GC invocations=2 (full 0):
 garbage-first heap   total 120832K, used 77354K [0x0000000700000000, 0x0000000800000000)
  region size 2048K, 35 young (71680K), 3 survivors (6144K)
 Metaspace       used 9686K, committed 10048K, reserved 1114112K
  class space    used 1314K, committed 1472K, reserved 1048576K
}
Event: 12.849 GC heap after
{Heap after GC invocations=3 (full 0):
 garbage-first heap   total 120832K, used 19884K [0x0000000700000000, 0x0000000800000000)
  region size 2048K, 4 young (8192K), 4 survivors (8192K)
 Metaspace       used 9686K, committed 10048K, reserved 1114112K
  class space    used 1314K, committed 1472K, reserved 1048576K
}
Event: 164.866 GC heap before
{Heap before GC invocations=3 (full 0):
 garbage-first heap   total 120832K, used 83372K [0x0000000700000000, 0x0000000800000000)
  region size 2048K, 35 young (71680K), 4 survivors (8192K)
 Metaspace       used 16517K, committed 16960K, reserved 1114112K
  class space    used 2289K, committed 2496K, reserved 1048576K
}
Event: 165.030 GC heap after
{Heap after GC invocations=4 (full 0):
 garbage-first heap   total 120832K, used 22699K [0x0000000700000000, 0x0000000800000000)
  region size 2048K, 2 young (4096K), 2 survivors (4096K)
 Metaspace       used 16517K, committed 16960K, reserved 1114112K
  class space    used 2289K, committed 2496K, reserved 1048576K
}
Event: 171.358 GC heap before
{Heap before GC invocations=4 (full 0):
 garbage-first heap   total 120832K, used 57515K [0x0000000700000000, 0x0000000800000000)
  region size 2048K, 20 young (40960K), 2 survivors (4096K)
 Metaspace       used 20843K, committed 21504K, reserved 1114112K
  class space    used 3044K, committed 3392K, reserved 1048576K
}
Event: 171.380 GC heap after
{Heap after GC invocations=5 (full 0):
 garbage-first heap   total 120832K, used 24897K [0x0000000700000000, 0x0000000800000000)
  region size 2048K, 3 young (6144K), 3 survivors (6144K)
 Metaspace       used 20843K, committed 21504K, reserved 1114112K
  class space    used 3044K, committed 3392K, reserved 1048576K
}
Event: 182.340 GC heap before
{Heap before GC invocations=6 (full 0):
 garbage-first heap   total 90112K, used 72001K [0x0000000700000000, 0x0000000800000000)
  region size 2048K, 26 young (53248K), 3 survivors (6144K)
 Metaspace       used 27099K, committed 28032K, reserved 1114112K
  class space    used 4030K, committed 4480K, reserved 1048576K
}
Event: 182.355 GC heap after
{Heap after GC invocations=7 (full 0):
 garbage-first heap   total 90112K, used 27345K [0x0000000700000000, 0x0000000800000000)
  region size 2048K, 3 young (6144K), 3 survivors (6144K)
 Metaspace       used 27099K, committed 28032K, reserved 1114112K
  class space    used 4030K, committed 4480K, reserved 1048576K
}

