# JRE version: OpenJDK Runtime Environment Temurin-21.0.12.1+1 (21.0.12.1+1) (build 21.0.12.1+1-LTS)
# Java VM: OpenJDK 64-Bit Server VM Temurin-21.0.12.1+1 (21.0.12.1+1-LTS, mixed mode, sharing, tiered, compressed oops, compressed class ptrs, g1 gc, windows-amd64)
GC Precious Log:
 CardTable entry size: 512
 Card Set container configuration: InlinePtr #cards 4 size 8 Array Of Cards #cards 16 size 48 Howl #buckets 8 coarsen threshold 3686 Howl Bitmap #cards 512 size 80 coarsen threshold 460 Card regions per heap region 1 cards per card region 4096
 CPUs: 8 total, 8 available
 Memory: 7502M
 Large Page Support: Disabled
 NUMA Support: Disabled
 Compressed Oops: Enabled (Zero based)
 Heap Region Size: 2M
 Heap Min Capacity: 8M
 Heap Initial Capacity: 118M
 Heap Max Capacity: 4G
 Pre-touch: Disabled
 Parallel Workers: 8
 Concurrent Workers: 2
 Concurrent Refinement Workers: 8
 Periodic GC: Disabled
Heap:
 garbage-first heap   total 262144K, used 38236K [0x0000000700000000, 0x0000000800000000)
  region size 2048K, 1 young (2048K), 1 survivors (2048K)
 Metaspace       used 48223K, committed 49856K, reserved 1114112K
  class space    used 6932K, committed 7744K, reserved 1048576K
GC Heap History (20 events):
Event: 1289.942 GC heap after
{Heap after GC invocations=25 (full 0):
 garbage-first heap   total 262144K, used 37888K [0x0000000700000000, 0x0000000800000000)
  region size 2048K, 1 young (2048K), 1 survivors (2048K)
 Metaspace       used 48157K, committed 49792K, reserved 1114112K
  class space    used 6930K, committed 7744K, reserved 1048576K
}
Event: 1365.091 GC heap before
{Heap before GC invocations=25 (full 0):
 garbage-first heap   total 262144K, used 48128K [0x0000000700000000, 0x0000000800000000)
  region size 2048K, 6 young (12288K), 1 survivors (2048K)
 Metaspace       used 48165K, committed 49792K, reserved 1114112K
  class space    used 6930K, committed 7744K, reserved 1048576K
}
Event: 1372.651 GC heap after
{Heap after GC invocations=26 (full 0):
 garbage-first heap   total 262144K, used 37917K [0x0000000700000000, 0x0000000800000000)
  region size 2048K, 1 young (2048K), 1 survivors (2048K)
 Metaspace       used 48165K, committed 49792K, reserved 1114112K
  class space    used 6930K, committed 7744K, reserved 1048576K
}
Event: 1440.485 GC heap before
{Heap before GC invocations=26 (full 0):
 garbage-first heap   total 262144K, used 48157K [0x0000000700000000, 0x0000000800000000)
  region size 2048K, 6 young (12288K), 1 survivors (2048K)
 Metaspace       used 48175K, committed 49792K, reserved 1114112K
  class space    used 6930K, committed 7744K, reserved 1048576K
}
Event: 1440.697 GC heap after
{Heap after GC invocations=27 (full 0):
 garbage-first heap   total 262144K, used 37873K [0x0000000700000000, 0x0000000800000000)
  region size 2048K, 1 young (2048K), 1 survivors (2048K)
 Metaspace       used 48175K, committed 49792K, reserved 1114112K
  class space    used 6930K, committed 7744K, reserved 1048576K
}
Event: 1505.297 GC heap before
{Heap before GC invocations=27 (full 0):
 garbage-first heap   total 262144K, used 48113K [0x0000000700000000, 0x0000000800000000)
  region size 2048K, 6 young (12288K), 1 survivors (2048K)
 Metaspace       used 48182K, committed 49792K, reserved 1114112K
  class space    used 6932K, committed 7744K, reserved 1048576K
}
Event: 1505.416 GC heap after
{Heap after GC invocations=28 (full 0):
 garbage-first heap   total 262144K, used 38190K [0x0000000700000000, 0x0000000800000000)
  region size 2048K, 1 young (2048K), 1 survivors (2048K)
 Metaspace       used 48182K, committed 49792K, reserved 1114112K
  class space    used 6932K, committed 7744K, reserved 1048576K
}
Event: 1574.701 GC heap before
{Heap before GC invocations=28 (full 0):
 garbage-first heap   total 262144K, used 48430K [0x0000000700000000, 0x0000000800000000)
  region size 2048K, 6 young (12288K), 1 survivors (2048K)
 Metaspace       used 48186K, committed 49856K, reserved 1114112K
  class space    used 6932K, committed 7744K, reserved 1048576K
}
Event: 1587.458 GC heap after
{Heap after GC invocations=29 (full 0):
 garbage-first heap   total 262144K, used 38121K [0x0000000700000000, 0x0000000800000000)
  region size 2048K, 1 young (2048K), 1 survivors (2048K)
 Metaspace       used 48186K, committed 49856K, reserved 1114112K
  class space    used 6932K, committed 7744K, reserved 1048576K
}
Event: 1652.027 GC heap before
{Heap before GC invocations=29 (full 0):
 garbage-first heap   total 262144K, used 48361K [0x0000000700000000, 0x0000000800000000)
  region size 2048K, 6 young (12288K), 1 survivors (2048K)
 Metaspace       used 48187K, committed 49856K, reserved 1114112K
  class space    used 6932K, committed 7744K, reserved 1048576K
}
Event: 1652.128 GC heap after
{Heap after GC invocations=30 (full 0):
 garbage-first heap   total 262144K, used 37919K [0x0000000700000000, 0x0000000800000000)
  region size 2048K, 1 young (2048K), 1 survivors (2048K)
 Metaspace       used 48187K, committed 49856K, reserved 1114112K
  class space    used 6932K, committed 7744K, reserved 1048576K
}
Event: 1725.431 GC heap before
{Heap before GC invocations=30 (full 0):
 garbage-first heap   total 262144K, used 48159K [0x0000000700000000, 0x0000000800000000)
  region size 2048K, 6 young (12288K), 1 survivors (2048K)
 Metaspace       used 48190K, committed 49856K, reserved 1114112K
  class space    used 6932K, committed 7744K, reserved 1048576K
}
Event: 1725.588 GC heap after
{Heap after GC invocations=31 (full 0):
 garbage-first heap   total 262144K, used 38326K [0x0000000700000000, 0x0000000800000000)
  region size 2048K, 1 young (2048K), 1 survivors (2048K)
 Metaspace       used 48190K, committed 49856K, reserved 1114112K
  class space    used 6932K, committed 7744K, reserved 1048576K
}
Event: 1796.648 GC heap before
{Heap before GC invocations=31 (full 0):
 garbage-first heap   total 262144K, used 48566K [0x0000000700000000, 0x0000000800000000)
  region size 2048K, 6 young (12288K), 1 survivors (2048K)
 Metaspace       used 48201K, committed 49856K, reserved 1114112K
  class space    used 6932K, committed 7744K, reserved 1048576K
}
Event: 1796.815 GC heap after
{Heap after GC invocations=32 (full 0):
 garbage-first heap   total 262144K, used 38084K [0x0000000700000000, 0x0000000800000000)
  region size 2048K, 1 young (2048K), 1 survivors (2048K)
 Metaspace       used 48201K, committed 49856K, reserved 1114112K
  class space    used 6932K, committed 7744K, reserved 1048576K
}
Event: 1872.788 GC heap before
{Heap before GC invocations=32 (full 0):
 garbage-first heap   total 262144K, used 48324K [0x0000000700000000, 0x0000000800000000)
  region size 2048K, 6 young (12288K), 1 survivors (2048K)
 Metaspace       used 48212K, committed 49856K, reserved 1114112K
  class space    used 6932K, committed 7744K, reserved 1048576K
}
Event: 1872.890 GC heap after
{Heap after GC invocations=33 (full 0):
 garbage-first heap   total 262144K, used 37990K [0x0000000700000000, 0x0000000800000000)
  region size 2048K, 1 young (2048K), 1 survivors (2048K)
 Metaspace       used 48212K, committed 49856K, reserved 1114112K
  class space    used 6932K, committed 7744K, reserved 1048576K
}
Event: 1953.849 GC heap before
{Heap before GC invocations=33 (full 0):
 garbage-first heap   total 262144K, used 48230K [0x0000000700000000, 0x0000000800000000)
  region size 2048K, 6 young (12288K), 1 survivors (2048K)
 Metaspace       used 48212K, committed 49856K, reserved 1114112K
  class space    used 6932K, committed 7744K, reserved 1048576K
}
Event: 1967.696 GC heap after
{Heap after GC invocations=34 (full 0):
 garbage-first heap   total 262144K, used 38213K [0x0000000700000000, 0x0000000800000000)
  region size 2048K, 1 young (2048K), 1 survivors (2048K)
 Metaspace       used 48212K, committed 49856K, reserved 1114112K
  class space    used 6932K, committed 7744K, reserved 1048576K
}
Event: 2015.699 GC heap before
{Heap before GC invocations=34 (full 0):
 garbage-first heap   total 262144K, used 46405K [0x0000000700000000, 0x0000000800000000)
  region size 2048K, 6 young (12288K), 1 survivors (2048K)
 Metaspace       used 48223K, committed 49856K, reserved 1114112K
  class space    used 6932K, committed 7744K, reserved 1048576K
}

