# JRE version: OpenJDK Runtime Environment Temurin-21.0.12.1+1 (21.0.12.1+1) (build 21.0.12.1+1-LTS)
# Java VM: OpenJDK 64-Bit Server VM Temurin-21.0.12.1+1 (21.0.12.1+1-LTS, mixed mode, tiered, compressed oops, compressed class ptrs, g1 gc, windows-amd64)
GC Precious Log:
 CardTable entry size: 512
 Card Set container configuration: InlinePtr #cards 4 size 8 Array Of Cards #cards 16 size 48 Howl #buckets 8 coarsen threshold 3686 Howl Bitmap #cards 512 size 80 coarsen threshold 460 Card regions per heap region 1 cards per card region 4096
 CPUs: 8 total, 8 available
 Memory: 7502M
 Large Page Support: Disabled
 NUMA Support: Disabled
 Compressed Oops: Enabled (Zero based)
 Heap Region Size: 2M
 Heap Min Capacity: 8M
 Heap Initial Capacity: 118M
 Heap Max Capacity: 4G
 Pre-touch: Disabled
 Parallel Workers: 8
 Concurrent Workers: 2
 Concurrent Refinement Workers: 8
 Periodic GC: Disabled
Heap:
 garbage-first heap   total 75776K, used 46696K [0x0000000700000000, 0x0000000800000000)
  region size 2048K, 15 young (30720K), 2 survivors (4096K)
 Metaspace       used 25950K, committed 26496K, reserved 1114112K
  class space    used 3204K, committed 3456K, reserved 1048576K
GC Heap History (10 events):
Event: 16.957 GC heap before
{Heap before GC invocations=0 (full 0):
 garbage-first heap   total 120832K, used 22528K [0x0000000700000000, 0x0000000800000000)
  region size 2048K, 11 young (22528K), 0 survivors (0K)
 Metaspace       used 7092K, committed 7232K, reserved 1114112K
  class space    used 649K, committed 704K, reserved 1048576K
}
Event: 16.978 GC heap after
{Heap after GC invocations=1 (full 0):
 garbage-first heap   total 120832K, used 1536K [0x0000000700000000, 0x0000000800000000)
  region size 2048K, 1 young (2048K), 1 survivors (2048K)
 Metaspace       used 7092K, committed 7232K, reserved 1114112K
  class space    used 649K, committed 704K, reserved 1048576K
}
Event: 27.118 GC heap before
{Heap before GC invocations=1 (full 0):
 garbage-first heap   total 120832K, used 44544K [0x0000000700000000, 0x0000000800000000)
  region size 2048K, 21 young (43008K), 1 survivors (2048K)
 Metaspace       used 11647K, committed 11840K, reserved 1114112K
  class space    used 1246K, committed 1344K, reserved 1048576K
}
Event: 27.132 GC heap after
{Heap after GC invocations=2 (full 0):
 garbage-first heap   total 120832K, used 11782K [0x0000000700000000, 0x0000000800000000)
  region size 2048K, 3 young (6144K), 3 survivors (6144K)
 Metaspace       used 11647K, committed 11840K, reserved 1114112K
  class space    used 1246K, committed 1344K, reserved 1048576K
}
Event: 36.784 GC heap before
{Heap before GC invocations=2 (full 0):
 garbage-first heap   total 120832K, used 77318K [0x0000000700000000, 0x0000000800000000)
  region size 2048K, 35 young (71680K), 3 survivors (6144K)
 Metaspace       used 18352K, committed 18752K, reserved 1114112K
  class space    used 2101K, committed 2304K, reserved 1048576K
}
Event: 36.806 GC heap after
{Heap after GC invocations=3 (full 0):
 garbage-first heap   total 120832K, used 20078K [0x0000000700000000, 0x0000000800000000)
  region size 2048K, 4 young (8192K), 4 survivors (8192K)
 Metaspace       used 18352K, committed 18752K, reserved 1114112K
  class space    used 2101K, committed 2304K, reserved 1048576K
}
Event: 40.830 GC heap before
{Heap before GC invocations=3 (full 0):
 garbage-first heap   total 120832K, used 34414K [0x0000000700000000, 0x0000000800000000)
  region size 2048K, 12 young (24576K), 4 survivors (8192K)
 Metaspace       used 21102K, committed 21504K, reserved 1114112K
  class space    used 2483K, committed 2688K, reserved 1048576K
}
Event: 40.843 GC heap after
{Heap after GC invocations=4 (full 0):
 garbage-first heap   total 120832K, used 21115K [0x0000000700000000, 0x0000000800000000)
  region size 2048K, 1 young (2048K), 1 survivors (2048K)
 Metaspace       used 21102K, committed 21504K, reserved 1114112K
  class space    used 2483K, committed 2688K, reserved 1048576K
}
Event: 206.871 GC heap before
{Heap before GC invocations=5 (full 0):
 garbage-first heap   total 75776K, used 64123K [0x0000000700000000, 0x0000000800000000)
  region size 2048K, 22 young (45056K), 1 survivors (2048K)
 Metaspace       used 24412K, committed 24832K, reserved 1114112K
  class space    used 2956K, committed 3136K, reserved 1048576K
}
Event: 206.984 GC heap after
{Heap after GC invocations=6 (full 0):
 garbage-first heap   total 75776K, used 22120K [0x0000000700000000, 0x0000000800000000)
  region size 2048K, 2 young (4096K), 2 survivors (4096K)
 Metaspace       used 24412K, committed 24832K, reserved 1114112K
  class space    used 2956K, committed 3136K, reserved 1048576K
}

